[ 2017-10-29T13:12:17+08:00 ] 101.226.33.237 /
INFO: [ app_init ] --START--
INFO: Run Common\Behavior\InitHook [ RunTime:0.000269s ]
INFO: [ app_init ] --END-- [ RunTime:0.000360s ]
INFO: [ app_begin ] --START--
INFO: Run Behavior\ReadHtmlCache [ RunTime:0.000037s ]
INFO: [ app_begin ] --END-- [ RunTime:0.000081s ]

[ 2017-10-29T13:12:17+08:00 ] 101.226.33.237 /index.php?s=/Home/Shop/index.html
INFO: [ app_init ] --START--
INFO: Run Common\Behavior\InitHook [ RunTime:0.000260s ]
INFO: [ app_init ] --END-- [ RunTime:0.000369s ]
INFO: [ app_begin ] --START--
INFO: Run Behavior\ReadHtmlCache [ RunTime:0.000031s ]
INFO: [ app_begin ] --END-- [ RunTime:0.000067s ]

[ 2017-10-29T13:12:20+08:00 ] 180.163.2.88 /
INFO: [ app_init ] --START--
INFO: Run Common\Behavior\InitHook [ RunTime:0.000216s ]
INFO: [ app_init ] --END-- [ RunTime:0.000294s ]
INFO: [ app_begin ] --START--
INFO: Run Behavior\ReadHtmlCache [ RunTime:0.000030s ]
INFO: [ app_begin ] --END-- [ RunTime:0.000065s ]

[ 2017-10-29T13:12:20+08:00 ] 180.163.2.88 /index.php?s=/Home/Shop/index.html
INFO: [ app_init ] --START--
INFO: Run Common\Behavior\InitHook [ RunTime:0.000191s ]
INFO: [ app_init ] --END-- [ RunTime:0.000278s ]
INFO: [ app_begin ] --START--
INFO: Run Behavior\ReadHtmlCache [ RunTime:0.000029s ]
INFO: [ app_begin ] --END-- [ RunTime:0.000065s ]

[ 2017-10-29T13:14:30+08:00 ] 125.64.220.15 /Home/Shop/detail.html
INFO: [ app_init ] --START--
INFO: Run Common\Behavior\InitHook [ RunTime:0.000227s ]
INFO: [ app_init ] --END-- [ RunTime:0.000313s ]
INFO: [ app_begin ] --START--
INFO: Run Behavior\ReadHtmlCache [ RunTime:0.000042s ]
INFO: [ app_begin ] --END-- [ RunTime:0.000087s ]
INFO: [ view_parse ] --START--
INFO: [ template_filter ] --START--
INFO: Run Behavior\ContentReplace [ RunTime:0.000086s ]
INFO: [ template_filter ] --END-- [ RunTime:0.000129s ]
INFO: Run Behavior\ParseTemplate [ RunTime:0.007951s ]
INFO: [ view_parse ] --END-- [ RunTime:0.007995s ]
INFO: [ view_filter ] --START--
INFO: Run Behavior\WriteHtmlCache [ RunTime:0.000036s ]
INFO: [ view_filter ] --END-- [ RunTime:0.000062s ]
INFO: [ app_end ] --START--
INFO: Run Behavior\ShowPageTrace [ RunTime:0.000040s ]
INFO: [ app_end ] --END-- [ RunTime:0.000077s ]

[ 2017-10-29T13:14:52+08:00 ] 125.64.220.15 /Home/Shop/detail.html
INFO: [ app_init ] --START--
INFO: Run Common\Behavior\InitHook [ RunTime:0.000218s ]
INFO: [ app_init ] --END-- [ RunTime:0.000300s ]
INFO: [ app_begin ] --START--
INFO: Run Behavior\ReadHtmlCache [ RunTime:0.000031s ]
INFO: [ app_begin ] --END-- [ RunTime:0.000069s ]
INFO: [ view_parse ] --START--
INFO: [ template_filter ] --START--
INFO: Run Behavior\ContentReplace [ RunTime:0.000168s ]
INFO: [ template_filter ] --END-- [ RunTime:0.000215s ]
INFO: Run Behavior\ParseTemplate [ RunTime:0.008701s ]
INFO: [ view_parse ] --END-- [ RunTime:0.008744s ]
INFO: [ view_filter ] --START--
INFO: Run Behavior\WriteHtmlCache [ RunTime:0.000029s ]
INFO: [ view_filter ] --END-- [ RunTime:0.000055s ]
INFO: [ app_end ] --START--
INFO: Run Behavior\ShowPageTrace [ RunTime:0.000035s ]
INFO: [ app_end ] --END-- [ RunTime:0.000072s ]

[ 2017-10-29T13:45:54+08:00 ] 182.131.11.51 /
INFO: [ app_init ] --START--
INFO: Run Common\Behavior\InitHook [ RunTime:0.000254s ]
INFO: [ app_init ] --END-- [ RunTime:0.000350s ]
INFO: [ app_begin ] --START--
INFO: Run Behavior\ReadHtmlCache [ RunTime:0.000033s ]
INFO: [ app_begin ] --END-- [ RunTime:0.000067s ]

[ 2017-10-29T13:45:54+08:00 ] 182.131.11.51 /index.php?s=/Home/Shop/index.html
INFO: [ app_init ] --START--
INFO: Run Common\Behavior\InitHook [ RunTime:0.000188s ]
INFO: [ app_init ] --END-- [ RunTime:0.000261s ]
INFO: [ app_begin ] --START--
INFO: Run Behavior\ReadHtmlCache [ RunTime:0.000032s ]
INFO: [ app_begin ] --END-- [ RunTime:0.000081s ]
SQL: SHOW COLUMNS FROM `user` [ RunTime:0.000451s ]
SQL: SELECT * FROM `user` WHERE ( user_id = 'o03wNwRGA1jmO1vye25XNAwj4Nbo' ) LIMIT 1   [ RunTime:0.000074s ]
INFO: [ view_parse ] --START--
INFO: [ template_filter ] --START--
INFO: Run Behavior\ContentReplace [ RunTime:0.000105s ]
INFO: [ template_filter ] --END-- [ RunTime:0.000146s ]
INFO: Run Behavior\ParseTemplate [ RunTime:0.007988s ]
INFO: [ view_parse ] --END-- [ RunTime:0.008031s ]
INFO: [ view_filter ] --START--
INFO: Run Behavior\WriteHtmlCache [ RunTime:0.000046s ]
INFO: [ view_filter ] --END-- [ RunTime:0.000073s ]
INFO: [ app_end ] --START--
INFO: Run Behavior\ShowPageTrace [ RunTime:0.000039s ]
INFO: [ app_end ] --END-- [ RunTime:0.000076s ]

[ 2017-10-29T13:45:54+08:00 ] 223.85.132.24 /
INFO: [ app_init ] --START--
INFO: Run Common\Behavior\InitHook [ RunTime:0.000192s ]
INFO: [ app_init ] --END-- [ RunTime:0.000264s ]
INFO: [ app_begin ] --START--
INFO: Run Behavior\ReadHtmlCache [ RunTime:0.000029s ]
INFO: [ app_begin ] --END-- [ RunTime:0.000076s ]

[ 2017-10-29T13:45:55+08:00 ] 124.161.23.11 /
INFO: [ app_init ] --START--
INFO: Run Common\Behavior\InitHook [ RunTime:0.000194s ]
INFO: [ app_init ] --END-- [ RunTime:0.000271s ]
INFO: [ app_begin ] --START--
INFO: Run Behavior\ReadHtmlCache [ RunTime:0.000028s ]
INFO: [ app_begin ] --END-- [ RunTime:0.000060s ]

[ 2017-10-29T13:45:55+08:00 ] 182.131.11.51 /
INFO: [ app_init ] --START--
INFO: Run Common\Behavior\InitHook [ RunTime:0.000210s ]
INFO: [ app_init ] --END-- [ RunTime:0.000287s ]
INFO: [ app_begin ] --START--
INFO: Run Behavior\ReadHtmlCache [ RunTime:0.000059s ]
INFO: [ app_begin ] --END-- [ RunTime:0.000097s ]

[ 2017-10-29T13:45:56+08:00 ] 182.131.11.51 /index.php?s=/Home/Shop/index.html
INFO: [ app_init ] --START--
INFO: Run Common\Behavior\InitHook [ RunTime:0.000192s ]
INFO: [ app_init ] --END-- [ RunTime:0.000264s ]
INFO: [ app_begin ] --START--
INFO: Run Behavior\ReadHtmlCache [ RunTime:0.000069s ]
INFO: [ app_begin ] --END-- [ RunTime:0.000117s ]
SQL: SHOW COLUMNS FROM `user` [ RunTime:0.000495s ]
SQL: SELECT * FROM `user` WHERE ( user_id = 'o03wNwRGA1jmO1vye25XNAwj4Nbo' ) LIMIT 1   [ RunTime:0.000133s ]
INFO: [ view_parse ] --START--
INFO: [ template_filter ] --START--
INFO: Run Behavior\ContentReplace [ RunTime:0.000108s ]
INFO: [ template_filter ] --END-- [ RunTime:0.000184s ]
INFO: Run Behavior\ParseTemplate [ RunTime:0.008704s ]
INFO: [ view_parse ] --END-- [ RunTime:0.008748s ]
INFO: [ view_filter ] --START--
INFO: Run Behavior\WriteHtmlCache [ RunTime:0.000057s ]
INFO: [ view_filter ] --END-- [ RunTime:0.000087s ]
INFO: [ app_end ] --START--
INFO: Run Behavior\ShowPageTrace [ RunTime:0.000033s ]
INFO: [ app_end ] --END-- [ RunTime:0.000070s ]

[ 2017-10-29T13:47:47+08:00 ] 182.131.11.51 /Home/Shop/detail.html
INFO: [ app_init ] --START--
INFO: Run Common\Behavior\InitHook [ RunTime:0.000212s ]
INFO: [ app_init ] --END-- [ RunTime:0.000292s ]
INFO: [ app_begin ] --START--
INFO: Run Behavior\ReadHtmlCache [ RunTime:0.000033s ]
INFO: [ app_begin ] --END-- [ RunTime:0.000067s ]
INFO: [ view_parse ] --START--
INFO: [ template_filter ] --START--
INFO: Run Behavior\ContentReplace [ RunTime:0.000099s ]
INFO: [ template_filter ] --END-- [ RunTime:0.000144s ]
INFO: Run Behavior\ParseTemplate [ RunTime:0.007850s ]
INFO: [ view_parse ] --END-- [ RunTime:0.007895s ]
INFO: [ view_filter ] --START--
INFO: Run Behavior\WriteHtmlCache [ RunTime:0.000035s ]
INFO: [ view_filter ] --END-- [ RunTime:0.000061s ]
INFO: [ app_end ] --START--
INFO: Run Behavior\ShowPageTrace [ RunTime:0.000038s ]
INFO: [ app_end ] --END-- [ RunTime:0.000077s ]

[ 2017-10-29T13:47:58+08:00 ] 182.131.11.51 /Home/User/location.html
INFO: [ app_init ] --START--
INFO: Run Common\Behavior\InitHook [ RunTime:0.000194s ]
INFO: [ app_init ] --END-- [ RunTime:0.000281s ]
INFO: [ app_begin ] --START--
INFO: Run Behavior\ReadHtmlCache [ RunTime:0.000032s ]
INFO: [ app_begin ] --END-- [ RunTime:0.000071s ]
INFO: [ view_parse ] --START--
INFO: [ template_filter ] --START--
INFO: Run Behavior\ContentReplace [ RunTime:0.000038s ]
INFO: [ template_filter ] --END-- [ RunTime:0.000077s ]
NOTIC: [8] Undefined variable: meta_title /www/web/yhd/public_html/Runtime/Cache/Home/5a34b4e97ec73f6b7f1e9a11bf898cdc.php 第 40 行.
INFO: Run Behavior\ParseTemplate [ RunTime:0.002443s ]
INFO: [ view_parse ] --END-- [ RunTime:0.002477s ]
INFO: [ view_filter ] --START--
INFO: Run Behavior\WriteHtmlCache [ RunTime:0.000028s ]
INFO: [ view_filter ] --END-- [ RunTime:0.000051s ]
INFO: [ app_end ] --START--
INFO: Run Behavior\ShowPageTrace [ RunTime:0.000025s ]
INFO: [ app_end ] --END-- [ RunTime:0.000050s ]

[ 2017-10-29T13:47:59+08:00 ] 182.131.11.51 /Home/Ajax/getWxAPI
INFO: [ app_init ] --START--
INFO: Run Common\Behavior\InitHook [ RunTime:0.000227s ]
INFO: [ app_init ] --END-- [ RunTime:0.000301s ]
INFO: [ app_begin ] --START--
INFO: Run Behavior\ReadHtmlCache [ RunTime:0.000038s ]
INFO: [ app_begin ] --END-- [ RunTime:0.000082s ]
SQL: SHOW COLUMNS FROM `wx` [ RunTime:0.000483s ]
SQL: SELECT * FROM `wx` WHERE ( name = 'jsapi_ticket' ) LIMIT 1   [ RunTime:0.000236s ]
SQL: SELECT * FROM `wx` WHERE ( name = 'access_token' ) LIMIT 1   [ RunTime:0.000163s ]
SQL: SELECT * FROM `wx` WHERE ( name = 'access_token' ) LIMIT 1   [ RunTime:0.000176s ]
SQL: UPDATE `wx` SET `token`='4Kr6lrr6U6Iu_69gjPKUGqytWR6ILiwzLdTn308ib9_Aq-Ae4Ayo5Zn3CFKa_K-lbRyAhCprkbkw4BMJMu_Wt3KKOS1zwMhvUMWMvNdEPFZfKRYOhYBnurrLpj7V0ZYKUUDeACADDM',`expire_time`=1509263079,`name`='access_token' WHERE ( name = 'access_token' ) [ RunTime:0.003127s ]
SQL: SELECT * FROM `wx` WHERE ( name = 'jsapi_ticket' ) LIMIT 1   [ RunTime:0.000391s ]
SQL: UPDATE `wx` SET `token`='kgt8ON7yVITDhtdwci0qeSK1FVnZcfRYHjjNjonkipVyinPVie2KURcwF6W9vqVxlXBMda5oEyk494SEOkrJzQ',`expire_time`=1509263079,`name`='jsapi_ticket' WHERE ( name = 'jsapi_ticket' ) [ RunTime:0.002524s ]

[ 2017-10-29T13:48:04+08:00 ] 182.131.11.51 /Home/Shop/address.html
INFO: [ app_init ] --START--
INFO: Run Common\Behavior\InitHook [ RunTime:0.000192s ]
INFO: [ app_init ] --END-- [ RunTime:0.000265s ]
INFO: [ app_begin ] --START--
INFO: Run Behavior\ReadHtmlCache [ RunTime:0.000030s ]
INFO: [ app_begin ] --END-- [ RunTime:0.000076s ]
SQL: SHOW COLUMNS FROM `address` [ RunTime:0.000494s ]
SQL: SELECT * FROM `address` WHERE ( `user_id` = 'o03wNwRGA1jmO1vye25XNAwj4Nbo' )  [ RunTime:0.000083s ]
INFO: [ view_parse ] --START--
INFO: [ template_filter ] --START--
INFO: Run Behavior\ContentReplace [ RunTime:0.000045s ]
INFO: [ template_filter ] --END-- [ RunTime:0.000083s ]
INFO: Run Behavior\ParseTemplate [ RunTime:0.003607s ]
INFO: [ view_parse ] --END-- [ RunTime:0.003648s ]
INFO: [ view_filter ] --START--
INFO: Run Behavior\WriteHtmlCache [ RunTime:0.000028s ]
INFO: [ view_filter ] --END-- [ RunTime:0.000054s ]
INFO: [ app_end ] --START--
INFO: Run Behavior\ShowPageTrace [ RunTime:0.000026s ]
INFO: [ app_end ] --END-- [ RunTime:0.000052s ]

[ 2017-10-29T13:48:08+08:00 ] 183.192.201.97 /Home/User/location.html
INFO: [ app_init ] --START--
INFO: Run Common\Behavior\InitHook [ RunTime:0.000190s ]
INFO: [ app_init ] --END-- [ RunTime:0.000264s ]
INFO: [ app_begin ] --START--
INFO: Run Behavior\ReadHtmlCache [ RunTime:0.000044s ]
INFO: [ app_begin ] --END-- [ RunTime:0.000082s ]
INFO: [ view_parse ] --START--
INFO: [ template_filter ] --START--
INFO: Run Behavior\ContentReplace [ RunTime:0.000039s ]
INFO: [ template_filter ] --END-- [ RunTime:0.000078s ]
NOTIC: [8] Undefined variable: meta_title /www/web/yhd/public_html/Runtime/Cache/Home/5a34b4e97ec73f6b7f1e9a11bf898cdc.php 第 40 行.
INFO: Run Behavior\ParseTemplate [ RunTime:0.002147s ]
INFO: [ view_parse ] --END-- [ RunTime:0.002192s ]
INFO: [ view_filter ] --START--
INFO: Run Behavior\WriteHtmlCache [ RunTime:0.000045s ]
INFO: [ view_filter ] --END-- [ RunTime:0.000085s ]
INFO: [ app_end ] --START--
INFO: Run Behavior\ShowPageTrace [ RunTime:0.000030s ]
INFO: [ app_end ] --END-- [ RunTime:0.000056s ]

[ 2017-10-29T13:48:21+08:00 ] 182.131.11.51 /Home/Ajax/getFeatures
INFO: [ app_init ] --START--
INFO: Run Common\Behavior\InitHook [ RunTime:0.000322s ]
INFO: [ app_init ] --END-- [ RunTime:0.000435s ]
INFO: [ app_begin ] --START--
INFO: Run Behavior\ReadHtmlCache [ RunTime:0.000045s ]
INFO: [ app_begin ] --END-- [ RunTime:0.000113s ]
SQL: SHOW COLUMNS FROM `feature` [ RunTime:0.000648s ]
SQL: SELECT * FROM `feature`  [ RunTime:0.000114s ]

[ 2017-10-29T13:48:29+08:00 ] 182.131.11.51 /Home/Shop/detail.html
INFO: [ app_init ] --START--
INFO: Run Common\Behavior\InitHook [ RunTime:0.000256s ]
INFO: [ app_init ] --END-- [ RunTime:0.000371s ]
INFO: [ app_begin ] --START--
INFO: Run Behavior\ReadHtmlCache [ RunTime:0.000040s ]
INFO: [ app_begin ] --END-- [ RunTime:0.000090s ]
INFO: [ view_parse ] --START--
INFO: [ template_filter ] --START--
INFO: Run Behavior\ContentReplace [ RunTime:0.000133s ]
INFO: [ template_filter ] --END-- [ RunTime:0.000224s ]
INFO: Run Behavior\ParseTemplate [ RunTime:0.014115s ]
INFO: [ view_parse ] --END-- [ RunTime:0.014179s ]
INFO: [ view_filter ] --START--
INFO: Run Behavior\WriteHtmlCache [ RunTime:0.000079s ]
INFO: [ view_filter ] --END-- [ RunTime:0.000132s ]
INFO: [ app_end ] --START--
INFO: Run Behavior\ShowPageTrace [ RunTime:0.000050s ]
INFO: [ app_end ] --END-- [ RunTime:0.000111s ]

[ 2017-10-29T13:53:14+08:00 ] 106.11.242.130 /
INFO: [ app_init ] --START--
INFO: Run Common\Behavior\InitHook [ RunTime:0.000259s ]
INFO: [ app_init ] --END-- [ RunTime:0.000362s ]
INFO: [ app_begin ] --START--
INFO: Run Behavior\ReadHtmlCache [ RunTime:0.000034s ]
INFO: [ app_begin ] --END-- [ RunTime:0.000067s ]

[ 2017-10-29T13:53:14+08:00 ] 106.11.242.130 /index.php?s=/Home/Shop/index.html
INFO: [ app_init ] --START--
INFO: Run Common\Behavior\InitHook [ RunTime:0.000245s ]
INFO: [ app_init ] --END-- [ RunTime:0.000315s ]
INFO: [ app_begin ] --START--
INFO: Run Behavior\ReadHtmlCache [ RunTime:0.000031s ]
INFO: [ app_begin ] --END-- [ RunTime:0.000065s ]

[ 2017-10-29T15:00:26+08:00 ] 182.131.11.51 /
INFO: [ app_init ] --START--
INFO: Run Common\Behavior\InitHook [ RunTime:0.000211s ]
INFO: [ app_init ] --END-- [ RunTime:0.000289s ]
INFO: [ app_begin ] --START--
INFO: Run Behavior\ReadHtmlCache [ RunTime:0.000032s ]
INFO: [ app_begin ] --END-- [ RunTime:0.000065s ]

[ 2017-10-29T15:00:26+08:00 ] 175.155.112.40 /
INFO: [ app_init ] --START--
INFO: Run Common\Behavior\InitHook [ RunTime:0.000174s ]
INFO: [ app_init ] --END-- [ RunTime:0.000234s ]
INFO: [ app_begin ] --START--
INFO: Run Behavior\ReadHtmlCache [ RunTime:0.000028s ]
INFO: [ app_begin ] --END-- [ RunTime:0.000061s ]

[ 2017-10-29T15:00:26+08:00 ] 223.85.132.35 /
INFO: [ app_init ] --START--
INFO: Run Common\Behavior\InitHook [ RunTime:0.000190s ]
INFO: [ app_init ] --END-- [ RunTime:0.000263s ]
INFO: [ app_begin ] --START--
INFO: Run Behavior\ReadHtmlCache [ RunTime:0.000029s ]
INFO: [ app_begin ] --END-- [ RunTime:0.000062s ]

[ 2017-10-29T15:00:26+08:00 ] 182.131.11.51 /index.php?s=/Home/Shop/index.html
INFO: [ app_init ] --START--
INFO: Run Common\Behavior\InitHook [ RunTime:0.000172s ]
INFO: [ app_init ] --END-- [ RunTime:0.000233s ]
INFO: [ app_begin ] --START--
INFO: Run Behavior\ReadHtmlCache [ RunTime:0.000027s ]
INFO: [ app_begin ] --END-- [ RunTime:0.000062s ]
SQL: SHOW COLUMNS FROM `user` [ RunTime:0.000456s ]
SQL: SELECT * FROM `user` WHERE ( user_id = 'o03wNwRGA1jmO1vye25XNAwj4Nbo' ) LIMIT 1   [ RunTime:0.000073s ]
INFO: [ view_parse ] --START--
INFO: [ template_filter ] --START--
INFO: Run Behavior\ContentReplace [ RunTime:0.000104s ]
INFO: [ template_filter ] --END-- [ RunTime:0.000146s ]
INFO: Run Behavior\ParseTemplate [ RunTime:0.007963s ]
INFO: [ view_parse ] --END-- [ RunTime:0.008005s ]
INFO: [ view_filter ] --START--
INFO: Run Behavior\WriteHtmlCache [ RunTime:0.000045s ]
INFO: [ view_filter ] --END-- [ RunTime:0.000074s ]
INFO: [ app_end ] --START--
INFO: Run Behavior\ShowPageTrace [ RunTime:0.000040s ]
INFO: [ app_end ] --END-- [ RunTime:0.000078s ]

[ 2017-10-29T15:02:01+08:00 ] 182.131.11.51 /
INFO: [ app_init ] --START--
INFO: Run Common\Behavior\InitHook [ RunTime:0.000216s ]
INFO: [ app_init ] --END-- [ RunTime:0.000297s ]
INFO: [ app_begin ] --START--
INFO: Run Behavior\ReadHtmlCache [ RunTime:0.000035s ]
INFO: [ app_begin ] --END-- [ RunTime:0.000080s ]

[ 2017-10-29T15:02:01+08:00 ] 182.131.11.51 /index.php?s=/Home/Shop/index.html
INFO: [ app_init ] --START--
INFO: Run Common\Behavior\InitHook [ RunTime:0.000235s ]
INFO: [ app_init ] --END-- [ RunTime:0.000311s ]
INFO: [ app_begin ] --START--
INFO: Run Behavior\ReadHtmlCache [ RunTime:0.000029s ]
INFO: [ app_begin ] --END-- [ RunTime:0.000062s ]
SQL: SHOW COLUMNS FROM `user` [ RunTime:0.000550s ]
SQL: SELECT * FROM `user` WHERE ( user_id = 'o03wNwRGA1jmO1vye25XNAwj4Nbo' ) LIMIT 1   [ RunTime:0.000084s ]
INFO: [ view_parse ] --START--
INFO: [ template_filter ] --START--
INFO: Run Behavior\ContentReplace [ RunTime:0.000143s ]
INFO: [ template_filter ] --END-- [ RunTime:0.000192s ]
INFO: Run Behavior\ParseTemplate [ RunTime:0.008820s ]
INFO: [ view_parse ] --END-- [ RunTime:0.008868s ]
INFO: [ view_filter ] --START--
INFO: Run Behavior\WriteHtmlCache [ RunTime:0.000035s ]
INFO: [ view_filter ] --END-- [ RunTime:0.000062s ]
INFO: [ app_end ] --START--
INFO: Run Behavior\ShowPageTrace [ RunTime:0.000062s ]
INFO: [ app_end ] --END-- [ RunTime:0.000099s ]

[ 2017-10-29T15:02:54+08:00 ] 182.131.11.51 /Home/Ajax/getFeatures
INFO: [ app_init ] --START--
INFO: Run Common\Behavior\InitHook [ RunTime:0.000231s ]
INFO: [ app_init ] --END-- [ RunTime:0.000307s ]
INFO: [ app_begin ] --START--
INFO: Run Behavior\ReadHtmlCache [ RunTime:0.000027s ]
INFO: [ app_begin ] --END-- [ RunTime:0.000060s ]
SQL: SHOW COLUMNS FROM `feature` [ RunTime:0.000446s ]
SQL: SELECT * FROM `feature` WHERE ( `feature_no` = 1 )  [ RunTime:0.000081s ]

[ 2017-10-29T15:02:54+08:00 ] 182.131.11.51 /Home/Ajax/getFeatures
INFO: [ app_init ] --START--
INFO: Run Common\Behavior\InitHook [ RunTime:0.000204s ]
INFO: [ app_init ] --END-- [ RunTime:0.000275s ]
INFO: [ app_begin ] --START--
INFO: Run Behavior\ReadHtmlCache [ RunTime:0.000026s ]
INFO: [ app_begin ] --END-- [ RunTime:0.000058s ]
SQL: SHOW COLUMNS FROM `feature` [ RunTime:0.000360s ]
SQL: SELECT * FROM `feature` WHERE ( `feature_no` = 1 )  [ RunTime:0.000090s ]

[ 2017-10-29T15:03:10+08:00 ] 182.131.11.51 /Home/Ajax/getFeatures
INFO: [ app_init ] --START--
INFO: Run Common\Behavior\InitHook [ RunTime:0.000177s ]
INFO: [ app_init ] --END-- [ RunTime:0.000247s ]
INFO: [ app_begin ] --START--
INFO: Run Behavior\ReadHtmlCache [ RunTime:0.000034s ]
INFO: [ app_begin ] --END-- [ RunTime:0.000066s ]
SQL: SHOW COLUMNS FROM `feature` [ RunTime:0.000586s ]
SQL: SELECT * FROM `feature` WHERE ( `feature_no` = 1 )  [ RunTime:0.000112s ]

[ 2017-10-29T15:03:10+08:00 ] 182.131.11.51 /Home/Ajax/getFeatures
INFO: [ app_init ] --START--
INFO: Run Common\Behavior\InitHook [ RunTime:0.000208s ]
INFO: [ app_init ] --END-- [ RunTime:0.000289s ]
INFO: [ app_begin ] --START--
INFO: Run Behavior\ReadHtmlCache [ RunTime:0.000037s ]
INFO: [ app_begin ] --END-- [ RunTime:0.002640s ]
SQL: SHOW COLUMNS FROM `feature` [ RunTime:0.000416s ]
SQL: SELECT * FROM `feature` WHERE ( `feature_no` = 1 )  [ RunTime:0.000307s ]

[ 2017-10-29T15:17:15+08:00 ] 182.131.11.51 /
INFO: [ app_init ] --START--
INFO: Run Common\Behavior\InitHook [ RunTime:0.000269s ]
INFO: [ app_init ] --END-- [ RunTime:0.000360s ]
INFO: [ app_begin ] --START--
INFO: Run Behavior\ReadHtmlCache [ RunTime:0.000034s ]
INFO: [ app_begin ] --END-- [ RunTime:0.000069s ]

[ 2017-10-29T15:17:15+08:00 ] 223.85.132.35 /
INFO: [ app_init ] --START--
INFO: Run Common\Behavior\InitHook [ RunTime:0.000156s ]
INFO: [ app_init ] --END-- [ RunTime:0.000212s ]
INFO: [ app_begin ] --START--
INFO: Run Behavior\ReadHtmlCache [ RunTime:0.000025s ]
INFO: [ app_begin ] --END-- [ RunTime:0.000057s ]

[ 2017-10-29T15:17:15+08:00 ] 124.161.23.61 /
INFO: [ app_init ] --START--
INFO: Run Common\Behavior\InitHook [ RunTime:0.000210s ]
INFO: [ app_init ] --END-- [ RunTime:0.000290s ]
INFO: [ app_begin ] --START--
INFO: Run Behavior\ReadHtmlCache [ RunTime:0.000029s ]
INFO: [ app_begin ] --END-- [ RunTime:0.000063s ]

[ 2017-10-29T15:17:15+08:00 ] 182.131.11.51 /index.php?s=/Home/Shop/index.html
INFO: [ app_init ] --START--
INFO: Run Common\Behavior\InitHook [ RunTime:0.000187s ]
INFO: [ app_init ] --END-- [ RunTime:0.000274s ]
INFO: [ app_begin ] --START--
INFO: Run Behavior\ReadHtmlCache [ RunTime:0.000029s ]
INFO: [ app_begin ] --END-- [ RunTime:0.000065s ]
SQL: SHOW COLUMNS FROM `user` [ RunTime:0.000448s ]
SQL: SELECT * FROM `user` WHERE ( user_id = 'o03wNwRGA1jmO1vye25XNAwj4Nbo' ) LIMIT 1   [ RunTime:0.000093s ]
INFO: [ view_parse ] --START--
INFO: [ template_filter ] --START--
INFO: Run Behavior\ContentReplace [ RunTime:0.000119s ]
INFO: [ template_filter ] --END-- [ RunTime:0.000161s ]
INFO: Run Behavior\ParseTemplate [ RunTime:0.008258s ]
INFO: [ view_parse ] --END-- [ RunTime:0.008302s ]
INFO: [ view_filter ] --START--
INFO: Run Behavior\WriteHtmlCache [ RunTime:0.000036s ]
INFO: [ view_filter ] --END-- [ RunTime:0.000062s ]
INFO: [ app_end ] --START--
INFO: Run Behavior\ShowPageTrace [ RunTime:0.000038s ]
INFO: [ app_end ] --END-- [ RunTime:0.000074s ]

[ 2017-10-29T15:17:36+08:00 ] 182.131.11.51 /Home/Ajax/getFeatures
INFO: [ app_init ] --START--
INFO: Run Common\Behavior\InitHook [ RunTime:0.000253s ]
INFO: [ app_init ] --END-- [ RunTime:0.000351s ]
INFO: [ app_begin ] --START--
INFO: Run Behavior\ReadHtmlCache [ RunTime:0.000036s ]
INFO: [ app_begin ] --END-- [ RunTime:0.000081s ]
SQL: SHOW COLUMNS FROM `feature` [ RunTime:0.000475s ]
SQL: SELECT * FROM `feature` WHERE ( `feature_no` = 2 )  [ RunTime:0.000108s ]

[ 2017-10-29T15:17:36+08:00 ] 182.131.11.51 /Home/Ajax/getFeatures
INFO: [ app_init ] --START--
INFO: Run Common\Behavior\InitHook [ RunTime:0.000205s ]
INFO: [ app_init ] --END-- [ RunTime:0.000286s ]
INFO: [ app_begin ] --START--
INFO: Run Behavior\ReadHtmlCache [ RunTime:0.000034s ]
INFO: [ app_begin ] --END-- [ RunTime:0.000075s ]
SQL: SHOW COLUMNS FROM `feature` [ RunTime:0.000312s ]
SQL: SELECT * FROM `feature` WHERE ( `feature_no` = 2 )  [ RunTime:0.000098s ]

[ 2017-10-29T15:23:51+08:00 ] 182.131.11.51 /Home/User/location.html
INFO: [ app_init ] --START--
INFO: Run Common\Behavior\InitHook [ RunTime:0.000237s ]
INFO: [ app_init ] --END-- [ RunTime:0.000316s ]
INFO: [ app_begin ] --START--
INFO: Run Behavior\ReadHtmlCache [ RunTime:0.000032s ]
INFO: [ app_begin ] --END-- [ RunTime:0.000068s ]
INFO: [ view_parse ] --START--
INFO: [ template_filter ] --START--
INFO: Run Behavior\ContentReplace [ RunTime:0.000041s ]
INFO: [ template_filter ] --END-- [ RunTime:0.000084s ]
NOTIC: [8] Undefined variable: meta_title /www/web/yhd/public_html/Runtime/Cache/Home/5a34b4e97ec73f6b7f1e9a11bf898cdc.php 第 40 行.
INFO: Run Behavior\ParseTemplate [ RunTime:0.003098s ]
INFO: [ view_parse ] --END-- [ RunTime:0.003133s ]
INFO: [ view_filter ] --START--
INFO: Run Behavior\WriteHtmlCache [ RunTime:0.000036s ]
INFO: [ view_filter ] --END-- [ RunTime:0.000086s ]
INFO: [ app_end ] --START--
INFO: Run Behavior\ShowPageTrace [ RunTime:0.000031s ]
INFO: [ app_end ] --END-- [ RunTime:0.000055s ]

[ 2017-10-29T15:23:51+08:00 ] 182.131.11.51 /Home/Ajax/getWxAPI
INFO: [ app_init ] --START--
INFO: Run Common\Behavior\InitHook [ RunTime:0.000191s ]
INFO: [ app_init ] --END-- [ RunTime:0.000264s ]
INFO: [ app_begin ] --START--
INFO: Run Behavior\ReadHtmlCache [ RunTime:0.000026s ]
INFO: [ app_begin ] --END-- [ RunTime:0.000071s ]
SQL: SHOW COLUMNS FROM `wx` [ RunTime:0.000506s ]
SQL: SELECT * FROM `wx` WHERE ( name = 'jsapi_ticket' ) LIMIT 1   [ RunTime:0.000220s ]

[ 2017-10-29T15:24:08+08:00 ] 182.131.11.51 /
INFO: [ app_init ] --START--
INFO: Run Common\Behavior\InitHook [ RunTime:0.000227s ]
INFO: [ app_init ] --END-- [ RunTime:0.000331s ]
INFO: [ app_begin ] --START--
INFO: Run Behavior\ReadHtmlCache [ RunTime:0.000028s ]
INFO: [ app_begin ] --END-- [ RunTime:0.000060s ]

[ 2017-10-29T15:24:08+08:00 ] 182.131.11.51 /index.php?s=/Home/Shop/index.html
INFO: [ app_init ] --START--
INFO: Run Common\Behavior\InitHook [ RunTime:0.000189s ]
INFO: [ app_init ] --END-- [ RunTime:0.000284s ]
INFO: [ app_begin ] --START--
INFO: Run Behavior\ReadHtmlCache [ RunTime:0.000030s ]
INFO: [ app_begin ] --END-- [ RunTime:0.000067s ]
SQL: SHOW COLUMNS FROM `user` [ RunTime:0.000520s ]
SQL: SELECT * FROM `user` WHERE ( user_id = 'o03wNwRGA1jmO1vye25XNAwj4Nbo' ) LIMIT 1   [ RunTime:0.000079s ]
INFO: [ view_parse ] --START--
INFO: [ template_filter ] --START--
INFO: Run Behavior\ContentReplace [ RunTime:0.000106s ]
INFO: [ template_filter ] --END-- [ RunTime:0.000154s ]
INFO: Run Behavior\ParseTemplate [ RunTime:0.008551s ]
INFO: [ view_parse ] --END-- [ RunTime:0.008595s ]
INFO: [ view_filter ] --START--
INFO: Run Behavior\WriteHtmlCache [ RunTime:0.000037s ]
INFO: [ view_filter ] --END-- [ RunTime:0.000073s ]
INFO: [ app_end ] --START--
INFO: Run Behavior\ShowPageTrace [ RunTime:0.000034s ]
INFO: [ app_end ] --END-- [ RunTime:0.000071s ]

[ 2017-10-29T16:12:25+08:00 ] 182.131.11.51 /
INFO: [ app_init ] --START--
INFO: Run Common\Behavior\InitHook [ RunTime:0.000255s ]
INFO: [ app_init ] --END-- [ RunTime:0.000352s ]
INFO: [ app_begin ] --START--
INFO: Run Behavior\ReadHtmlCache [ RunTime:0.000060s ]
INFO: [ app_begin ] --END-- [ RunTime:0.000109s ]

[ 2017-10-29T16:12:25+08:00 ] 175.155.112.40 /
INFO: [ app_init ] --START--
INFO: Run Common\Behavior\InitHook [ RunTime:0.000209s ]
INFO: [ app_init ] --END-- [ RunTime:0.000293s ]
INFO: [ app_begin ] --START--
INFO: Run Behavior\ReadHtmlCache [ RunTime:0.000040s ]
INFO: [ app_begin ] --END-- [ RunTime:0.000093s ]

[ 2017-10-29T16:12:25+08:00 ] 223.85.132.24 /
INFO: [ app_init ] --START--
INFO: Run Common\Behavior\InitHook [ RunTime:0.000209s ]
INFO: [ app_init ] --END-- [ RunTime:0.000287s ]
INFO: [ app_begin ] --START--
INFO: Run Behavior\ReadHtmlCache [ RunTime:0.000033s ]
INFO: [ app_begin ] --END-- [ RunTime:0.000078s ]

[ 2017-10-29T16:12:26+08:00 ] 182.131.11.51 /index.php?s=/Home/Shop/index.html
INFO: [ app_init ] --START--
INFO: Run Common\Behavior\InitHook [ RunTime:0.000231s ]
INFO: [ app_init ] --END-- [ RunTime:0.000329s ]
INFO: [ app_begin ] --START--
INFO: Run Behavior\ReadHtmlCache [ RunTime:0.000029s ]
INFO: [ app_begin ] --END-- [ RunTime:0.000062s ]
SQL: SHOW COLUMNS FROM `user` [ RunTime:0.000492s ]
SQL: SELECT * FROM `user` WHERE ( user_id = 'o03wNwRGA1jmO1vye25XNAwj4Nbo' ) LIMIT 1   [ RunTime:0.000070s ]
INFO: [ view_parse ] --START--
INFO: [ template_filter ] --START--
INFO: Run Behavior\ContentReplace [ RunTime:0.000104s ]
INFO: [ template_filter ] --END-- [ RunTime:0.000146s ]
INFO: Run Behavior\ParseTemplate [ RunTime:0.008460s ]
INFO: [ view_parse ] --END-- [ RunTime:0.008503s ]
INFO: [ view_filter ] --START--
INFO: Run Behavior\WriteHtmlCache [ RunTime:0.000037s ]
INFO: [ view_filter ] --END-- [ RunTime:0.000088s ]
INFO: [ app_end ] --START--
INFO: Run Behavior\ShowPageTrace [ RunTime:0.000038s ]
INFO: [ app_end ] --END-- [ RunTime:0.000073s ]

[ 2017-10-29T22:27:38+08:00 ] 182.140.177.243 /
INFO: [ app_init ] --START--
INFO: Run Common\Behavior\InitHook [ RunTime:0.000218s ]
INFO: [ app_init ] --END-- [ RunTime:0.000298s ]
INFO: [ app_begin ] --START--
INFO: Run Behavior\ReadHtmlCache [ RunTime:0.000036s ]
INFO: [ app_begin ] --END-- [ RunTime:0.000081s ]

[ 2017-10-29T22:27:38+08:00 ] 182.140.177.243 /index.php?s=/Home/Shop/index.html
INFO: [ app_init ] --START--
INFO: Run Common\Behavior\InitHook [ RunTime:0.000193s ]
INFO: [ app_init ] --END-- [ RunTime:0.000268s ]
INFO: [ app_begin ] --START--
INFO: Run Behavior\ReadHtmlCache [ RunTime:0.000029s ]
INFO: [ app_begin ] --END-- [ RunTime:0.000070s ]
SQL: SHOW COLUMNS FROM `user` [ RunTime:0.000501s ]
SQL: SELECT * FROM `user` WHERE ( user_id = 'o03wNwWkGKUI2zHsc2mqZJV2UHFM' ) LIMIT 1   [ RunTime:0.000076s ]
INFO: [ view_parse ] --START--
INFO: [ template_filter ] --START--
INFO: Run Behavior\ContentReplace [ RunTime:0.000106s ]
INFO: [ template_filter ] --END-- [ RunTime:0.000149s ]
INFO: Run Behavior\ParseTemplate [ RunTime:0.008248s ]
INFO: [ view_parse ] --END-- [ RunTime:0.008292s ]
INFO: [ view_filter ] --START--
INFO: Run Behavior\WriteHtmlCache [ RunTime:0.000035s ]
INFO: [ view_filter ] --END-- [ RunTime:0.000062s ]
INFO: [ app_end ] --START--
INFO: Run Behavior\ShowPageTrace [ RunTime:0.000039s ]
INFO: [ app_end ] --END-- [ RunTime:0.000076s ]

[ 2017-10-29T22:27:47+08:00 ] 183.192.201.97 /
INFO: [ app_init ] --START--
INFO: Run Common\Behavior\InitHook [ RunTime:0.000224s ]
INFO: [ app_init ] --END-- [ RunTime:0.000306s ]
INFO: [ app_begin ] --START--
INFO: Run Behavior\ReadHtmlCache [ RunTime:0.000028s ]
INFO: [ app_begin ] --END-- [ RunTime:0.000060s ]

[ 2017-10-29T22:27:47+08:00 ] 183.192.201.97 /index.php?s=/Home/Shop/index.html
INFO: [ app_init ] --START--
INFO: Run Common\Behavior\InitHook [ RunTime:0.000218s ]
INFO: [ app_init ] --END-- [ RunTime:0.000294s ]
INFO: [ app_begin ] --START--
INFO: Run Behavior\ReadHtmlCache [ RunTime:0.000046s ]
INFO: [ app_begin ] --END-- [ RunTime:0.000081s ]

[ 2017-10-29T22:27:48+08:00 ] 182.140.177.243 /Home/User/location.html
INFO: [ app_init ] --START--
INFO: Run Common\Behavior\InitHook [ RunTime:0.000217s ]
INFO: [ app_init ] --END-- [ RunTime:0.000294s ]
INFO: [ app_begin ] --START--
INFO: Run Behavior\ReadHtmlCache [ RunTime:0.000030s ]
INFO: [ app_begin ] --END-- [ RunTime:0.000067s ]
INFO: [ view_parse ] --START--
INFO: [ template_filter ] --START--
INFO: Run Behavior\ContentReplace [ RunTime:0.000038s ]
INFO: [ template_filter ] --END-- [ RunTime:0.000078s ]
NOTIC: [8] Undefined variable: meta_title /www/web/yhd/public_html/Runtime/Cache/Home/5a34b4e97ec73f6b7f1e9a11bf898cdc.php 第 40 行.
INFO: Run Behavior\ParseTemplate [ RunTime:0.002246s ]
INFO: [ view_parse ] --END-- [ RunTime:0.002301s ]
INFO: [ view_filter ] --START--
INFO: Run Behavior\WriteHtmlCache [ RunTime:0.000029s ]
INFO: [ view_filter ] --END-- [ RunTime:0.000068s ]
INFO: [ app_end ] --START--
INFO: Run Behavior\ShowPageTrace [ RunTime:0.000038s ]
INFO: [ app_end ] --END-- [ RunTime:0.000077s ]

[ 2017-10-29T22:27:49+08:00 ] 182.140.177.243 /Home/Ajax/getWxAPI
INFO: [ app_init ] --START--
INFO: Run Common\Behavior\InitHook [ RunTime:0.000270s ]
INFO: [ app_init ] --END-- [ RunTime:0.000344s ]
INFO: [ app_begin ] --START--
INFO: Run Behavior\ReadHtmlCache [ RunTime:0.000026s ]
INFO: [ app_begin ] --END-- [ RunTime:0.000058s ]
SQL: SHOW COLUMNS FROM `wx` [ RunTime:0.000429s ]
SQL: SELECT * FROM `wx` WHERE ( name = 'jsapi_ticket' ) LIMIT 1   [ RunTime:0.000132s ]
SQL: SELECT * FROM `wx` WHERE ( name = 'access_token' ) LIMIT 1   [ RunTime:0.000201s ]
SQL: SELECT * FROM `wx` WHERE ( name = 'access_token' ) LIMIT 1   [ RunTime:0.000154s ]
SQL: UPDATE `wx` SET `token`='XyvVIHGPWHL8SX9BJ5aOCjWsYEm0JAz1nZHQzLM7fl6rORlQqJ8YRHTm5KessLO8CW5X-OO93MTx1ZmIolNfe77Ivho0TwXALHYGmZmWAVYBCUaAFAJKC',`expire_time`=1509294269,`name`='access_token' WHERE ( name = 'access_token' ) [ RunTime:0.002850s ]
SQL: SELECT * FROM `wx` WHERE ( name = 'jsapi_ticket' ) LIMIT 1   [ RunTime:0.000394s ]
SQL: UPDATE `wx` SET `token`='kgt8ON7yVITDhtdwci0qeSK1FVnZcfRYHjjNjonkipXKgoP1ZdAJE7RzVPZifVxn6RamNJBPybMXZJkOcVDlVQ',`expire_time`=1509294269,`name`='jsapi_ticket' WHERE ( name = 'jsapi_ticket' ) [ RunTime:0.006935s ]

[ 2017-10-29T22:27:58+08:00 ] 120.204.17.73 /Home/User/location.html
INFO: [ app_init ] --START--
INFO: Run Common\Behavior\InitHook [ RunTime:0.000183s ]
INFO: [ app_init ] --END-- [ RunTime:0.000349s ]
INFO: [ app_begin ] --START--
INFO: Run Behavior\ReadHtmlCache [ RunTime:0.000029s ]
INFO: [ app_begin ] --END-- [ RunTime:0.000065s ]
INFO: [ view_parse ] --START--
INFO: [ template_filter ] --START--
INFO: Run Behavior\ContentReplace [ RunTime:0.000038s ]
INFO: [ template_filter ] --END-- [ RunTime:0.000075s ]
NOTIC: [8] Undefined variable: meta_title /www/web/yhd/public_html/Runtime/Cache/Home/5a34b4e97ec73f6b7f1e9a11bf898cdc.php 第 40 行.
INFO: Run Behavior\ParseTemplate [ RunTime:0.002077s ]
INFO: [ view_parse ] --END-- [ RunTime:0.002111s ]
INFO: [ view_filter ] --START--
INFO: Run Behavior\WriteHtmlCache [ RunTime:0.000040s ]
INFO: [ view_filter ] --END-- [ RunTime:0.000076s ]
INFO: [ app_end ] --START--
INFO: Run Behavior\ShowPageTrace [ RunTime:0.000049s ]
INFO: [ app_end ] --END-- [ RunTime:0.000079s ]

[ 2017-10-29T23:15:56+08:00 ] 182.140.177.243 /
INFO: [ app_init ] --START--
INFO: Run Common\Behavior\InitHook [ RunTime:0.000248s ]
INFO: [ app_init ] --END-- [ RunTime:0.000354s ]
INFO: [ app_begin ] --START--
INFO: Run Behavior\ReadHtmlCache [ RunTime:0.000046s ]
INFO: [ app_begin ] --END-- [ RunTime:0.000084s ]

[ 2017-10-29T23:15:56+08:00 ] 182.140.177.243 /index.php?s=/Home/Shop/index.html
INFO: [ app_init ] --START--
INFO: Run Common\Behavior\InitHook [ RunTime:0.000208s ]
INFO: [ app_init ] --END-- [ RunTime:0.000296s ]
INFO: [ app_begin ] --START--
INFO: Run Behavior\ReadHtmlCache [ RunTime:0.000045s ]
INFO: [ app_begin ] --END-- [ RunTime:0.000103s ]
SQL: SHOW COLUMNS FROM `user` [ RunTime:0.000465s ]
SQL: SELECT * FROM `user` WHERE ( user_id = 'o03wNwWkGKUI2zHsc2mqZJV2UHFM' ) LIMIT 1   [ RunTime:0.000076s ]
INFO: [ view_parse ] --START--
INFO: [ template_filter ] --START--
INFO: Run Behavior\ContentReplace [ RunTime:0.000103s ]
INFO: [ template_filter ] --END-- [ RunTime:0.000146s ]
INFO: Run Behavior\ParseTemplate [ RunTime:0.009050s ]
INFO: [ view_parse ] --END-- [ RunTime:0.009100s ]
INFO: [ view_filter ] --START--
INFO: Run Behavior\WriteHtmlCache [ RunTime:0.000037s ]
INFO: [ view_filter ] --END-- [ RunTime:0.000063s ]
INFO: [ app_end ] --START--
INFO: Run Behavior\ShowPageTrace [ RunTime:0.000037s ]
INFO: [ app_end ] --END-- [ RunTime:0.000075s ]

[ 2017-10-29T23:16:06+08:00 ] 182.140.177.243 /Home/User/location.html
INFO: [ app_init ] --START--
INFO: Run Common\Behavior\InitHook [ RunTime:0.000190s ]
INFO: [ app_init ] --END-- [ RunTime:0.000263s ]
INFO: [ app_begin ] --START--
INFO: Run Behavior\ReadHtmlCache [ RunTime:0.000029s ]
INFO: [ app_begin ] --END-- [ RunTime:0.000062s ]
INFO: [ view_parse ] --START--
INFO: [ template_filter ] --START--
INFO: Run Behavior\ContentReplace [ RunTime:0.000037s ]
INFO: [ template_filter ] --END-- [ RunTime:0.000076s ]
NOTIC: [8] Undefined variable: meta_title /www/web/yhd/public_html/Runtime/Cache/Home/5a34b4e97ec73f6b7f1e9a11bf898cdc.php 第 40 行.
INFO: Run Behavior\ParseTemplate [ RunTime:0.002079s ]
INFO: [ view_parse ] --END-- [ RunTime:0.002113s ]
INFO: [ view_filter ] --START--
INFO: Run Behavior\WriteHtmlCache [ RunTime:0.000028s ]
INFO: [ view_filter ] --END-- [ RunTime:0.000052s ]
INFO: [ app_end ] --START--
INFO: Run Behavior\ShowPageTrace [ RunTime:0.000035s ]
INFO: [ app_end ] --END-- [ RunTime:0.000070s ]

[ 2017-10-29T23:16:06+08:00 ] 182.140.177.243 /Home/Ajax/getWxAPI
INFO: [ app_init ] --START--
INFO: Run Common\Behavior\InitHook [ RunTime:0.000191s ]
INFO: [ app_init ] --END-- [ RunTime:0.000264s ]
INFO: [ app_begin ] --START--
INFO: Run Behavior\ReadHtmlCache [ RunTime:0.000026s ]
INFO: [ app_begin ] --END-- [ RunTime:0.000059s ]
SQL: SHOW COLUMNS FROM `wx` [ RunTime:0.000479s ]
SQL: SELECT * FROM `wx` WHERE ( name = 'jsapi_ticket' ) LIMIT 1   [ RunTime:0.000214s ]

[ 2017-10-29T23:17:15+08:00 ] 182.140.177.243 /Home/Shop/address.html
INFO: [ app_init ] --START--
INFO: Run Common\Behavior\InitHook [ RunTime:0.000205s ]
INFO: [ app_init ] --END-- [ RunTime:0.000282s ]
INFO: [ app_begin ] --START--
INFO: Run Behavior\ReadHtmlCache [ RunTime:0.000033s ]
INFO: [ app_begin ] --END-- [ RunTime:0.000069s ]
SQL: SHOW COLUMNS FROM `address` [ RunTime:0.000497s ]
SQL: SELECT * FROM `address` WHERE ( `user_id` = 'o03wNwWkGKUI2zHsc2mqZJV2UHFM' )  [ RunTime:0.000283s ]
INFO: [ view_parse ] --START--
INFO: [ template_filter ] --START--
INFO: Run Behavior\ContentReplace [ RunTime:0.000041s ]
INFO: [ template_filter ] --END-- [ RunTime:0.000078s ]
INFO: Run Behavior\ParseTemplate [ RunTime:0.003310s ]
INFO: [ view_parse ] --END-- [ RunTime:0.003351s ]
INFO: [ view_filter ] --START--
INFO: Run Behavior\WriteHtmlCache [ RunTime:0.000033s ]
INFO: [ view_filter ] --END-- [ RunTime:0.000057s ]
INFO: [ app_end ] --START--
INFO: Run Behavior\ShowPageTrace [ RunTime:0.000030s ]
INFO: [ app_end ] --END-- [ RunTime:0.000055s ]

[ 2017-10-29T23:17:17+08:00 ] 182.140.177.243 /Home/Shop/edit.html
INFO: [ app_init ] --START--
INFO: Run Common\Behavior\InitHook [ RunTime:0.000191s ]
INFO: [ app_init ] --END-- [ RunTime:0.000264s ]
INFO: [ app_begin ] --START--
INFO: Run Behavior\ReadHtmlCache [ RunTime:0.000028s ]
INFO: [ app_begin ] --END-- [ RunTime:0.000061s ]
SQL: SHOW COLUMNS FROM `address` [ RunTime:0.000516s ]
SQL: SELECT * FROM `address` WHERE ( `address_id` = 0 ) LIMIT 1   [ RunTime:0.000090s ]
INFO: [ view_parse ] --START--
INFO: [ template_filter ] --START--
INFO: Run Behavior\ContentReplace [ RunTime:0.000047s ]
INFO: [ template_filter ] --END-- [ RunTime:0.000084s ]
NOTIC: [8] Undefined variable: address /www/web/yhd/public_html/Runtime/Cache/Home/04d4874ed74b88c4ed2b99c74c58dbd0.php 第 57 行.
NOTIC: [8] Undefined variable: address /www/web/yhd/public_html/Runtime/Cache/Home/04d4874ed74b88c4ed2b99c74c58dbd0.php 第 65 行.
NOTIC: [8] Undefined variable: address /www/web/yhd/public_html/Runtime/Cache/Home/04d4874ed74b88c4ed2b99c74c58dbd0.php 第 73 行.
NOTIC: [8] Undefined variable: address /www/web/yhd/public_html/Runtime/Cache/Home/04d4874ed74b88c4ed2b99c74c58dbd0.php 第 77 行.
NOTIC: [8] Undefined variable: address /www/web/yhd/public_html/Runtime/Cache/Home/04d4874ed74b88c4ed2b99c74c58dbd0.php 第 83 行.
NOTIC: [8] Undefined variable: address /www/web/yhd/public_html/Runtime/Cache/Home/04d4874ed74b88c4ed2b99c74c58dbd0.php 第 95 行.
NOTIC: [8] Undefined variable: address /www/web/yhd/public_html/Runtime/Cache/Home/04d4874ed74b88c4ed2b99c74c58dbd0.php 第 106 行.
NOTIC: [8] Undefined variable: address /www/web/yhd/public_html/Runtime/Cache/Home/04d4874ed74b88c4ed2b99c74c58dbd0.php 第 114 行.
INFO: Run Behavior\ParseTemplate [ RunTime:0.003591s ]
INFO: [ view_parse ] --END-- [ RunTime:0.003624s ]
INFO: [ view_filter ] --START--
INFO: Run Behavior\WriteHtmlCache [ RunTime:0.000028s ]
INFO: [ view_filter ] --END-- [ RunTime:0.000052s ]
INFO: [ app_end ] --START--
INFO: Run Behavior\ShowPageTrace [ RunTime:0.000025s ]
INFO: [ app_end ] --END-- [ RunTime:0.000052s ]

[ 2017-10-29T23:17:25+08:00 ] 120.204.17.67 /Home/Shop/address.html
INFO: [ app_init ] --START--
INFO: Run Common\Behavior\InitHook [ RunTime:0.000223s ]
INFO: [ app_init ] --END-- [ RunTime:0.000299s ]
INFO: [ app_begin ] --START--
INFO: Run Behavior\ReadHtmlCache [ RunTime:0.000040s ]
INFO: [ app_begin ] --END-- [ RunTime:0.000082s ]
SQL: SHOW COLUMNS FROM `address` [ RunTime:0.000444s ]

[ 2017-10-29T23:17:28+08:00 ] 101.226.65.105 /Home/Shop/address.html
INFO: [ app_init ] --START--
INFO: Run Common\Behavior\InitHook [ RunTime:0.000183s ]
INFO: [ app_init ] --END-- [ RunTime:0.000256s ]
INFO: [ app_begin ] --START--
INFO: Run Behavior\ReadHtmlCache [ RunTime:0.000038s ]
INFO: [ app_begin ] --END-- [ RunTime:0.000072s ]
SQL: SHOW COLUMNS FROM `address` [ RunTime:0.000478s ]

[ 2017-10-29T23:17:38+08:00 ] 182.140.177.243 /Home/Shop/edit.html
INFO: [ app_init ] --START--
INFO: Run Common\Behavior\InitHook [ RunTime:0.000245s ]
INFO: [ app_init ] --END-- [ RunTime:0.000343s ]
INFO: [ app_begin ] --START--
INFO: Run Behavior\ReadHtmlCache [ RunTime:0.000028s ]
INFO: [ app_begin ] --END-- [ RunTime:0.000067s ]
SQL: SHOW COLUMNS FROM `address` [ RunTime:0.000498s ]
SQL: INSERT INTO `address` (`address_id`,`name`,`sex`,`tell`,`site`,`xxsite`,`user_id`) VALUES (0,'雷出牌哦',1,'942','宜宾学院','13舍515','o03wNwWkGKUI2zHsc2mqZJV2UHFM') [ RunTime:0.004229s ]

[ 2017-10-29T23:17:38+08:00 ] 182.140.177.243 /index.php?s=/Home/Shop/address.html
INFO: [ app_init ] --START--
INFO: Run Common\Behavior\InitHook [ RunTime:0.000187s ]
INFO: [ app_init ] --END-- [ RunTime:0.000260s ]
INFO: [ app_begin ] --START--
INFO: Run Behavior\ReadHtmlCache [ RunTime:0.000028s ]
INFO: [ app_begin ] --END-- [ RunTime:0.000062s ]
SQL: SHOW COLUMNS FROM `address` [ RunTime:0.000523s ]
SQL: SELECT * FROM `address` WHERE ( `user_id` = 'o03wNwWkGKUI2zHsc2mqZJV2UHFM' )  [ RunTime:0.000214s ]
INFO: [ view_parse ] --START--
INFO: [ template_filter ] --START--
INFO: Run Behavior\ContentReplace [ RunTime:0.000044s ]
INFO: [ template_filter ] --END-- [ RunTime:0.000084s ]
INFO: Run Behavior\ParseTemplate [ RunTime:0.003620s ]
INFO: [ view_parse ] --END-- [ RunTime:0.003662s ]
INFO: [ view_filter ] --START--
INFO: Run Behavior\WriteHtmlCache [ RunTime:0.000028s ]
INFO: [ view_filter ] --END-- [ RunTime:0.000054s ]
INFO: [ app_end ] --START--
INFO: Run Behavior\ShowPageTrace [ RunTime:0.000026s ]
INFO: [ app_end ] --END-- [ RunTime:0.000053s ]

[ 2017-10-29T23:17:44+08:00 ] 182.140.177.243 /Home/Ajax/addressDelete
INFO: [ app_init ] --START--
INFO: Run Common\Behavior\InitHook [ RunTime:0.000215s ]
INFO: [ app_init ] --END-- [ RunTime:0.000291s ]
INFO: [ app_begin ] --START--
INFO: Run Behavior\ReadHtmlCache [ RunTime:0.000031s ]
INFO: [ app_begin ] --END-- [ RunTime:0.000068s ]
SQL: SHOW COLUMNS FROM `address` [ RunTime:0.000508s ]
SQL: DELETE FROM `address` WHERE ( `address_id` = 29 ) [ RunTime:0.003382s ]

[ 2017-10-29T23:17:48+08:00 ] 120.204.17.73 /index.php?s=/Home/Shop/address.html
INFO: [ app_init ] --START--
INFO: Run Common\Behavior\InitHook [ RunTime:0.000188s ]
INFO: [ app_init ] --END-- [ RunTime:0.000263s ]
INFO: [ app_begin ] --START--
INFO: Run Behavior\ReadHtmlCache [ RunTime:0.000038s ]
INFO: [ app_begin ] --END-- [ RunTime:0.000083s ]
SQL: SHOW COLUMNS FROM `address` [ RunTime:0.000541s ]

[ 2017-10-29T23:17:49+08:00 ] 182.140.177.243 /Home/Shop/edit.html
INFO: [ app_init ] --START--
INFO: Run Common\Behavior\InitHook [ RunTime:0.000183s ]
INFO: [ app_init ] --END-- [ RunTime:0.000277s ]
INFO: [ app_begin ] --START--
INFO: Run Behavior\ReadHtmlCache [ RunTime:0.000031s ]
INFO: [ app_begin ] --END-- [ RunTime:0.000066s ]
SQL: SHOW COLUMNS FROM `address` [ RunTime:0.000488s ]
SQL: SELECT * FROM `address` WHERE ( `address_id` = 0 ) LIMIT 1   [ RunTime:0.000227s ]
INFO: [ view_parse ] --START--
INFO: [ template_filter ] --START--
INFO: Run Behavior\ContentReplace [ RunTime:0.000045s ]
INFO: [ template_filter ] --END-- [ RunTime:0.000090s ]
NOTIC: [8] Undefined variable: address /www/web/yhd/public_html/Runtime/Cache/Home/04d4874ed74b88c4ed2b99c74c58dbd0.php 第 57 行.
NOTIC: [8] Undefined variable: address /www/web/yhd/public_html/Runtime/Cache/Home/04d4874ed74b88c4ed2b99c74c58dbd0.php 第 65 行.
NOTIC: [8] Undefined variable: address /www/web/yhd/public_html/Runtime/Cache/Home/04d4874ed74b88c4ed2b99c74c58dbd0.php 第 73 行.
NOTIC: [8] Undefined variable: address /www/web/yhd/public_html/Runtime/Cache/Home/04d4874ed74b88c4ed2b99c74c58dbd0.php 第 77 行.
NOTIC: [8] Undefined variable: address /www/web/yhd/public_html/Runtime/Cache/Home/04d4874ed74b88c4ed2b99c74c58dbd0.php 第 83 行.
NOTIC: [8] Undefined variable: address /www/web/yhd/public_html/Runtime/Cache/Home/04d4874ed74b88c4ed2b99c74c58dbd0.php 第 95 行.
NOTIC: [8] Undefined variable: address /www/web/yhd/public_html/Runtime/Cache/Home/04d4874ed74b88c4ed2b99c74c58dbd0.php 第 106 行.
NOTIC: [8] Undefined variable: address /www/web/yhd/public_html/Runtime/Cache/Home/04d4874ed74b88c4ed2b99c74c58dbd0.php 第 114 行.
INFO: Run Behavior\ParseTemplate [ RunTime:0.003565s ]
INFO: [ view_parse ] --END-- [ RunTime:0.003599s ]
INFO: [ view_filter ] --START--
INFO: Run Behavior\WriteHtmlCache [ RunTime:0.000028s ]
INFO: [ view_filter ] --END-- [ RunTime:0.000052s ]
INFO: [ app_end ] --START--
INFO: Run Behavior\ShowPageTrace [ RunTime:0.000030s ]
INFO: [ app_end ] --END-- [ RunTime:0.000061s ]

[ 2017-10-29T23:17:50+08:00 ] 180.163.2.118 /index.php?s=/Home/Shop/address.html
INFO: [ app_init ] --START--
INFO: Run Common\Behavior\InitHook [ RunTime:0.000187s ]
INFO: [ app_init ] --END-- [ RunTime:0.000267s ]
INFO: [ app_begin ] --START--
INFO: Run Behavior\ReadHtmlCache [ RunTime:0.000029s ]
INFO: [ app_begin ] --END-- [ RunTime:0.000063s ]
SQL: SHOW COLUMNS FROM `address` [ RunTime:0.000472s ]

[ 2017-10-29T23:17:59+08:00 ] 182.140.177.243 /Home/Shop/address.html
INFO: [ app_init ] --START--
INFO: Run Common\Behavior\InitHook [ RunTime:0.000189s ]
INFO: [ app_init ] --END-- [ RunTime:0.000262s ]
INFO: [ app_begin ] --START--
INFO: Run Behavior\ReadHtmlCache [ RunTime:0.000044s ]
INFO: [ app_begin ] --END-- [ RunTime:0.000094s ]
SQL: SHOW COLUMNS FROM `address` [ RunTime:0.000503s ]
SQL: SELECT * FROM `address` WHERE ( `user_id` = 'o03wNwWkGKUI2zHsc2mqZJV2UHFM' )  [ RunTime:0.000231s ]
INFO: [ view_parse ] --START--
INFO: [ template_filter ] --START--
INFO: Run Behavior\ContentReplace [ RunTime:0.000046s ]
INFO: [ template_filter ] --END-- [ RunTime:0.000094s ]
INFO: Run Behavior\ParseTemplate [ RunTime:0.003649s ]
INFO: [ view_parse ] --END-- [ RunTime:0.003698s ]
INFO: [ view_filter ] --START--
INFO: Run Behavior\WriteHtmlCache [ RunTime:0.000028s ]
INFO: [ view_filter ] --END-- [ RunTime:0.000053s ]
INFO: [ app_end ] --START--
INFO: Run Behavior\ShowPageTrace [ RunTime:0.000032s ]
INFO: [ app_end ] --END-- [ RunTime:0.000059s ]

[ 2017-10-29T23:18:34+08:00 ] 182.140.177.243 /Home/Shop/detail.html
INFO: [ app_init ] --START--
INFO: Run Common\Behavior\InitHook [ RunTime:0.000244s ]
INFO: [ app_init ] --END-- [ RunTime:0.000332s ]
INFO: [ app_begin ] --START--
INFO: Run Behavior\ReadHtmlCache [ RunTime:0.000032s ]
INFO: [ app_begin ] --END-- [ RunTime:0.000068s ]
INFO: [ view_parse ] --START--
INFO: [ template_filter ] --START--
INFO: Run Behavior\ContentReplace [ RunTime:0.000084s ]
INFO: [ template_filter ] --END-- [ RunTime:0.000131s ]
INFO: Run Behavior\ParseTemplate [ RunTime:0.008829s ]
INFO: [ view_parse ] --END-- [ RunTime:0.008873s ]
INFO: [ view_filter ] --START--
INFO: Run Behavior\WriteHtmlCache [ RunTime:0.000035s ]
INFO: [ view_filter ] --END-- [ RunTime:0.000060s ]
INFO: [ app_end ] --START--
INFO: Run Behavior\ShowPageTrace [ RunTime:0.000037s ]
INFO: [ app_end ] --END-- [ RunTime:0.000075s ]

[ 2017-10-29T23:21:04+08:00 ] 101.226.66.174 /Home/Shop/address.html
INFO: [ app_init ] --START--
INFO: Run Common\Behavior\InitHook [ RunTime:0.000230s ]
INFO: [ app_init ] --END-- [ RunTime:0.000340s ]
INFO: [ app_begin ] --START--
INFO: Run Behavior\ReadHtmlCache [ RunTime:0.000035s ]
INFO: [ app_begin ] --END-- [ RunTime:0.000070s ]
SQL: SHOW COLUMNS FROM `address` [ RunTime:0.000445s ]

[ 2017-10-29T23:27:39+08:00 ] 182.131.11.251 /
INFO: [ app_init ] --START--
INFO: Run Common\Behavior\InitHook [ RunTime:0.000223s ]
INFO: [ app_init ] --END-- [ RunTime:0.000303s ]
INFO: [ app_begin ] --START--
INFO: Run Behavior\ReadHtmlCache [ RunTime:0.000050s ]
INFO: [ app_begin ] --END-- [ RunTime:0.000093s ]

[ 2017-10-29T23:27:40+08:00 ] 182.131.11.251 /index.php?s=/Home/Shop/index.html
INFO: [ app_init ] --START--
INFO: Run Common\Behavior\InitHook [ RunTime:0.000187s ]
INFO: [ app_init ] --END-- [ RunTime:0.000261s ]
INFO: [ app_begin ] --START--
INFO: Run Behavior\ReadHtmlCache [ RunTime:0.000036s ]
INFO: [ app_begin ] --END-- [ RunTime:0.000073s ]

[ 2017-10-29T23:27:41+08:00 ] 182.131.11.251 /index.php?s=/Home/Oauth/index.html&code=021vjJ170fvQJK1YVk370AjZ170vjJ1P&state=1
INFO: [ app_init ] --START--
INFO: Run Common\Behavior\InitHook [ RunTime:0.000207s ]
INFO: [ app_init ] --END-- [ RunTime:0.000306s ]
INFO: [ app_begin ] --START--
INFO: Run Behavior\ReadHtmlCache [ RunTime:0.000028s ]
INFO: [ app_begin ] --END-- [ RunTime:0.000063s ]
SQL: SHOW COLUMNS FROM `user` [ RunTime:0.000571s ]
SQL: SELECT * FROM `user` WHERE ( user_id = 'o03wNwfGjr0PdxhMN5OLPi_GPxvM' ) LIMIT 1   [ RunTime:0.000199s ]
SQL: INSERT INTO `user` (`user_id`,`nickname`,`head_img`,`is_shoper`) VALUES ('o03wNwfGjr0PdxhMN5OLPi_GPxvM','who am i','http://wx.qlogo.cn/mmhead/LIMVN2XWG8E5k6VQvkyeTjkxfXV3Odxjicau6D0Iia2G549z7SPLQHBQ/0',0) [ RunTime:0.000406s ]

[ 2017-10-29T23:27:41+08:00 ] 182.131.11.251 /index.php?s=/Home/Shop/index.html
INFO: [ app_init ] --START--
INFO: Run Common\Behavior\InitHook [ RunTime:0.000192s ]
INFO: [ app_init ] --END-- [ RunTime:0.000268s ]
INFO: [ app_begin ] --START--
INFO: Run Behavior\ReadHtmlCache [ RunTime:0.000106s ]
INFO: [ app_begin ] --END-- [ RunTime:0.000154s ]
SQL: SHOW COLUMNS FROM `user` [ RunTime:0.000459s ]
SQL: SELECT * FROM `user` WHERE ( user_id = 'o03wNwfGjr0PdxhMN5OLPi_GPxvM' ) LIMIT 1   [ RunTime:0.000197s ]
INFO: [ view_parse ] --START--
INFO: [ template_filter ] --START--
INFO: Run Behavior\ContentReplace [ RunTime:0.000124s ]
INFO: [ template_filter ] --END-- [ RunTime:0.000178s ]
INFO: Run Behavior\ParseTemplate [ RunTime:0.008792s ]
INFO: [ view_parse ] --END-- [ RunTime:0.008840s ]
INFO: [ view_filter ] --START--
INFO: Run Behavior\WriteHtmlCache [ RunTime:0.000064s ]
INFO: [ view_filter ] --END-- [ RunTime:0.000093s ]
INFO: [ app_end ] --START--
INFO: Run Behavior\ShowPageTrace [ RunTime:0.000037s ]
INFO: [ app_end ] --END-- [ RunTime:0.000076s ]

[ 2017-10-29T23:27:50+08:00 ] 120.204.17.71 /index.php?s=/Home/Shop/index.html
INFO: [ app_init ] --START--
INFO: Run Common\Behavior\InitHook [ RunTime:0.000195s ]
INFO: [ app_init ] --END-- [ RunTime:0.000273s ]
INFO: [ app_begin ] --START--
INFO: Run Behavior\ReadHtmlCache [ RunTime:0.000042s ]
INFO: [ app_begin ] --END-- [ RunTime:0.000128s ]

[ 2017-10-29T23:27:52+08:00 ] 101.226.33.239 /index.php?s=/Home/Shop/index.html
INFO: [ app_init ] --START--
INFO: Run Common\Behavior\InitHook [ RunTime:0.000182s ]
INFO: [ app_init ] --END-- [ RunTime:0.000255s ]
INFO: [ app_begin ] --START--
INFO: Run Behavior\ReadHtmlCache [ RunTime:0.000029s ]
INFO: [ app_begin ] --END-- [ RunTime:0.000062s ]

[ 2017-10-29T23:29:45+08:00 ] 182.131.11.251 /
INFO: [ app_init ] --START--
INFO: Run Common\Behavior\InitHook [ RunTime:0.000233s ]
INFO: [ app_init ] --END-- [ RunTime:0.000343s ]
INFO: [ app_begin ] --START--
INFO: Run Behavior\ReadHtmlCache [ RunTime:0.000033s ]
INFO: [ app_begin ] --END-- [ RunTime:0.000069s ]

[ 2017-10-29T23:29:45+08:00 ] 182.131.11.251 /index.php?s=/Home/Shop/index.html
INFO: [ app_init ] --START--
INFO: Run Common\Behavior\InitHook [ RunTime:0.000192s ]
INFO: [ app_init ] --END-- [ RunTime:0.000265s ]
INFO: [ app_begin ] --START--
INFO: Run Behavior\ReadHtmlCache [ RunTime:0.000039s ]
INFO: [ app_begin ] --END-- [ RunTime:0.000089s ]
SQL: SHOW COLUMNS FROM `user` [ RunTime:0.000508s ]
SQL: SELECT * FROM `user` WHERE ( user_id = 'o03wNwfGjr0PdxhMN5OLPi_GPxvM' ) LIMIT 1   [ RunTime:0.000122s ]
INFO: [ view_parse ] --START--
INFO: [ template_filter ] --START--
INFO: Run Behavior\ContentReplace [ RunTime:0.000119s ]
INFO: [ template_filter ] --END-- [ RunTime:0.000163s ]
INFO: Run Behavior\ParseTemplate [ RunTime:0.008381s ]
INFO: [ view_parse ] --END-- [ RunTime:0.008428s ]
INFO: [ view_filter ] --START--
INFO: Run Behavior\WriteHtmlCache [ RunTime:0.000035s ]
INFO: [ view_filter ] --END-- [ RunTime:0.000062s ]
INFO: [ app_end ] --START--
INFO: Run Behavior\ShowPageTrace [ RunTime:0.000039s ]
INFO: [ app_end ] --END-- [ RunTime:0.000076s ]

[ 2017-10-29T23:30:26+08:00 ] 182.131.11.251 /
INFO: [ app_init ] --START--
INFO: Run Common\Behavior\InitHook [ RunTime:0.000194s ]
INFO: [ app_init ] --END-- [ RunTime:0.000286s ]
INFO: [ app_begin ] --START--
INFO: Run Behavior\ReadHtmlCache [ RunTime:0.000029s ]
INFO: [ app_begin ] --END-- [ RunTime:0.000064s ]

[ 2017-10-29T23:30:26+08:00 ] 182.131.11.251 /index.php?s=/Home/Shop/index.html
INFO: [ app_init ] --START--
INFO: Run Common\Behavior\InitHook [ RunTime:0.000185s ]
INFO: [ app_init ] --END-- [ RunTime:0.000268s ]
INFO: [ app_begin ] --START--
INFO: Run Behavior\ReadHtmlCache [ RunTime:0.000030s ]
INFO: [ app_begin ] --END-- [ RunTime:0.000065s ]
SQL: SHOW COLUMNS FROM `user` [ RunTime:0.000495s ]
SQL: SELECT * FROM `user` WHERE ( user_id = 'o03wNwfGjr0PdxhMN5OLPi_GPxvM' ) LIMIT 1   [ RunTime:0.000077s ]
INFO: [ view_parse ] --START--
INFO: [ template_filter ] --START--
INFO: Run Behavior\ContentReplace [ RunTime:0.000117s ]
INFO: [ template_filter ] --END-- [ RunTime:0.000161s ]
INFO: Run Behavior\ParseTemplate [ RunTime:0.008369s ]
INFO: [ view_parse ] --END-- [ RunTime:0.008411s ]
INFO: [ view_filter ] --START--
INFO: Run Behavior\WriteHtmlCache [ RunTime:0.000030s ]
INFO: [ view_filter ] --END-- [ RunTime:0.000089s ]
INFO: [ app_end ] --START--
INFO: Run Behavior\ShowPageTrace [ RunTime:0.000034s ]
INFO: [ app_end ] --END-- [ RunTime:0.000071s ]

[ 2017-10-29T23:31:18+08:00 ] 182.131.11.251 /Home/User/location.html
INFO: [ app_init ] --START--
INFO: Run Common\Behavior\InitHook [ RunTime:0.000232s ]
INFO: [ app_init ] --END-- [ RunTime:0.000323s ]
INFO: [ app_begin ] --START--
INFO: Run Behavior\ReadHtmlCache [ RunTime:0.000033s ]
INFO: [ app_begin ] --END-- [ RunTime:0.000068s ]
INFO: [ view_parse ] --START--
INFO: [ template_filter ] --START--
INFO: Run Behavior\ContentReplace [ RunTime:0.000038s ]
INFO: [ template_filter ] --END-- [ RunTime:0.000076s ]
NOTIC: [8] Undefined variable: meta_title /www/web/yhd/public_html/Runtime/Cache/Home/5a34b4e97ec73f6b7f1e9a11bf898cdc.php 第 40 行.
INFO: Run Behavior\ParseTemplate [ RunTime:0.002084s ]
INFO: [ view_parse ] --END-- [ RunTime:0.002120s ]
INFO: [ view_filter ] --START--
INFO: Run Behavior\WriteHtmlCache [ RunTime:0.000034s ]
INFO: [ view_filter ] --END-- [ RunTime:0.000074s ]
INFO: [ app_end ] --START--
INFO: Run Behavior\ShowPageTrace [ RunTime:0.000043s ]
INFO: [ app_end ] --END-- [ RunTime:0.000086s ]

[ 2017-10-29T23:31:19+08:00 ] 182.131.11.251 /Home/Ajax/getWxAPI
INFO: [ app_init ] --START--
INFO: Run Common\Behavior\InitHook [ RunTime:0.000218s ]
INFO: [ app_init ] --END-- [ RunTime:0.000313s ]
INFO: [ app_begin ] --START--
INFO: Run Behavior\ReadHtmlCache [ RunTime:0.000038s ]
INFO: [ app_begin ] --END-- [ RunTime:0.000123s ]
SQL: SHOW COLUMNS FROM `wx` [ RunTime:0.000524s ]
SQL: SELECT * FROM `wx` WHERE ( name = 'jsapi_ticket' ) LIMIT 1   [ RunTime:0.000117s ]

