[ 2017-10-19T12:45:19+08:00 ] 182.140.177.243 /index.php?s=/Home/Shop/index.html
INFO: [ app_begin ] --START--
INFO: Run Behavior\ReadHtmlCache [ RunTime:0.000068s ]
INFO: [ app_begin ] --END-- [ RunTime:0.000122s ]
SQL: SHOW COLUMNS FROM `user` [ RunTime:0.000489s ]
SQL: SELECT * FROM `user` WHERE ( user_id = 'o03wNwWkGKUI2zHsc2mqZJV2UHFM' ) LIMIT 1   [ RunTime:0.000075s ]
INFO: [ view_parse ] --START--
INFO: [ template_filter ] --START--
INFO: Run Behavior\ContentReplace [ RunTime:0.000069s ]
INFO: [ template_filter ] --END-- [ RunTime:0.000120s ]
INFO: Run Behavior\ParseTemplate [ RunTime:0.004011s ]
INFO: [ view_parse ] --END-- [ RunTime:0.004054s ]
INFO: [ view_filter ] --START--
INFO: Run Behavior\WriteHtmlCache [ RunTime:0.000066s ]
INFO: [ view_filter ] --END-- [ RunTime:0.000091s ]
INFO: [ app_end ] --START--
INFO: Run Behavior\ShowPageTrace [ RunTime:0.000074s ]
INFO: [ app_end ] --END-- [ RunTime:0.000115s ]

[ 2017-10-19T12:45:22+08:00 ] 182.140.177.243 /index.php?s=/Home/Shop/index.html
INFO: [ app_begin ] --START--
INFO: Run Behavior\ReadHtmlCache [ RunTime:0.000116s ]
INFO: [ app_begin ] --END-- [ RunTime:0.000171s ]
SQL: SHOW COLUMNS FROM `user` [ RunTime:0.000479s ]
SQL: SELECT * FROM `user` WHERE ( user_id = 'o03wNwWkGKUI2zHsc2mqZJV2UHFM' ) LIMIT 1   [ RunTime:0.000071s ]
INFO: [ view_parse ] --START--
INFO: [ template_filter ] --START--
INFO: Run Behavior\ContentReplace [ RunTime:0.000055s ]
INFO: [ template_filter ] --END-- [ RunTime:0.000094s ]
INFO: Run Behavior\ParseTemplate [ RunTime:0.004034s ]
INFO: [ view_parse ] --END-- [ RunTime:0.004083s ]
INFO: [ view_filter ] --START--
INFO: Run Behavior\WriteHtmlCache [ RunTime:0.000055s ]
INFO: [ view_filter ] --END-- [ RunTime:0.000079s ]
INFO: [ app_end ] --START--
INFO: Run Behavior\ShowPageTrace [ RunTime:0.000046s ]
INFO: [ app_end ] --END-- [ RunTime:0.000071s ]

[ 2017-10-19T12:45:45+08:00 ] 182.140.177.243 /index.php?s=/Home/Shop/index.html
INFO: [ app_begin ] --START--
INFO: Run Behavior\ReadHtmlCache [ RunTime:0.000056s ]
INFO: [ app_begin ] --END-- [ RunTime:0.000118s ]
SQL: SHOW COLUMNS FROM `user` [ RunTime:0.000520s ]
SQL: SELECT * FROM `user` WHERE ( user_id = 'o03wNwWkGKUI2zHsc2mqZJV2UHFM' ) LIMIT 1   [ RunTime:0.000076s ]
INFO: [ view_parse ] --START--
INFO: [ template_filter ] --START--
INFO: Run Behavior\ContentReplace [ RunTime:0.000060s ]
INFO: [ template_filter ] --END-- [ RunTime:0.000101s ]
INFO: Run Behavior\ParseTemplate [ RunTime:0.004294s ]
INFO: [ view_parse ] --END-- [ RunTime:0.004338s ]
INFO: [ view_filter ] --START--
INFO: Run Behavior\WriteHtmlCache [ RunTime:0.000062s ]
INFO: [ view_filter ] --END-- [ RunTime:0.000092s ]
INFO: [ app_end ] --START--
INFO: Run Behavior\ShowPageTrace [ RunTime:0.000059s ]
INFO: [ app_end ] --END-- [ RunTime:0.000094s ]

[ 2017-10-19T12:45:49+08:00 ] 182.140.177.243 /index.php?s=/Home/Shop/index.html
INFO: [ app_begin ] --START--
INFO: Run Behavior\ReadHtmlCache [ RunTime:0.000053s ]
INFO: [ app_begin ] --END-- [ RunTime:0.000117s ]
SQL: SHOW COLUMNS FROM `user` [ RunTime:0.000510s ]
SQL: SELECT * FROM `user` WHERE ( user_id = 'o03wNwWkGKUI2zHsc2mqZJV2UHFM' ) LIMIT 1   [ RunTime:0.000079s ]
INFO: [ view_parse ] --START--
INFO: [ template_filter ] --START--
INFO: Run Behavior\ContentReplace [ RunTime:0.000054s ]
INFO: [ template_filter ] --END-- [ RunTime:0.000093s ]
INFO: Run Behavior\ParseTemplate [ RunTime:0.003857s ]
INFO: [ view_parse ] --END-- [ RunTime:0.003898s ]
INFO: [ view_filter ] --START--
INFO: Run Behavior\WriteHtmlCache [ RunTime:0.000058s ]
INFO: [ view_filter ] --END-- [ RunTime:0.000090s ]
INFO: [ app_end ] --START--
INFO: Run Behavior\ShowPageTrace [ RunTime:0.000051s ]
INFO: [ app_end ] --END-- [ RunTime:0.000083s ]

[ 2017-10-19T13:09:35+08:00 ] 125.64.220.15 /Home/Ajax/getFeatures
INFO: [ app_begin ] --START--
INFO: Run Behavior\ReadHtmlCache [ RunTime:0.000047s ]
INFO: [ app_begin ] --END-- [ RunTime:0.000096s ]
SQL: SHOW COLUMNS FROM `feature` [ RunTime:0.000471s ]
SQL: SELECT * FROM `feature`  [ RunTime:0.000221s ]

[ 2017-10-19T13:10:25+08:00 ] 125.64.220.15 /Home/Ajax/getFeatures
INFO: [ app_begin ] --START--
INFO: Run Behavior\ReadHtmlCache [ RunTime:0.000048s ]
INFO: [ app_begin ] --END-- [ RunTime:0.000099s ]
SQL: SHOW COLUMNS FROM `feature` [ RunTime:0.000495s ]
SQL: SELECT * FROM `feature`  [ RunTime:0.000096s ]

[ 2017-10-19T13:10:34+08:00 ] 125.64.220.15 /Home/Ajax/getFeatures
INFO: [ app_begin ] --START--
INFO: Run Behavior\ReadHtmlCache [ RunTime:0.000047s ]
INFO: [ app_begin ] --END-- [ RunTime:0.000094s ]
SQL: SHOW COLUMNS FROM `feature` [ RunTime:0.000483s ]
SQL: SELECT * FROM `feature`  [ RunTime:0.000081s ]

[ 2017-10-19T13:10:47+08:00 ] 125.64.220.15 /Home/Ajax/getFeatures
INFO: [ app_begin ] --START--
INFO: Run Behavior\ReadHtmlCache [ RunTime:0.000069s ]
INFO: [ app_begin ] --END-- [ RunTime:0.000139s ]
SQL: SHOW COLUMNS FROM `feature` [ RunTime:0.000504s ]
SQL: SELECT * FROM `feature`  [ RunTime:0.000105s ]

[ 2017-10-19T13:11:02+08:00 ] 125.64.220.15 /Home/Ajax/getFeatures
INFO: [ app_begin ] --START--
INFO: Run Behavior\ReadHtmlCache [ RunTime:0.000047s ]
INFO: [ app_begin ] --END-- [ RunTime:0.000097s ]
SQL: SHOW COLUMNS FROM `feature` [ RunTime:0.000463s ]
SQL: SELECT * FROM `feature`  [ RunTime:0.000081s ]

[ 2017-10-19T13:11:09+08:00 ] 125.64.220.15 /Home/Ajax/getFeatures
INFO: [ app_begin ] --START--
INFO: Run Behavior\ReadHtmlCache [ RunTime:0.000047s ]
INFO: [ app_begin ] --END-- [ RunTime:0.000094s ]
SQL: SHOW COLUMNS FROM `feature` [ RunTime:0.000481s ]
SQL: SELECT * FROM `feature`  [ RunTime:0.000078s ]

[ 2017-10-19T13:12:01+08:00 ] 125.64.220.15 /Home/Ajax/getFeatures
INFO: [ app_begin ] --START--
INFO: Run Behavior\ReadHtmlCache [ RunTime:0.000050s ]
INFO: [ app_begin ] --END-- [ RunTime:0.000101s ]
SQL: SHOW COLUMNS FROM `feature` [ RunTime:0.000609s ]
SQL: SELECT * FROM `feature`  [ RunTime:0.000237s ]

[ 2017-10-19T13:12:08+08:00 ] 125.64.220.15 /Home/Ajax/getFeatures
INFO: [ app_begin ] --START--
INFO: Run Behavior\ReadHtmlCache [ RunTime:0.000048s ]
INFO: [ app_begin ] --END-- [ RunTime:0.000106s ]
SQL: SHOW COLUMNS FROM `feature` [ RunTime:0.000478s ]
SQL: SELECT * FROM `feature`  [ RunTime:0.000080s ]

[ 2017-10-19T13:16:55+08:00 ] 125.64.220.15 /Home/Ajax/getFeatures
INFO: [ app_begin ] --START--
INFO: Run Behavior\ReadHtmlCache [ RunTime:0.000050s ]
INFO: [ app_begin ] --END-- [ RunTime:0.000100s ]
SQL: SHOW COLUMNS FROM `feature` [ RunTime:0.000450s ]
SQL: SELECT * FROM `feature`  [ RunTime:0.000091s ]

[ 2017-10-19T13:17:08+08:00 ] 125.64.220.15 /Home/Ajax/getFeatures
INFO: [ app_begin ] --START--
INFO: Run Behavior\ReadHtmlCache [ RunTime:0.000046s ]
INFO: [ app_begin ] --END-- [ RunTime:0.000093s ]
SQL: SHOW COLUMNS FROM `feature` [ RunTime:0.000520s ]
SQL: SELECT * FROM `feature`  [ RunTime:0.000079s ]

[ 2017-10-19T13:17:50+08:00 ] 125.64.220.15 /Home/Ajax/getFeatures
INFO: [ app_begin ] --START--
INFO: Run Behavior\ReadHtmlCache [ RunTime:0.000046s ]
INFO: [ app_begin ] --END-- [ RunTime:0.000094s ]
SQL: SHOW COLUMNS FROM `feature` [ RunTime:0.000506s ]
SQL: SELECT * FROM `feature`  [ RunTime:0.000081s ]

[ 2017-10-19T13:17:51+08:00 ] 125.64.220.15 /Home/Ajax/getFeatures
INFO: [ app_begin ] --START--
INFO: Run Behavior\ReadHtmlCache [ RunTime:0.000047s ]
INFO: [ app_begin ] --END-- [ RunTime:0.000095s ]
SQL: SHOW COLUMNS FROM `feature` [ RunTime:0.000500s ]
SQL: SELECT * FROM `feature`  [ RunTime:0.000101s ]

[ 2017-10-19T13:17:54+08:00 ] 125.64.220.15 /Home/Ajax/getFeatures
INFO: [ app_begin ] --START--
INFO: Run Behavior\ReadHtmlCache [ RunTime:0.000053s ]
INFO: [ app_begin ] --END-- [ RunTime:0.000108s ]
SQL: SHOW COLUMNS FROM `feature` [ RunTime:0.000503s ]
SQL: SELECT * FROM `feature`  [ RunTime:0.000081s ]

[ 2017-10-19T13:17:56+08:00 ] 125.64.220.15 /Home/Ajax/getFeatures
INFO: [ app_begin ] --START--
INFO: Run Behavior\ReadHtmlCache [ RunTime:0.000049s ]
INFO: [ app_begin ] --END-- [ RunTime:0.000098s ]
SQL: SHOW COLUMNS FROM `feature` [ RunTime:0.000485s ]
SQL: SELECT * FROM `feature`  [ RunTime:0.000104s ]

[ 2017-10-19T13:18:08+08:00 ] 125.64.220.15 /Home/Ajax/getFeatures
INFO: [ app_begin ] --START--
INFO: Run Behavior\ReadHtmlCache [ RunTime:0.000057s ]
INFO: [ app_begin ] --END-- [ RunTime:0.000107s ]
SQL: SHOW COLUMNS FROM `feature` [ RunTime:0.000487s ]
SQL: SELECT * FROM `feature`  [ RunTime:0.000079s ]

[ 2017-10-19T13:26:00+08:00 ] 125.64.220.15 /Home/Ajax/getFeatures
INFO: [ app_begin ] --START--
INFO: Run Behavior\ReadHtmlCache [ RunTime:0.000054s ]
INFO: [ app_begin ] --END-- [ RunTime:0.000116s ]
SQL: SHOW COLUMNS FROM `feature` [ RunTime:0.000510s ]
SQL: SELECT * FROM `feature`  [ RunTime:0.000081s ]

[ 2017-10-19T13:26:08+08:00 ] 125.64.220.15 /Home/Ajax/getFeatures
INFO: [ app_begin ] --START--
INFO: Run Behavior\ReadHtmlCache [ RunTime:0.000049s ]
INFO: [ app_begin ] --END-- [ RunTime:0.000099s ]
SQL: SHOW COLUMNS FROM `feature` [ RunTime:0.000508s ]
SQL: SELECT * FROM `feature`  [ RunTime:0.000100s ]

[ 2017-10-19T13:26:18+08:00 ] 125.64.220.15 /Home/Ajax/getFeatures
INFO: [ app_begin ] --START--
INFO: Run Behavior\ReadHtmlCache [ RunTime:0.000050s ]
INFO: [ app_begin ] --END-- [ RunTime:0.000106s ]
SQL: SHOW COLUMNS FROM `feature` [ RunTime:0.000444s ]
SQL: SELECT * FROM `feature`  [ RunTime:0.000196s ]

[ 2017-10-19T13:26:48+08:00 ] 125.64.220.15 /Home/Ajax/getFeatures
INFO: [ app_begin ] --START--
INFO: Run Behavior\ReadHtmlCache [ RunTime:0.000051s ]
INFO: [ app_begin ] --END-- [ RunTime:0.000114s ]
SQL: SHOW COLUMNS FROM `feature` [ RunTime:0.000553s ]
SQL: SELECT * FROM `feature`  [ RunTime:0.000085s ]

[ 2017-10-19T13:28:01+08:00 ] 125.64.220.15 /Home/Ajax/getFeatures
INFO: [ app_begin ] --START--
INFO: Run Behavior\ReadHtmlCache [ RunTime:0.000058s ]
INFO: [ app_begin ] --END-- [ RunTime:0.000108s ]
SQL: SHOW COLUMNS FROM `feature` [ RunTime:0.000580s ]
SQL: SELECT * FROM `feature`  [ RunTime:0.000082s ]

[ 2017-10-19T13:28:11+08:00 ] 125.64.220.15 /Home/Ajax/getFeatures
INFO: [ app_begin ] --START--
INFO: Run Behavior\ReadHtmlCache [ RunTime:0.000078s ]
INFO: [ app_begin ] --END-- [ RunTime:0.000130s ]
SQL: SHOW COLUMNS FROM `feature` [ RunTime:0.000469s ]
SQL: SELECT * FROM `feature`  [ RunTime:0.000094s ]

[ 2017-10-19T13:28:39+08:00 ] 125.64.220.15 /Home/Ajax/getFeatures
INFO: [ app_begin ] --START--
INFO: Run Behavior\ReadHtmlCache [ RunTime:0.000048s ]
INFO: [ app_begin ] --END-- [ RunTime:0.000099s ]
SQL: SHOW COLUMNS FROM `feature` [ RunTime:0.000511s ]
SQL: SELECT * FROM `feature`  [ RunTime:0.000081s ]

[ 2017-10-19T13:28:53+08:00 ] 125.64.220.15 /Home/Ajax/getFeatures
INFO: [ app_begin ] --START--
INFO: Run Behavior\ReadHtmlCache [ RunTime:0.000050s ]
INFO: [ app_begin ] --END-- [ RunTime:0.000107s ]
SQL: SHOW COLUMNS FROM `feature` [ RunTime:0.000561s ]
SQL: SELECT * FROM `feature`  [ RunTime:0.000079s ]

[ 2017-10-19T13:29:22+08:00 ] 182.140.177.243 /index.php?s=/Home/Shop/index.html
INFO: [ app_begin ] --START--
INFO: Run Behavior\ReadHtmlCache [ RunTime:0.000080s ]
INFO: [ app_begin ] --END-- [ RunTime:0.000142s ]
SQL: SHOW COLUMNS FROM `user` [ RunTime:0.000519s ]
SQL: SELECT * FROM `user` WHERE ( user_id = 'o03wNwWkGKUI2zHsc2mqZJV2UHFM' ) LIMIT 1   [ RunTime:0.000074s ]
INFO: [ view_parse ] --START--
INFO: [ template_filter ] --START--
INFO: Run Behavior\ContentReplace [ RunTime:0.000059s ]
INFO: [ template_filter ] --END-- [ RunTime:0.000098s ]
INFO: Run Behavior\ParseTemplate [ RunTime:0.004301s ]
INFO: [ view_parse ] --END-- [ RunTime:0.004342s ]
INFO: [ view_filter ] --START--
INFO: Run Behavior\WriteHtmlCache [ RunTime:0.000065s ]
INFO: [ view_filter ] --END-- [ RunTime:0.000123s ]
INFO: [ app_end ] --START--
INFO: Run Behavior\ShowPageTrace [ RunTime:0.000062s ]
INFO: [ app_end ] --END-- [ RunTime:0.000098s ]

[ 2017-10-19T13:29:26+08:00 ] 182.140.177.243 /Home/Ajax/getFeatures
INFO: [ app_begin ] --START--
INFO: Run Behavior\ReadHtmlCache [ RunTime:0.000048s ]
INFO: [ app_begin ] --END-- [ RunTime:0.000095s ]
SQL: SHOW COLUMNS FROM `feature` [ RunTime:0.000514s ]
SQL: SELECT * FROM `feature`  [ RunTime:0.000080s ]

[ 2017-10-19T13:29:30+08:00 ] 182.140.177.243 /Home/Ajax/getFeatures
INFO: [ app_begin ] --START--
INFO: Run Behavior\ReadHtmlCache [ RunTime:0.000049s ]
INFO: [ app_begin ] --END-- [ RunTime:0.000096s ]
SQL: SHOW COLUMNS FROM `feature` [ RunTime:0.000482s ]
SQL: SELECT * FROM `feature`  [ RunTime:0.000101s ]

[ 2017-10-19T13:29:38+08:00 ] 182.140.177.243 /Home/Ajax/getFeatures
INFO: [ app_begin ] --START--
INFO: Run Behavior\ReadHtmlCache [ RunTime:0.000049s ]
INFO: [ app_begin ] --END-- [ RunTime:0.000100s ]
SQL: SHOW COLUMNS FROM `feature` [ RunTime:0.000451s ]
SQL: SELECT * FROM `feature`  [ RunTime:0.000113s ]

[ 2017-10-19T13:29:41+08:00 ] 182.140.177.243 /Home/Ajax/getFeatures
INFO: [ app_begin ] --START--
INFO: Run Behavior\ReadHtmlCache [ RunTime:0.000055s ]
INFO: [ app_begin ] --END-- [ RunTime:0.000121s ]
SQL: SHOW COLUMNS FROM `feature` [ RunTime:0.000486s ]
SQL: SELECT * FROM `feature`  [ RunTime:0.000106s ]

[ 2017-10-19T13:30:16+08:00 ] 182.140.177.243 /Home/Ajax/getFeatures
INFO: [ app_begin ] --START--
INFO: Run Behavior\ReadHtmlCache [ RunTime:0.000051s ]
INFO: [ app_begin ] --END-- [ RunTime:0.000110s ]
SQL: SHOW COLUMNS FROM `feature` [ RunTime:0.000515s ]
SQL: SELECT * FROM `feature`  [ RunTime:0.000085s ]

[ 2017-10-19T13:30:25+08:00 ] 182.140.177.243 /Home/Ajax/getFeatures
INFO: [ app_begin ] --START--
INFO: Run Behavior\ReadHtmlCache [ RunTime:0.000055s ]
INFO: [ app_begin ] --END-- [ RunTime:0.000119s ]
SQL: SHOW COLUMNS FROM `feature` [ RunTime:0.000473s ]
SQL: SELECT * FROM `feature`  [ RunTime:0.000080s ]

[ 2017-10-19T13:30:48+08:00 ] 182.140.177.243 /Home/Ajax/getFeatures
INFO: [ app_begin ] --START--
INFO: Run Behavior\ReadHtmlCache [ RunTime:0.000049s ]
INFO: [ app_begin ] --END-- [ RunTime:0.000098s ]
SQL: SHOW COLUMNS FROM `feature` [ RunTime:0.000488s ]
SQL: SELECT * FROM `feature`  [ RunTime:0.000085s ]

[ 2017-10-19T13:31:08+08:00 ] 182.140.177.243 /Home/Ajax/getFeatures
INFO: [ app_begin ] --START--
INFO: Run Behavior\ReadHtmlCache [ RunTime:0.000071s ]
INFO: [ app_begin ] --END-- [ RunTime:0.000129s ]
SQL: SHOW COLUMNS FROM `feature` [ RunTime:0.000470s ]
SQL: SELECT * FROM `feature`  [ RunTime:0.000080s ]

[ 2017-10-19T13:31:27+08:00 ] 182.140.177.243 /Home/Ajax/getFeatures
INFO: [ app_begin ] --START--
INFO: Run Behavior\ReadHtmlCache [ RunTime:0.000056s ]
INFO: [ app_begin ] --END-- [ RunTime:0.000121s ]
SQL: SHOW COLUMNS FROM `feature` [ RunTime:0.000636s ]
SQL: SELECT * FROM `feature`  [ RunTime:0.000456s ]

[ 2017-10-19T13:31:28+08:00 ] 182.140.177.243 /Home/Ajax/getFeatures
INFO: [ app_begin ] --START--
INFO: Run Behavior\ReadHtmlCache [ RunTime:0.000047s ]
INFO: [ app_begin ] --END-- [ RunTime:0.000098s ]
SQL: SHOW COLUMNS FROM `feature` [ RunTime:0.000460s ]
SQL: SELECT * FROM `feature`  [ RunTime:0.000081s ]

[ 2017-10-19T13:31:30+08:00 ] 182.140.177.243 /Home/Ajax/getFeatures
INFO: [ app_begin ] --START--
INFO: Run Behavior\ReadHtmlCache [ RunTime:0.000049s ]
INFO: [ app_begin ] --END-- [ RunTime:0.000100s ]
SQL: SHOW COLUMNS FROM `feature` [ RunTime:0.000460s ]
SQL: SELECT * FROM `feature`  [ RunTime:0.000086s ]

[ 2017-10-19T13:31:35+08:00 ] 182.140.177.243 /Home/Ajax/getFeatures
INFO: [ app_begin ] --START--
INFO: Run Behavior\ReadHtmlCache [ RunTime:0.000048s ]
INFO: [ app_begin ] --END-- [ RunTime:0.000095s ]
SQL: SHOW COLUMNS FROM `feature` [ RunTime:0.000509s ]
SQL: SELECT * FROM `feature`  [ RunTime:0.000078s ]

[ 2017-10-19T13:31:43+08:00 ] 182.140.177.243 /Home/Ajax/getFeatures
INFO: [ app_begin ] --START--
INFO: Run Behavior\ReadHtmlCache [ RunTime:0.000075s ]
INFO: [ app_begin ] --END-- [ RunTime:0.000148s ]
SQL: SHOW COLUMNS FROM `feature` [ RunTime:0.000583s ]
SQL: SELECT * FROM `feature`  [ RunTime:0.000101s ]

[ 2017-10-19T13:31:46+08:00 ] 182.140.177.243 /Home/Ajax/getFeatures
INFO: [ app_begin ] --START--
INFO: Run Behavior\ReadHtmlCache [ RunTime:0.000048s ]
INFO: [ app_begin ] --END-- [ RunTime:0.000096s ]
SQL: SHOW COLUMNS FROM `feature` [ RunTime:0.000484s ]
SQL: SELECT * FROM `feature`  [ RunTime:0.000082s ]

[ 2017-10-19T13:37:06+08:00 ] 125.64.220.15 /Home/Ajax/getFeatures
INFO: [ app_begin ] --START--
INFO: Run Behavior\ReadHtmlCache [ RunTime:0.000050s ]
INFO: [ app_begin ] --END-- [ RunTime:0.000101s ]
SQL: SHOW COLUMNS FROM `feature` [ RunTime:0.000451s ]
SQL: SELECT * FROM `feature`  [ RunTime:0.000105s ]

[ 2017-10-19T13:37:24+08:00 ] 125.64.220.15 /Home/Ajax/getFeatures
INFO: [ app_begin ] --START--
INFO: Run Behavior\ReadHtmlCache [ RunTime:0.000087s ]
INFO: [ app_begin ] --END-- [ RunTime:0.000225s ]
SQL: SHOW COLUMNS FROM `feature` [ RunTime:0.000888s ]
SQL: SELECT * FROM `feature`  [ RunTime:0.000082s ]

[ 2017-10-19T13:38:02+08:00 ] 125.64.220.15 /Home/Ajax/getFeatures
INFO: [ app_begin ] --START--
INFO: Run Behavior\ReadHtmlCache [ RunTime:0.000073s ]
INFO: [ app_begin ] --END-- [ RunTime:0.000128s ]
SQL: SHOW COLUMNS FROM `feature` [ RunTime:0.000471s ]
SQL: SELECT * FROM `feature`  [ RunTime:0.000092s ]

[ 2017-10-19T13:38:22+08:00 ] 125.64.220.15 /Home/Ajax/getFeatures
INFO: [ app_begin ] --START--
INFO: Run Behavior\ReadHtmlCache [ RunTime:0.000048s ]
INFO: [ app_begin ] --END-- [ RunTime:0.000099s ]
SQL: SHOW COLUMNS FROM `feature` [ RunTime:0.000614s ]
SQL: SELECT * FROM `feature`  [ RunTime:0.000093s ]

[ 2017-10-19T13:38:38+08:00 ] 125.64.220.15 /Home/Ajax/getFeatures
INFO: [ app_begin ] --START--
INFO: Run Behavior\ReadHtmlCache [ RunTime:0.000077s ]
INFO: [ app_begin ] --END-- [ RunTime:0.000141s ]
SQL: SHOW COLUMNS FROM `feature` [ RunTime:0.000625s ]
SQL: SELECT * FROM `feature`  [ RunTime:0.000105s ]

[ 2017-10-19T13:39:00+08:00 ] 125.64.220.15 /Home/Ajax/getFeatures
INFO: [ app_begin ] --START--
INFO: Run Behavior\ReadHtmlCache [ RunTime:0.000049s ]
INFO: [ app_begin ] --END-- [ RunTime:0.000100s ]
SQL: SHOW COLUMNS FROM `feature` [ RunTime:0.000461s ]
SQL: SELECT * FROM `feature`  [ RunTime:0.000107s ]

[ 2017-10-19T13:39:11+08:00 ] 125.64.220.15 /Home/Ajax/getFeatures
INFO: [ app_begin ] --START--
INFO: Run Behavior\ReadHtmlCache [ RunTime:0.000064s ]
INFO: [ app_begin ] --END-- [ RunTime:0.000121s ]
SQL: SHOW COLUMNS FROM `feature` [ RunTime:0.000476s ]
SQL: SELECT * FROM `feature`  [ RunTime:0.000086s ]

[ 2017-10-19T13:39:30+08:00 ] 125.64.220.15 /Home/Ajax/getFeatures
INFO: [ app_begin ] --START--
INFO: Run Behavior\ReadHtmlCache [ RunTime:0.000061s ]
INFO: [ app_begin ] --END-- [ RunTime:0.000126s ]
SQL: SHOW COLUMNS FROM `feature` [ RunTime:0.000450s ]
SQL: SELECT * FROM `feature`  [ RunTime:0.000104s ]

[ 2017-10-19T13:39:45+08:00 ] 182.140.177.243 /Home/Ajax/getFeatures
INFO: [ app_begin ] --START--
INFO: Run Behavior\ReadHtmlCache [ RunTime:0.000049s ]
INFO: [ app_begin ] --END-- [ RunTime:0.000101s ]
SQL: SHOW COLUMNS FROM `feature` [ RunTime:0.000447s ]
SQL: SELECT * FROM `feature`  [ RunTime:0.000083s ]

[ 2017-10-19T13:40:07+08:00 ] 182.140.177.243 /Home/Ajax/getFeatures
INFO: [ app_begin ] --START--
INFO: Run Behavior\ReadHtmlCache [ RunTime:0.000051s ]
INFO: [ app_begin ] --END-- [ RunTime:0.000103s ]
SQL: SHOW COLUMNS FROM `feature` [ RunTime:0.000442s ]
SQL: SELECT * FROM `feature`  [ RunTime:0.000101s ]

[ 2017-10-19T13:40:28+08:00 ] 182.140.177.243 /Home/Ajax/getFeatures
INFO: [ app_begin ] --START--
INFO: Run Behavior\ReadHtmlCache [ RunTime:0.000050s ]
INFO: [ app_begin ] --END-- [ RunTime:0.000098s ]
SQL: SHOW COLUMNS FROM `feature` [ RunTime:0.000477s ]
SQL: SELECT * FROM `feature`  [ RunTime:0.000092s ]

[ 2017-10-19T13:41:22+08:00 ] 182.140.177.243 /Home/Ajax/getFeatures
INFO: [ app_begin ] --START--
INFO: Run Behavior\ReadHtmlCache [ RunTime:0.000048s ]
INFO: [ app_begin ] --END-- [ RunTime:0.000098s ]
SQL: SHOW COLUMNS FROM `feature` [ RunTime:0.000484s ]
SQL: SELECT * FROM `feature`  [ RunTime:0.000091s ]

[ 2017-10-19T13:42:29+08:00 ] 125.64.220.15 /Home/Ajax/getFeatures
INFO: [ app_begin ] --START--
INFO: Run Behavior\ReadHtmlCache [ RunTime:0.000084s ]
INFO: [ app_begin ] --END-- [ RunTime:0.000174s ]
SQL: SHOW COLUMNS FROM `feature` [ RunTime:0.000853s ]
SQL: SELECT * FROM `feature`  [ RunTime:0.000117s ]

[ 2017-10-19T13:42:42+08:00 ] 125.64.220.15 /Home/Ajax/getFeatures
INFO: [ app_begin ] --START--
INFO: Run Behavior\ReadHtmlCache [ RunTime:0.000048s ]
INFO: [ app_begin ] --END-- [ RunTime:0.000094s ]
SQL: SHOW COLUMNS FROM `feature` [ RunTime:0.000502s ]
SQL: SELECT * FROM `feature`  [ RunTime:0.000080s ]

[ 2017-10-19T13:45:14+08:00 ] 125.64.220.15 /Home/Ajax/getFeatures
INFO: [ app_begin ] --START--
INFO: Run Behavior\ReadHtmlCache [ RunTime:0.000048s ]
INFO: [ app_begin ] --END-- [ RunTime:0.000096s ]
SQL: SHOW COLUMNS FROM `feature` [ RunTime:0.000443s ]
SQL: SELECT * FROM `feature`  [ RunTime:0.000211s ]

[ 2017-10-19T13:45:54+08:00 ] 182.140.177.243 /Home/Ajax/getFeatures
INFO: [ app_begin ] --START--
INFO: Run Behavior\ReadHtmlCache [ RunTime:0.000053s ]
INFO: [ app_begin ] --END-- [ RunTime:0.000123s ]
SQL: SHOW COLUMNS FROM `feature` [ RunTime:0.000441s ]
SQL: SELECT * FROM `feature`  [ RunTime:0.000107s ]

[ 2017-10-19T13:46:18+08:00 ] 182.140.177.243 /Home/Ajax/getFeatures
INFO: [ app_begin ] --START--
INFO: Run Behavior\ReadHtmlCache [ RunTime:0.000054s ]
INFO: [ app_begin ] --END-- [ RunTime:0.000112s ]
SQL: SHOW COLUMNS FROM `feature` [ RunTime:0.000479s ]
SQL: SELECT * FROM `feature`  [ RunTime:0.000083s ]

[ 2017-10-19T13:46:20+08:00 ] 182.140.177.243 /Home/Ajax/getFeatures
INFO: [ app_begin ] --START--
INFO: Run Behavior\ReadHtmlCache [ RunTime:0.000048s ]
INFO: [ app_begin ] --END-- [ RunTime:0.000101s ]
SQL: SHOW COLUMNS FROM `feature` [ RunTime:0.000444s ]
SQL: SELECT * FROM `feature`  [ RunTime:0.000091s ]

[ 2017-10-19T13:46:56+08:00 ] 182.140.177.243 /Home/Ajax/getFeatures
INFO: [ app_begin ] --START--
INFO: Run Behavior\ReadHtmlCache [ RunTime:0.000048s ]
INFO: [ app_begin ] --END-- [ RunTime:0.000095s ]
SQL: SHOW COLUMNS FROM `feature` [ RunTime:0.000519s ]
SQL: SELECT * FROM `feature`  [ RunTime:0.000080s ]

[ 2017-10-19T13:47:14+08:00 ] 125.64.220.15 /Home/Ajax/getFeatures
INFO: [ app_begin ] --START--
INFO: Run Behavior\ReadHtmlCache [ RunTime:0.000075s ]
INFO: [ app_begin ] --END-- [ RunTime:0.000143s ]
SQL: SHOW COLUMNS FROM `feature` [ RunTime:0.000469s ]
SQL: SELECT * FROM `feature`  [ RunTime:0.000081s ]

[ 2017-10-19T13:48:01+08:00 ] 125.64.220.15 /Home/Ajax/getFeatures
INFO: [ app_begin ] --START--
INFO: Run Behavior\ReadHtmlCache [ RunTime:0.000051s ]
INFO: [ app_begin ] --END-- [ RunTime:0.000104s ]
SQL: SHOW COLUMNS FROM `feature` [ RunTime:0.000594s ]
SQL: SELECT * FROM `feature`  [ RunTime:0.000083s ]

[ 2017-10-19T14:01:08+08:00 ] 125.64.220.15 /Home/Ajax/getFeatures
INFO: [ app_begin ] --START--
INFO: Run Behavior\ReadHtmlCache [ RunTime:0.000047s ]
INFO: [ app_begin ] --END-- [ RunTime:0.000094s ]
SQL: SHOW COLUMNS FROM `feature` [ RunTime:0.000507s ]
SQL: SELECT * FROM `feature`  [ RunTime:0.000080s ]

[ 2017-10-19T14:01:20+08:00 ] 125.64.220.15 /Home/Ajax/getFeatures
INFO: [ app_begin ] --START--
INFO: Run Behavior\ReadHtmlCache [ RunTime:0.000047s ]
INFO: [ app_begin ] --END-- [ RunTime:0.000099s ]
SQL: SHOW COLUMNS FROM `feature` [ RunTime:0.000492s ]
SQL: SELECT * FROM `feature`  [ RunTime:0.000080s ]

[ 2017-10-19T14:01:42+08:00 ] 125.64.220.15 /Home/Ajax/getFeatures
INFO: [ app_begin ] --START--
INFO: Run Behavior\ReadHtmlCache [ RunTime:0.000054s ]
INFO: [ app_begin ] --END-- [ RunTime:0.000101s ]
SQL: SHOW COLUMNS FROM `feature` [ RunTime:0.000610s ]
SQL: SELECT * FROM `feature`  [ RunTime:0.000110s ]

[ 2017-10-19T14:01:50+08:00 ] 125.64.220.15 /Home/Ajax/getFeatures
INFO: [ app_begin ] --START--
INFO: Run Behavior\ReadHtmlCache [ RunTime:0.000047s ]
INFO: [ app_begin ] --END-- [ RunTime:0.000094s ]
SQL: SHOW COLUMNS FROM `feature` [ RunTime:0.000539s ]
SQL: SELECT * FROM `feature`  [ RunTime:0.000106s ]

[ 2017-10-19T14:02:00+08:00 ] 125.64.220.15 /Home/Ajax/getFeatures
INFO: [ app_begin ] --START--
INFO: Run Behavior\ReadHtmlCache [ RunTime:0.000058s ]
INFO: [ app_begin ] --END-- [ RunTime:0.000119s ]
SQL: SHOW COLUMNS FROM `feature` [ RunTime:0.000991s ]
SQL: SELECT * FROM `feature`  [ RunTime:0.000106s ]

[ 2017-10-19T14:02:03+08:00 ] 125.64.220.15 /Home/Ajax/getFeatures
INFO: [ app_begin ] --START--
INFO: Run Behavior\ReadHtmlCache [ RunTime:0.000050s ]
INFO: [ app_begin ] --END-- [ RunTime:0.000102s ]
SQL: SHOW COLUMNS FROM `feature` [ RunTime:0.000479s ]
SQL: SELECT * FROM `feature`  [ RunTime:0.000085s ]

[ 2017-10-19T14:04:49+08:00 ] 125.64.220.15 /Home/Ajax/getFeatures
INFO: [ app_begin ] --START--
INFO: Run Behavior\ReadHtmlCache [ RunTime:0.000074s ]
INFO: [ app_begin ] --END-- [ RunTime:0.000127s ]
SQL: SHOW COLUMNS FROM `feature` [ RunTime:0.000890s ]
SQL: SELECT * FROM `feature`  [ RunTime:0.000108s ]

[ 2017-10-19T14:05:57+08:00 ] 125.64.220.15 /Home/Ajax/getFeatures
INFO: [ app_begin ] --START--
INFO: Run Behavior\ReadHtmlCache [ RunTime:0.000048s ]
INFO: [ app_begin ] --END-- [ RunTime:0.000140s ]
SQL: SHOW COLUMNS FROM `feature` [ RunTime:0.000538s ]
SQL: SELECT * FROM `feature`  [ RunTime:0.000093s ]

[ 2017-10-19T14:06:25+08:00 ] 125.64.220.15 /Home/Ajax/getFeatures
INFO: [ app_begin ] --START--
INFO: Run Behavior\ReadHtmlCache [ RunTime:0.000048s ]
INFO: [ app_begin ] --END-- [ RunTime:0.000100s ]
SQL: SHOW COLUMNS FROM `feature` [ RunTime:0.000440s ]
SQL: SELECT * FROM `feature`  [ RunTime:0.000080s ]

[ 2017-10-19T14:09:01+08:00 ] 125.64.220.15 /Home/Ajax/getFeatures
INFO: [ app_begin ] --START--
INFO: Run Behavior\ReadHtmlCache [ RunTime:0.000079s ]
INFO: [ app_begin ] --END-- [ RunTime:0.000158s ]
SQL: SHOW COLUMNS FROM `feature` [ RunTime:0.000529s ]
SQL: SELECT * FROM `feature`  [ RunTime:0.000114s ]

[ 2017-10-19T14:09:28+08:00 ] 125.64.220.15 /Home/Ajax/getFeatures
INFO: [ app_begin ] --START--
INFO: Run Behavior\ReadHtmlCache [ RunTime:0.000092s ]
INFO: [ app_begin ] --END-- [ RunTime:0.000192s ]
SQL: SHOW COLUMNS FROM `feature` [ RunTime:0.000651s ]
SQL: SELECT * FROM `feature`  [ RunTime:0.000107s ]

[ 2017-10-19T14:09:51+08:00 ] 125.64.220.15 /Home/Ajax/getFeatures
INFO: [ app_begin ] --START--
INFO: Run Behavior\ReadHtmlCache [ RunTime:0.000048s ]
INFO: [ app_begin ] --END-- [ RunTime:0.000098s ]
SQL: SHOW COLUMNS FROM `feature` [ RunTime:0.000513s ]
SQL: SELECT * FROM `feature`  [ RunTime:0.000083s ]

[ 2017-10-19T14:10:38+08:00 ] 125.64.220.15 /Home/Ajax/getFeatures
INFO: [ app_begin ] --START--
INFO: Run Behavior\ReadHtmlCache [ RunTime:0.000047s ]
INFO: [ app_begin ] --END-- [ RunTime:0.000097s ]
SQL: SHOW COLUMNS FROM `feature` [ RunTime:0.000492s ]
SQL: SELECT * FROM `feature`  [ RunTime:0.000111s ]

[ 2017-10-19T14:11:50+08:00 ] 125.64.220.15 /Home/Ajax/getFeatures
INFO: [ app_begin ] --START--
INFO: Run Behavior\ReadHtmlCache [ RunTime:0.000048s ]
INFO: [ app_begin ] --END-- [ RunTime:0.000099s ]
SQL: SHOW COLUMNS FROM `feature` [ RunTime:0.000482s ]
SQL: SELECT * FROM `feature`  [ RunTime:0.000079s ]

[ 2017-10-19T14:13:31+08:00 ] 182.140.177.243 /Home/Ajax/getFeatures
INFO: [ app_begin ] --START--
INFO: Run Behavior\ReadHtmlCache [ RunTime:0.000049s ]
INFO: [ app_begin ] --END-- [ RunTime:0.000107s ]
SQL: SHOW COLUMNS FROM `feature` [ RunTime:0.000737s ]
SQL: SELECT * FROM `feature`  [ RunTime:0.000106s ]

[ 2017-10-19T14:13:43+08:00 ] 182.140.177.243 /Home/Ajax/getFeatures
INFO: [ app_begin ] --START--
INFO: Run Behavior\ReadHtmlCache [ RunTime:0.000055s ]
INFO: [ app_begin ] --END-- [ RunTime:0.000138s ]
SQL: SHOW COLUMNS FROM `feature` [ RunTime:0.000503s ]
SQL: SELECT * FROM `feature`  [ RunTime:0.000131s ]

[ 2017-10-19T14:20:14+08:00 ] 182.140.177.243 /Home/Ajax/getFeatures
INFO: [ app_begin ] --START--
INFO: Run Behavior\ReadHtmlCache [ RunTime:0.000049s ]
INFO: [ app_begin ] --END-- [ RunTime:0.000110s ]
SQL: SHOW COLUMNS FROM `feature` [ RunTime:0.000457s ]
SQL: SELECT * FROM `feature`  [ RunTime:0.000079s ]

[ 2017-10-19T14:20:29+08:00 ] 182.140.177.243 /Home/Ajax/getFeatures
INFO: [ app_begin ] --START--
INFO: Run Behavior\ReadHtmlCache [ RunTime:0.000049s ]
INFO: [ app_begin ] --END-- [ RunTime:0.000097s ]
SQL: SHOW COLUMNS FROM `feature` [ RunTime:0.000485s ]
SQL: SELECT * FROM `feature`  [ RunTime:0.000081s ]

[ 2017-10-19T14:20:33+08:00 ] 182.140.177.243 /Home/Ajax/getFeatures
INFO: [ app_begin ] --START--
INFO: Run Behavior\ReadHtmlCache [ RunTime:0.000049s ]
INFO: [ app_begin ] --END-- [ RunTime:0.000097s ]
SQL: SHOW COLUMNS FROM `feature` [ RunTime:0.000550s ]
SQL: SELECT * FROM `feature`  [ RunTime:0.000094s ]

[ 2017-10-19T14:20:37+08:00 ] 182.140.177.243 /Home/Ajax/getFeatures
INFO: [ app_begin ] --START--
INFO: Run Behavior\ReadHtmlCache [ RunTime:0.000061s ]
INFO: [ app_begin ] --END-- [ RunTime:0.000114s ]
SQL: SHOW COLUMNS FROM `feature` [ RunTime:0.000458s ]
SQL: SELECT * FROM `feature`  [ RunTime:0.000079s ]

[ 2017-10-19T14:20:42+08:00 ] 182.140.177.243 /Home/Ajax/getFeatures
INFO: [ app_begin ] --START--
INFO: Run Behavior\ReadHtmlCache [ RunTime:0.000048s ]
INFO: [ app_begin ] --END-- [ RunTime:0.000097s ]
SQL: SHOW COLUMNS FROM `feature` [ RunTime:0.000635s ]
SQL: SELECT * FROM `feature`  [ RunTime:0.000083s ]

[ 2017-10-19T14:21:01+08:00 ] 182.140.177.243 /Home/Ajax/getFeatures
INFO: [ app_begin ] --START--
INFO: Run Behavior\ReadHtmlCache [ RunTime:0.000083s ]
INFO: [ app_begin ] --END-- [ RunTime:0.000139s ]
SQL: SHOW COLUMNS FROM `feature` [ RunTime:0.000451s ]
SQL: SELECT * FROM `feature`  [ RunTime:0.000106s ]

[ 2017-10-19T14:21:18+08:00 ] 182.140.177.243 /Home/Ajax/getFeatures
INFO: [ app_begin ] --START--
INFO: Run Behavior\ReadHtmlCache [ RunTime:0.000081s ]
INFO: [ app_begin ] --END-- [ RunTime:0.000159s ]
SQL: SHOW COLUMNS FROM `feature` [ RunTime:0.000719s ]
SQL: SELECT * FROM `feature`  [ RunTime:0.000111s ]

[ 2017-10-19T14:21:23+08:00 ] 182.140.177.243 /Home/Ajax/getFeatures
INFO: [ app_begin ] --START--
INFO: Run Behavior\ReadHtmlCache [ RunTime:0.000048s ]
INFO: [ app_begin ] --END-- [ RunTime:0.000093s ]
SQL: SHOW COLUMNS FROM `feature` [ RunTime:0.000434s ]
SQL: SELECT * FROM `feature`  [ RunTime:0.000107s ]

[ 2017-10-19T14:21:25+08:00 ] 182.140.177.243 /Home/Ajax/getFeatures
INFO: [ app_begin ] --START--
INFO: Run Behavior\ReadHtmlCache [ RunTime:0.000048s ]
INFO: [ app_begin ] --END-- [ RunTime:0.000097s ]
SQL: SHOW COLUMNS FROM `feature` [ RunTime:0.000558s ]
SQL: SELECT * FROM `feature`  [ RunTime:0.000081s ]

[ 2017-10-19T14:21:29+08:00 ] 182.140.177.243 /Home/Ajax/getFeatures
INFO: [ app_begin ] --START--
INFO: Run Behavior\ReadHtmlCache [ RunTime:0.000049s ]
INFO: [ app_begin ] --END-- [ RunTime:0.000106s ]
SQL: SHOW COLUMNS FROM `feature` [ RunTime:0.000507s ]
SQL: SELECT * FROM `feature`  [ RunTime:0.000079s ]

[ 2017-10-19T14:21:47+08:00 ] 182.140.177.243 /Home/Ajax/getFeatures
INFO: [ app_begin ] --START--
INFO: Run Behavior\ReadHtmlCache [ RunTime:0.000052s ]
INFO: [ app_begin ] --END-- [ RunTime:0.000110s ]
SQL: SHOW COLUMNS FROM `feature` [ RunTime:0.000488s ]
SQL: SELECT * FROM `feature`  [ RunTime:0.000088s ]

[ 2017-10-19T14:21:49+08:00 ] 182.140.177.243 /Home/Ajax/getFeatures
INFO: [ app_begin ] --START--
INFO: Run Behavior\ReadHtmlCache [ RunTime:0.000048s ]
INFO: [ app_begin ] --END-- [ RunTime:0.000098s ]
SQL: SHOW COLUMNS FROM `feature` [ RunTime:0.000535s ]
SQL: SELECT * FROM `feature`  [ RunTime:0.000083s ]

[ 2017-10-19T14:37:05+08:00 ] 182.140.177.243 /Home/Ajax/getFeatures
INFO: [ app_begin ] --START--
INFO: Run Behavior\ReadHtmlCache [ RunTime:0.000048s ]
INFO: [ app_begin ] --END-- [ RunTime:0.000097s ]
SQL: SHOW COLUMNS FROM `feature` [ RunTime:0.000486s ]
SQL: SELECT * FROM `feature`  [ RunTime:0.000080s ]

[ 2017-10-19T14:37:17+08:00 ] 182.140.177.243 /Home/Ajax/getFeatures
INFO: [ app_begin ] --START--
INFO: Run Behavior\ReadHtmlCache [ RunTime:0.000073s ]
INFO: [ app_begin ] --END-- [ RunTime:0.000134s ]
SQL: SHOW COLUMNS FROM `feature` [ RunTime:0.000478s ]
SQL: SELECT * FROM `feature`  [ RunTime:0.000080s ]

[ 2017-10-19T14:37:30+08:00 ] 182.140.177.243 /Home/Ajax/getFeatures
INFO: [ app_begin ] --START--
INFO: Run Behavior\ReadHtmlCache [ RunTime:0.000088s ]
INFO: [ app_begin ] --END-- [ RunTime:0.000157s ]
SQL: SHOW COLUMNS FROM `feature` [ RunTime:0.000445s ]
SQL: SELECT * FROM `feature`  [ RunTime:0.000109s ]

[ 2017-10-19T14:37:34+08:00 ] 182.140.177.243 /Home/Ajax/getFeatures
INFO: [ app_begin ] --START--
INFO: Run Behavior\ReadHtmlCache [ RunTime:0.000048s ]
INFO: [ app_begin ] --END-- [ RunTime:0.000098s ]
SQL: SHOW COLUMNS FROM `feature` [ RunTime:0.000462s ]
SQL: SELECT * FROM `feature`  [ RunTime:0.000114s ]

[ 2017-10-19T14:37:38+08:00 ] 182.140.177.243 /Home/Ajax/getFeatures
INFO: [ app_begin ] --START--
INFO: Run Behavior\ReadHtmlCache [ RunTime:0.000072s ]
INFO: [ app_begin ] --END-- [ RunTime:0.000135s ]
SQL: SHOW COLUMNS FROM `feature` [ RunTime:0.000456s ]
SQL: SELECT * FROM `feature`  [ RunTime:0.000088s ]

[ 2017-10-19T14:37:41+08:00 ] 182.140.177.243 /Home/Ajax/getFeatures
INFO: [ app_begin ] --START--
INFO: Run Behavior\ReadHtmlCache [ RunTime:0.000050s ]
INFO: [ app_begin ] --END-- [ RunTime:0.000108s ]
SQL: SHOW COLUMNS FROM `feature` [ RunTime:0.000479s ]
SQL: SELECT * FROM `feature`  [ RunTime:0.000090s ]

[ 2017-10-19T16:41:57+08:00 ] 182.140.177.243 /Home/Ajax/getFeatures
INFO: [ app_begin ] --START--
INFO: Run Behavior\ReadHtmlCache [ RunTime:0.000051s ]
INFO: [ app_begin ] --END-- [ RunTime:0.000111s ]
SQL: SHOW COLUMNS FROM `feature` [ RunTime:0.000491s ]
SQL: SELECT * FROM `feature`  [ RunTime:0.000080s ]

[ 2017-10-19T16:45:15+08:00 ] 182.140.177.243 /Home/Ajax/getFeatures
INFO: [ app_begin ] --START--
INFO: Run Behavior\ReadHtmlCache [ RunTime:0.000058s ]
INFO: [ app_begin ] --END-- [ RunTime:0.000134s ]
SQL: SHOW COLUMNS FROM `feature` [ RunTime:0.000708s ]
SQL: SELECT * FROM `feature`  [ RunTime:0.000085s ]

[ 2017-10-19T16:45:19+08:00 ] 182.140.177.243 /Home/Ajax/getFeatures
INFO: [ app_begin ] --START--
INFO: Run Behavior\ReadHtmlCache [ RunTime:0.000056s ]
INFO: [ app_begin ] --END-- [ RunTime:0.000103s ]
SQL: SHOW COLUMNS FROM `feature` [ RunTime:0.000498s ]
SQL: SELECT * FROM `feature`  [ RunTime:0.000080s ]

[ 2017-10-19T16:45:43+08:00 ] 125.64.220.15 /Home/Ajax/getFeatures
INFO: [ app_begin ] --START--
INFO: Run Behavior\ReadHtmlCache [ RunTime:0.000047s ]
INFO: [ app_begin ] --END-- [ RunTime:0.000096s ]
SQL: SHOW COLUMNS FROM `feature` [ RunTime:0.000537s ]
SQL: SELECT * FROM `feature`  [ RunTime:0.000080s ]

[ 2017-10-19T16:46:01+08:00 ] 125.64.220.15 /Home/Ajax/getFeatures
INFO: [ app_begin ] --START--
INFO: Run Behavior\ReadHtmlCache [ RunTime:0.000050s ]
INFO: [ app_begin ] --END-- [ RunTime:0.000104s ]
SQL: SHOW COLUMNS FROM `feature` [ RunTime:0.000482s ]
SQL: SELECT * FROM `feature`  [ RunTime:0.000083s ]

[ 2017-10-19T16:46:45+08:00 ] 125.64.220.15 /Home/Ajax/getFeatures
INFO: [ app_begin ] --START--
INFO: Run Behavior\ReadHtmlCache [ RunTime:0.000162s ]
INFO: [ app_begin ] --END-- [ RunTime:0.000214s ]
SQL: SHOW COLUMNS FROM `feature` [ RunTime:0.000509s ]
SQL: SELECT * FROM `feature`  [ RunTime:0.000297s ]

[ 2017-10-19T16:46:47+08:00 ] 125.64.220.15 /Home/Ajax/getFeatures
INFO: [ app_begin ] --START--
INFO: Run Behavior\ReadHtmlCache [ RunTime:0.000048s ]
INFO: [ app_begin ] --END-- [ RunTime:0.000099s ]
SQL: SHOW COLUMNS FROM `feature` [ RunTime:0.000443s ]
SQL: SELECT * FROM `feature`  [ RunTime:0.000092s ]

[ 2017-10-19T16:48:42+08:00 ] 125.64.220.15 /Home/Ajax/getFeatures
INFO: [ app_begin ] --START--
INFO: Run Behavior\ReadHtmlCache [ RunTime:0.000082s ]
INFO: [ app_begin ] --END-- [ RunTime:0.000136s ]
SQL: SHOW COLUMNS FROM `feature` [ RunTime:0.000481s ]
SQL: SELECT * FROM `feature`  [ RunTime:0.000081s ]

[ 2017-10-19T16:48:52+08:00 ] 125.64.220.15 /Home/Ajax/getFeatures
INFO: [ app_begin ] --START--
INFO: Run Behavior\ReadHtmlCache [ RunTime:0.000048s ]
INFO: [ app_begin ] --END-- [ RunTime:0.000097s ]
SQL: SHOW COLUMNS FROM `feature` [ RunTime:0.000494s ]
SQL: SELECT * FROM `feature`  [ RunTime:0.000091s ]

[ 2017-10-19T16:48:57+08:00 ] 125.64.220.15 /Home/Ajax/getFeatures
INFO: [ app_begin ] --START--
INFO: Run Behavior\ReadHtmlCache [ RunTime:0.000080s ]
INFO: [ app_begin ] --END-- [ RunTime:0.000158s ]
SQL: SHOW COLUMNS FROM `feature` [ RunTime:0.000646s ]
SQL: SELECT * FROM `feature`  [ RunTime:0.000109s ]

[ 2017-10-19T16:49:00+08:00 ] 125.64.220.15 /Home/Ajax/getFeatures
INFO: [ app_begin ] --START--
INFO: Run Behavior\ReadHtmlCache [ RunTime:0.000048s ]
INFO: [ app_begin ] --END-- [ RunTime:0.000097s ]
SQL: SHOW COLUMNS FROM `feature` [ RunTime:0.000554s ]
SQL: SELECT * FROM `feature`  [ RunTime:0.000083s ]

[ 2017-10-19T16:50:01+08:00 ] 125.64.220.15 /Home/Ajax/getFeatures
INFO: [ app_begin ] --START--
INFO: Run Behavior\ReadHtmlCache [ RunTime:0.000049s ]
INFO: [ app_begin ] --END-- [ RunTime:0.000101s ]
SQL: SHOW COLUMNS FROM `feature` [ RunTime:0.000559s ]
SQL: SELECT * FROM `feature`  [ RunTime:0.000092s ]

[ 2017-10-19T16:50:21+08:00 ] 125.64.220.15 /Home/Ajax/getFeatures
INFO: [ app_begin ] --START--
INFO: Run Behavior\ReadHtmlCache [ RunTime:0.000048s ]
INFO: [ app_begin ] --END-- [ RunTime:0.000097s ]
SQL: SHOW COLUMNS FROM `feature` [ RunTime:0.001008s ]
SQL: SELECT * FROM `feature`  [ RunTime:0.000091s ]

[ 2017-10-19T16:53:31+08:00 ] 125.64.220.15 /Home/Ajax/getFeatures
INFO: [ app_begin ] --START--
INFO: Run Behavior\ReadHtmlCache [ RunTime:0.000054s ]
INFO: [ app_begin ] --END-- [ RunTime:0.000113s ]
SQL: SHOW COLUMNS FROM `feature` [ RunTime:0.000564s ]
SQL: SELECT * FROM `feature`  [ RunTime:0.000084s ]

[ 2017-10-19T16:53:37+08:00 ] 125.64.220.15 /Home/Ajax/getFeatures
INFO: [ app_begin ] --START--
INFO: Run Behavior\ReadHtmlCache [ RunTime:0.000049s ]
INFO: [ app_begin ] --END-- [ RunTime:0.000101s ]
SQL: SHOW COLUMNS FROM `feature` [ RunTime:0.000486s ]
SQL: SELECT * FROM `feature`  [ RunTime:0.000083s ]

[ 2017-10-19T16:54:01+08:00 ] 125.64.220.15 /Home/Ajax/getFeatures
INFO: [ app_begin ] --START--
INFO: Run Behavior\ReadHtmlCache [ RunTime:0.000050s ]
INFO: [ app_begin ] --END-- [ RunTime:0.000104s ]
SQL: SHOW COLUMNS FROM `feature` [ RunTime:0.000514s ]
SQL: SELECT * FROM `feature`  [ RunTime:0.000082s ]

[ 2017-10-19T16:54:11+08:00 ] 125.64.220.15 /Home/Ajax/getFeatures
INFO: [ app_begin ] --START--
INFO: Run Behavior\ReadHtmlCache [ RunTime:0.000073s ]
INFO: [ app_begin ] --END-- [ RunTime:0.000136s ]
SQL: SHOW COLUMNS FROM `feature` [ RunTime:0.000481s ]
SQL: SELECT * FROM `feature`  [ RunTime:0.000150s ]

[ 2017-10-19T16:54:30+08:00 ] 125.64.220.15 /Home/Ajax/getFeatures
INFO: [ app_begin ] --START--
INFO: Run Behavior\ReadHtmlCache [ RunTime:0.000047s ]
INFO: [ app_begin ] --END-- [ RunTime:0.000096s ]
SQL: SHOW COLUMNS FROM `feature` [ RunTime:0.000496s ]
SQL: SELECT * FROM `feature`  [ RunTime:0.000167s ]

[ 2017-10-19T16:54:40+08:00 ] 125.64.220.15 /Home/Ajax/getFeatures
INFO: [ app_begin ] --START--
INFO: Run Behavior\ReadHtmlCache [ RunTime:0.000053s ]
INFO: [ app_begin ] --END-- [ RunTime:0.000108s ]
SQL: SHOW COLUMNS FROM `feature` [ RunTime:0.000518s ]
SQL: SELECT * FROM `feature`  [ RunTime:0.000092s ]

[ 2017-10-19T16:56:21+08:00 ] 125.64.220.15 /Home/Ajax/getFeatures
INFO: [ app_begin ] --START--
INFO: Run Behavior\ReadHtmlCache [ RunTime:0.000050s ]
INFO: [ app_begin ] --END-- [ RunTime:0.000100s ]
SQL: SHOW COLUMNS FROM `feature` [ RunTime:0.000518s ]
SQL: SELECT * FROM `feature`  [ RunTime:0.000079s ]

[ 2017-10-19T16:56:40+08:00 ] 125.64.220.15 /Home/Ajax/getFeatures
INFO: [ app_begin ] --START--
INFO: Run Behavior\ReadHtmlCache [ RunTime:0.000049s ]
INFO: [ app_begin ] --END-- [ RunTime:0.000101s ]
SQL: SHOW COLUMNS FROM `feature` [ RunTime:0.000481s ]
SQL: SELECT * FROM `feature`  [ RunTime:0.000082s ]

[ 2017-10-19T16:58:31+08:00 ] 125.64.220.15 /Home/Ajax/getFeatures
INFO: [ app_begin ] --START--
INFO: Run Behavior\ReadHtmlCache [ RunTime:0.000055s ]
INFO: [ app_begin ] --END-- [ RunTime:0.000141s ]
SQL: SHOW COLUMNS FROM `feature` [ RunTime:0.000580s ]
SQL: SELECT * FROM `feature`  [ RunTime:0.000096s ]

[ 2017-10-19T16:58:36+08:00 ] 125.64.220.15 /Home/Ajax/getFeatures
INFO: [ app_begin ] --START--
INFO: Run Behavior\ReadHtmlCache [ RunTime:0.000049s ]
INFO: [ app_begin ] --END-- [ RunTime:0.000100s ]
SQL: SHOW COLUMNS FROM `feature` [ RunTime:0.000475s ]
SQL: SELECT * FROM `feature`  [ RunTime:0.000078s ]

[ 2017-10-19T16:58:39+08:00 ] 125.64.220.15 /Home/Ajax/getFeatures
INFO: [ app_begin ] --START--
INFO: Run Behavior\ReadHtmlCache [ RunTime:0.000050s ]
INFO: [ app_begin ] --END-- [ RunTime:0.000101s ]
SQL: SHOW COLUMNS FROM `feature` [ RunTime:0.000497s ]
SQL: SELECT * FROM `feature`  [ RunTime:0.000102s ]

[ 2017-10-19T16:58:46+08:00 ] 182.140.177.243 /Home/Ajax/getFeatures
INFO: [ app_begin ] --START--
INFO: Run Behavior\ReadHtmlCache [ RunTime:0.000075s ]
INFO: [ app_begin ] --END-- [ RunTime:0.000125s ]
SQL: SHOW COLUMNS FROM `feature` [ RunTime:0.000460s ]
SQL: SELECT * FROM `feature`  [ RunTime:0.000080s ]

[ 2017-10-19T16:59:02+08:00 ] 182.140.177.243 /Home/Ajax/getFeatures
INFO: [ app_begin ] --START--
INFO: Run Behavior\ReadHtmlCache [ RunTime:0.000052s ]
INFO: [ app_begin ] --END-- [ RunTime:0.000112s ]
SQL: SHOW COLUMNS FROM `feature` [ RunTime:0.000512s ]
SQL: SELECT * FROM `feature`  [ RunTime:0.000084s ]

[ 2017-10-19T16:59:08+08:00 ] 182.140.177.243 /Home/Ajax/getFeatures
INFO: [ app_begin ] --START--
INFO: Run Behavior\ReadHtmlCache [ RunTime:0.000049s ]
INFO: [ app_begin ] --END-- [ RunTime:0.000099s ]
SQL: SHOW COLUMNS FROM `feature` [ RunTime:0.000467s ]
SQL: SELECT * FROM `feature`  [ RunTime:0.000081s ]

[ 2017-10-19T17:01:15+08:00 ] 125.64.220.15 /Home/Ajax/getFeatures
INFO: [ app_begin ] --START--
INFO: Run Behavior\ReadHtmlCache [ RunTime:0.000048s ]
INFO: [ app_begin ] --END-- [ RunTime:0.000095s ]
SQL: SHOW COLUMNS FROM `feature` [ RunTime:0.000490s ]
SQL: SELECT * FROM `feature`  [ RunTime:0.000081s ]

[ 2017-10-19T17:01:58+08:00 ] 125.64.220.15 /Home/Ajax/getFeatures
INFO: [ app_begin ] --START--
INFO: Run Behavior\ReadHtmlCache [ RunTime:0.000052s ]
INFO: [ app_begin ] --END-- [ RunTime:0.000110s ]
SQL: SHOW COLUMNS FROM `feature` [ RunTime:0.001984s ]
SQL: SELECT * FROM `feature`  [ RunTime:0.000099s ]

[ 2017-10-19T17:02:09+08:00 ] 125.64.220.15 /Home/Ajax/getFeatures
INFO: [ app_begin ] --START--
INFO: Run Behavior\ReadHtmlCache [ RunTime:0.000049s ]
INFO: [ app_begin ] --END-- [ RunTime:0.000100s ]
SQL: SHOW COLUMNS FROM `feature` [ RunTime:0.000509s ]
SQL: SELECT * FROM `feature`  [ RunTime:0.000085s ]

[ 2017-10-19T17:02:45+08:00 ] 125.64.220.15 /Home/Ajax/getFeatures
INFO: [ app_begin ] --START--
INFO: Run Behavior\ReadHtmlCache [ RunTime:0.000069s ]
INFO: [ app_begin ] --END-- [ RunTime:0.000133s ]
SQL: SHOW COLUMNS FROM `feature` [ RunTime:0.000471s ]
SQL: SELECT * FROM `feature`  [ RunTime:0.000099s ]

[ 2017-10-19T17:03:13+08:00 ] 125.64.220.15 /Home/Ajax/getFeatures
INFO: [ app_begin ] --START--
INFO: Run Behavior\ReadHtmlCache [ RunTime:0.000048s ]
INFO: [ app_begin ] --END-- [ RunTime:0.000096s ]
SQL: SHOW COLUMNS FROM `feature` [ RunTime:0.000463s ]
SQL: SELECT * FROM `feature`  [ RunTime:0.000090s ]

[ 2017-10-19T17:03:15+08:00 ] 125.64.220.15 /Home/Ajax/getFeatures
INFO: [ app_begin ] --START--
INFO: Run Behavior\ReadHtmlCache [ RunTime:0.000049s ]
INFO: [ app_begin ] --END-- [ RunTime:0.000097s ]
SQL: SHOW COLUMNS FROM `feature` [ RunTime:0.000453s ]
SQL: SELECT * FROM `feature`  [ RunTime:0.000078s ]

[ 2017-10-19T17:03:17+08:00 ] 125.64.220.15 /Home/Ajax/getFeatures
INFO: [ app_begin ] --START--
INFO: Run Behavior\ReadHtmlCache [ RunTime:0.000068s ]
INFO: [ app_begin ] --END-- [ RunTime:0.000121s ]
SQL: SHOW COLUMNS FROM `feature` [ RunTime:0.001358s ]
SQL: SELECT * FROM `feature`  [ RunTime:0.000099s ]

[ 2017-10-19T17:03:19+08:00 ] 125.64.220.15 /Home/Ajax/getFeatures
INFO: [ app_begin ] --START--
INFO: Run Behavior\ReadHtmlCache [ RunTime:0.000050s ]
INFO: [ app_begin ] --END-- [ RunTime:0.000101s ]
SQL: SHOW COLUMNS FROM `feature` [ RunTime:0.000460s ]
SQL: SELECT * FROM `feature`  [ RunTime:0.000078s ]

[ 2017-10-19T17:03:45+08:00 ] 182.140.177.243 /Home/Ajax/getFeatures
INFO: [ app_begin ] --START--
INFO: Run Behavior\ReadHtmlCache [ RunTime:0.000048s ]
INFO: [ app_begin ] --END-- [ RunTime:0.000097s ]
SQL: SHOW COLUMNS FROM `feature` [ RunTime:0.000512s ]
SQL: SELECT * FROM `feature`  [ RunTime:0.000083s ]

[ 2017-10-19T17:03:51+08:00 ] 182.140.177.243 /Home/Ajax/getFeatures
INFO: [ app_begin ] --START--
INFO: Run Behavior\ReadHtmlCache [ RunTime:0.000066s ]
INFO: [ app_begin ] --END-- [ RunTime:0.000132s ]
SQL: SHOW COLUMNS FROM `feature` [ RunTime:0.000590s ]
SQL: SELECT * FROM `feature`  [ RunTime:0.000095s ]

[ 2017-10-19T17:04:09+08:00 ] 182.140.177.243 /Home/Ajax/getFeatures
INFO: [ app_begin ] --START--
INFO: Run Behavior\ReadHtmlCache [ RunTime:0.000072s ]
INFO: [ app_begin ] --END-- [ RunTime:0.000122s ]
SQL: SHOW COLUMNS FROM `feature` [ RunTime:0.000477s ]
SQL: SELECT * FROM `feature`  [ RunTime:0.000079s ]

[ 2017-10-19T17:05:02+08:00 ] 182.140.177.243 /Home/Ajax/getFeatures
INFO: [ app_begin ] --START--
INFO: Run Behavior\ReadHtmlCache [ RunTime:0.000049s ]
INFO: [ app_begin ] --END-- [ RunTime:0.000097s ]
SQL: SHOW COLUMNS FROM `feature` [ RunTime:0.000475s ]
SQL: SELECT * FROM `feature`  [ RunTime:0.000082s ]

[ 2017-10-19T17:05:05+08:00 ] 182.140.177.243 /Home/Ajax/getFeatures
INFO: [ app_begin ] --START--
INFO: Run Behavior\ReadHtmlCache [ RunTime:0.000049s ]
INFO: [ app_begin ] --END-- [ RunTime:0.000119s ]
SQL: SHOW COLUMNS FROM `feature` [ RunTime:0.000531s ]
SQL: SELECT * FROM `feature`  [ RunTime:0.000090s ]

[ 2017-10-19T17:07:58+08:00 ] 182.140.177.243 /Home/Ajax/getFeatures
INFO: [ app_begin ] --START--
INFO: Run Behavior\ReadHtmlCache [ RunTime:0.000079s ]
INFO: [ app_begin ] --END-- [ RunTime:0.000152s ]
SQL: SHOW COLUMNS FROM `feature` [ RunTime:0.000526s ]
SQL: SELECT * FROM `feature`  [ RunTime:0.000085s ]

[ 2017-10-19T17:09:10+08:00 ] 182.140.177.243 /Home/Ajax/getFeatures
INFO: [ app_begin ] --START--
INFO: Run Behavior\ReadHtmlCache [ RunTime:0.000048s ]
INFO: [ app_begin ] --END-- [ RunTime:0.000099s ]
SQL: SHOW COLUMNS FROM `feature` [ RunTime:0.000529s ]
SQL: SELECT * FROM `feature`  [ RunTime:0.000083s ]

[ 2017-10-19T17:09:41+08:00 ] 182.140.177.243 /Home/Ajax/getFeatures
INFO: [ app_begin ] --START--
INFO: Run Behavior\ReadHtmlCache [ RunTime:0.000048s ]
INFO: [ app_begin ] --END-- [ RunTime:0.000095s ]
SQL: SHOW COLUMNS FROM `feature` [ RunTime:0.000448s ]
SQL: SELECT * FROM `feature`  [ RunTime:0.000078s ]

[ 2017-10-19T17:10:22+08:00 ] 182.140.177.243 /Home/Ajax/getFeatures
INFO: [ app_begin ] --START--
INFO: Run Behavior\ReadHtmlCache [ RunTime:0.000093s ]
INFO: [ app_begin ] --END-- [ RunTime:0.000147s ]
SQL: SHOW COLUMNS FROM `feature` [ RunTime:0.000477s ]
SQL: SELECT * FROM `feature`  [ RunTime:0.000085s ]

[ 2017-10-19T17:10:24+08:00 ] 182.140.177.243 /Home/Ajax/getFeatures
INFO: [ app_begin ] --START--
INFO: Run Behavior\ReadHtmlCache [ RunTime:0.000047s ]
INFO: [ app_begin ] --END-- [ RunTime:0.000122s ]
SQL: SHOW COLUMNS FROM `feature` [ RunTime:0.000534s ]
SQL: SELECT * FROM `feature`  [ RunTime:0.000108s ]

[ 2017-10-19T17:14:09+08:00 ] 182.140.177.243 /Home/Ajax/getFeatures
INFO: [ app_begin ] --START--
INFO: Run Behavior\ReadHtmlCache [ RunTime:0.000087s ]
INFO: [ app_begin ] --END-- [ RunTime:0.000149s ]
SQL: SHOW COLUMNS FROM `feature` [ RunTime:0.000465s ]
SQL: SELECT * FROM `feature`  [ RunTime:0.000080s ]

[ 2017-10-19T17:14:27+08:00 ] 182.140.177.243 /Home/Ajax/getFeatures
INFO: [ app_begin ] --START--
INFO: Run Behavior\ReadHtmlCache [ RunTime:0.000050s ]
INFO: [ app_begin ] --END-- [ RunTime:0.000128s ]
SQL: SHOW COLUMNS FROM `feature` [ RunTime:0.000535s ]
SQL: SELECT * FROM `feature`  [ RunTime:0.000107s ]

[ 2017-10-19T17:24:03+08:00 ] 182.140.177.243 /Home/Ajax/getFeatures
INFO: [ app_begin ] --START--
INFO: Run Behavior\ReadHtmlCache [ RunTime:0.000050s ]
INFO: [ app_begin ] --END-- [ RunTime:0.000101s ]
SQL: SHOW COLUMNS FROM `feature` [ RunTime:0.000553s ]
SQL: SELECT * FROM `feature`  [ RunTime:0.000084s ]

[ 2017-10-19T17:24:12+08:00 ] 182.140.177.243 /Home/Ajax/getFeatures
INFO: [ app_begin ] --START--
INFO: Run Behavior\ReadHtmlCache [ RunTime:0.000056s ]
INFO: [ app_begin ] --END-- [ RunTime:0.000128s ]
SQL: SHOW COLUMNS FROM `feature` [ RunTime:0.000512s ]
SQL: SELECT * FROM `feature`  [ RunTime:0.000106s ]

[ 2017-10-19T17:25:11+08:00 ] 182.140.177.243 /Home/Ajax/getFeatures
INFO: [ app_begin ] --START--
INFO: Run Behavior\ReadHtmlCache [ RunTime:0.000071s ]
INFO: [ app_begin ] --END-- [ RunTime:0.000152s ]
SQL: SHOW COLUMNS FROM `feature` [ RunTime:0.000549s ]
SQL: SELECT * FROM `feature`  [ RunTime:0.000111s ]

[ 2017-10-19T17:37:55+08:00 ] 125.64.220.15 /Home/Ajax/getFeatures
INFO: [ app_begin ] --START--
INFO: Run Behavior\ReadHtmlCache [ RunTime:0.000048s ]
INFO: [ app_begin ] --END-- [ RunTime:0.000096s ]
SQL: SHOW COLUMNS FROM `feature` [ RunTime:0.000483s ]
SQL: SELECT * FROM `feature`  [ RunTime:0.000082s ]

[ 2017-10-19T17:38:14+08:00 ] 125.64.220.15 /Home/Ajax/getFeatures
INFO: [ app_begin ] --START--
INFO: Run Behavior\ReadHtmlCache [ RunTime:0.000049s ]
INFO: [ app_begin ] --END-- [ RunTime:0.000107s ]
SQL: SHOW COLUMNS FROM `feature` [ RunTime:0.000512s ]
SQL: SELECT * FROM `feature`  [ RunTime:0.000080s ]

[ 2017-10-19T17:43:08+08:00 ] 125.64.220.15 /Home/Ajax/getFeatures
INFO: [ app_begin ] --START--
INFO: Run Behavior\ReadHtmlCache [ RunTime:0.000048s ]
INFO: [ app_begin ] --END-- [ RunTime:0.000097s ]
SQL: SHOW COLUMNS FROM `feature` [ RunTime:0.000490s ]
SQL: SELECT * FROM `feature`  [ RunTime:0.000080s ]

[ 2017-10-19T17:43:09+08:00 ] 125.64.220.15 /Home/Ajax/getFeatures
INFO: [ app_begin ] --START--
INFO: Run Behavior\ReadHtmlCache [ RunTime:0.000053s ]
INFO: [ app_begin ] --END-- [ RunTime:0.000104s ]
SQL: SHOW COLUMNS FROM `feature` [ RunTime:0.000536s ]
SQL: SELECT * FROM `feature` WHERE ( `feature_no` = 3 )  [ RunTime:0.000217s ]

[ 2017-10-19T17:43:24+08:00 ] 125.64.220.15 /Home/Ajax/getFeatures
INFO: [ app_begin ] --START--
INFO: Run Behavior\ReadHtmlCache [ RunTime:0.000049s ]
INFO: [ app_begin ] --END-- [ RunTime:0.000098s ]
SQL: SHOW COLUMNS FROM `feature` [ RunTime:0.000494s ]
SQL: SELECT * FROM `feature`  [ RunTime:0.000077s ]

[ 2017-10-19T17:43:27+08:00 ] 125.64.220.15 /Home/Ajax/getFeatures
INFO: [ app_begin ] --START--
INFO: Run Behavior\ReadHtmlCache [ RunTime:0.000048s ]
INFO: [ app_begin ] --END-- [ RunTime:0.000097s ]
SQL: SHOW COLUMNS FROM `feature` [ RunTime:0.000489s ]
SQL: SELECT * FROM `feature` WHERE ( `feature_no` = 3 )  [ RunTime:0.000081s ]

[ 2017-10-19T17:43:47+08:00 ] 125.64.220.15 /Home/Ajax/getFeatures
INFO: [ app_begin ] --START--
INFO: Run Behavior\ReadHtmlCache [ RunTime:0.000047s ]
INFO: [ app_begin ] --END-- [ RunTime:0.000095s ]
SQL: SHOW COLUMNS FROM `feature` [ RunTime:0.000468s ]
SQL: SELECT * FROM `feature`  [ RunTime:0.000078s ]

[ 2017-10-19T17:43:59+08:00 ] 125.64.220.15 /Home/Ajax/getFeatures
INFO: [ app_begin ] --START--
INFO: Run Behavior\ReadHtmlCache [ RunTime:0.000049s ]
INFO: [ app_begin ] --END-- [ RunTime:0.000100s ]
SQL: SHOW COLUMNS FROM `feature` [ RunTime:0.000487s ]
SQL: SELECT * FROM `feature` WHERE ( `feature_no` = 0 )  [ RunTime:0.000219s ]

[ 2017-10-19T17:44:56+08:00 ] 125.64.220.15 /Home/Ajax/getFeatures
INFO: [ app_begin ] --START--
INFO: Run Behavior\ReadHtmlCache [ RunTime:0.000048s ]
INFO: [ app_begin ] --END-- [ RunTime:0.000098s ]
SQL: SHOW COLUMNS FROM `feature` [ RunTime:0.000516s ]
SQL: SELECT * FROM `feature`  [ RunTime:0.000081s ]

[ 2017-10-19T17:44:57+08:00 ] 125.64.220.15 /Home/Ajax/getFeatures
INFO: [ app_begin ] --START--
INFO: Run Behavior\ReadHtmlCache [ RunTime:0.000051s ]
INFO: [ app_begin ] --END-- [ RunTime:0.000103s ]
SQL: SHOW COLUMNS FROM `feature` [ RunTime:0.000445s ]
SQL: SELECT * FROM `feature` WHERE ( `feature_no` = 3 )  [ RunTime:0.000103s ]

[ 2017-10-19T17:45:21+08:00 ] 125.64.220.15 /Home/Ajax/getFeatures
INFO: [ app_begin ] --START--
INFO: Run Behavior\ReadHtmlCache [ RunTime:0.000073s ]
INFO: [ app_begin ] --END-- [ RunTime:0.000142s ]
SQL: SHOW COLUMNS FROM `feature` [ RunTime:0.000732s ]
SQL: SELECT * FROM `feature`  [ RunTime:0.000088s ]

[ 2017-10-19T17:45:22+08:00 ] 125.64.220.15 /Home/Ajax/getFeatures
INFO: [ app_begin ] --START--
INFO: Run Behavior\ReadHtmlCache [ RunTime:0.000050s ]
INFO: [ app_begin ] --END-- [ RunTime:0.000100s ]
SQL: SHOW COLUMNS FROM `feature` [ RunTime:0.000494s ]
SQL: SELECT * FROM `feature` WHERE ( `feature_no` = 3 )  [ RunTime:0.000105s ]

[ 2017-10-19T17:46:45+08:00 ] 125.64.220.15 /Home/Ajax/getFeatures
INFO: [ app_begin ] --START--
INFO: Run Behavior\ReadHtmlCache [ RunTime:0.000049s ]
INFO: [ app_begin ] --END-- [ RunTime:0.000098s ]
SQL: SHOW COLUMNS FROM `feature` [ RunTime:0.000471s ]
SQL: SELECT * FROM `feature`  [ RunTime:0.000093s ]

[ 2017-10-19T17:46:47+08:00 ] 125.64.220.15 /Home/Ajax/getFeatures
INFO: [ app_begin ] --START--
INFO: Run Behavior\ReadHtmlCache [ RunTime:0.000093s ]
INFO: [ app_begin ] --END-- [ RunTime:0.000142s ]
SQL: SHOW COLUMNS FROM `feature` [ RunTime:0.000477s ]
SQL: SELECT * FROM `feature` WHERE ( `feature_no` = 0 )  [ RunTime:0.000079s ]

[ 2017-10-19T17:47:48+08:00 ] 125.64.220.15 /Home/Ajax/getFeatures
INFO: [ app_begin ] --START--
INFO: Run Behavior\ReadHtmlCache [ RunTime:0.000059s ]
INFO: [ app_begin ] --END-- [ RunTime:0.000126s ]
SQL: SHOW COLUMNS FROM `feature` [ RunTime:0.000511s ]
SQL: SELECT * FROM `feature`  [ RunTime:0.000082s ]

[ 2017-10-19T17:47:49+08:00 ] 125.64.220.15 /Home/Ajax/getFeatures
INFO: [ app_begin ] --START--
INFO: Run Behavior\ReadHtmlCache [ RunTime:0.000050s ]
INFO: [ app_begin ] --END-- [ RunTime:0.000103s ]
SQL: SHOW COLUMNS FROM `feature` [ RunTime:0.000490s ]
SQL: SELECT * FROM `feature` WHERE ( `feature_no` = 0 )  [ RunTime:0.000086s ]

[ 2017-10-19T17:47:50+08:00 ] 125.64.220.15 /Home/Ajax/getFeatures
INFO: [ app_begin ] --START--
INFO: Run Behavior\ReadHtmlCache [ RunTime:0.000059s ]
INFO: [ app_begin ] --END-- [ RunTime:0.000121s ]
SQL: SHOW COLUMNS FROM `feature` [ RunTime:0.000479s ]
SQL: SELECT * FROM `feature`  [ RunTime:0.000079s ]

[ 2017-10-19T17:47:51+08:00 ] 125.64.220.15 /Home/Ajax/getFeatures
INFO: [ app_begin ] --START--
INFO: Run Behavior\ReadHtmlCache [ RunTime:0.000049s ]
INFO: [ app_begin ] --END-- [ RunTime:0.000101s ]
SQL: SHOW COLUMNS FROM `feature` [ RunTime:0.000444s ]
SQL: SELECT * FROM `feature` WHERE ( `feature_no` = 1 )  [ RunTime:0.000229s ]

[ 2017-10-19T17:47:52+08:00 ] 125.64.220.15 /Home/Ajax/getFeatures
INFO: [ app_begin ] --START--
INFO: Run Behavior\ReadHtmlCache [ RunTime:0.000049s ]
INFO: [ app_begin ] --END-- [ RunTime:0.000110s ]
SQL: SHOW COLUMNS FROM `feature` [ RunTime:0.000472s ]
SQL: SELECT * FROM `feature`  [ RunTime:0.000080s ]

[ 2017-10-19T17:47:53+08:00 ] 125.64.220.15 /Home/Ajax/getFeatures
INFO: [ app_begin ] --START--
INFO: Run Behavior\ReadHtmlCache [ RunTime:0.000124s ]
INFO: [ app_begin ] --END-- [ RunTime:0.000207s ]
SQL: SHOW COLUMNS FROM `feature` [ RunTime:0.000670s ]
SQL: SELECT * FROM `feature` WHERE ( `feature_no` = 4 )  [ RunTime:0.000297s ]

[ 2017-10-19T17:48:37+08:00 ] 125.64.220.15 /Home/Ajax/getFeatures
INFO: [ app_begin ] --START--
INFO: Run Behavior\ReadHtmlCache [ RunTime:0.000049s ]
INFO: [ app_begin ] --END-- [ RunTime:0.000096s ]
SQL: SHOW COLUMNS FROM `feature` [ RunTime:0.000496s ]
SQL: SELECT * FROM `feature`  [ RunTime:0.000081s ]

[ 2017-10-19T17:48:38+08:00 ] 125.64.220.15 /Home/Ajax/getFeatures
INFO: [ app_begin ] --START--
INFO: Run Behavior\ReadHtmlCache [ RunTime:0.000053s ]
INFO: [ app_begin ] --END-- [ RunTime:0.000126s ]
SQL: SHOW COLUMNS FROM `feature` [ RunTime:0.001369s ]
SQL: SELECT * FROM `feature` WHERE ( `feature_no` = 4 )  [ RunTime:0.000103s ]

[ 2017-10-19T17:49:32+08:00 ] 125.64.220.15 /Home/Ajax/getFeatures
INFO: [ app_begin ] --START--
INFO: Run Behavior\ReadHtmlCache [ RunTime:0.000077s ]
INFO: [ app_begin ] --END-- [ RunTime:0.000138s ]
SQL: SHOW COLUMNS FROM `feature` [ RunTime:0.000472s ]
SQL: SELECT * FROM `feature`  [ RunTime:0.000100s ]

[ 2017-10-19T17:49:33+08:00 ] 125.64.220.15 /Home/Ajax/getFeatures
INFO: [ app_begin ] --START--
INFO: Run Behavior\ReadHtmlCache [ RunTime:0.000091s ]
INFO: [ app_begin ] --END-- [ RunTime:0.000176s ]
SQL: SHOW COLUMNS FROM `feature` [ RunTime:0.000470s ]
SQL: SELECT * FROM `feature` WHERE ( `feature_no` = 0 )  [ RunTime:0.000079s ]

[ 2017-10-19T17:49:54+08:00 ] 125.64.220.15 /Home/Ajax/getFeatures
INFO: [ app_begin ] --START--
INFO: Run Behavior\ReadHtmlCache [ RunTime:0.000048s ]
INFO: [ app_begin ] --END-- [ RunTime:0.000097s ]
SQL: SHOW COLUMNS FROM `feature` [ RunTime:0.000501s ]
SQL: SELECT * FROM `feature`  [ RunTime:0.000079s ]

[ 2017-10-19T17:49:55+08:00 ] 125.64.220.15 /Home/Ajax/getFeatures
INFO: [ app_begin ] --START--
INFO: Run Behavior\ReadHtmlCache [ RunTime:0.000072s ]
INFO: [ app_begin ] --END-- [ RunTime:0.000139s ]
SQL: SHOW COLUMNS FROM `feature` [ RunTime:0.000462s ]
SQL: SELECT * FROM `feature` WHERE ( `feature_no` = 0 )  [ RunTime:0.000108s ]

[ 2017-10-19T17:50:26+08:00 ] 125.64.220.15 /Home/Ajax/getFeatures
INFO: [ app_begin ] --START--
INFO: Run Behavior\ReadHtmlCache [ RunTime:0.000088s ]
INFO: [ app_begin ] --END-- [ RunTime:0.000140s ]
SQL: SHOW COLUMNS FROM `feature` [ RunTime:0.000453s ]
SQL: SELECT * FROM `feature`  [ RunTime:0.000080s ]

[ 2017-10-19T17:50:27+08:00 ] 125.64.220.15 /Home/Ajax/getFeatures
INFO: [ app_begin ] --START--
INFO: Run Behavior\ReadHtmlCache [ RunTime:0.000049s ]
INFO: [ app_begin ] --END-- [ RunTime:0.000096s ]
SQL: SHOW COLUMNS FROM `feature` [ RunTime:0.000479s ]
SQL: SELECT * FROM `feature` WHERE ( `feature_no` = 1 )  [ RunTime:0.000078s ]

[ 2017-10-19T17:50:38+08:00 ] 125.64.220.15 /Home/Ajax/getFeatures
INFO: [ app_begin ] --START--
INFO: Run Behavior\ReadHtmlCache [ RunTime:0.000075s ]
INFO: [ app_begin ] --END-- [ RunTime:0.000129s ]
SQL: SHOW COLUMNS FROM `feature` [ RunTime:0.000440s ]
SQL: SELECT * FROM `feature`  [ RunTime:0.000081s ]

[ 2017-10-19T17:50:39+08:00 ] 125.64.220.15 /Home/Ajax/getFeatures
INFO: [ app_begin ] --START--
INFO: Run Behavior\ReadHtmlCache [ RunTime:0.000057s ]
INFO: [ app_begin ] --END-- [ RunTime:0.000141s ]
SQL: SHOW COLUMNS FROM `feature` [ RunTime:0.000497s ]
SQL: SELECT * FROM `feature` WHERE ( `feature_no` = 6 )  [ RunTime:0.000250s ]

[ 2017-10-19T17:50:52+08:00 ] 125.64.220.15 /Home/Ajax/getFeatures
INFO: [ app_begin ] --START--
INFO: Run Behavior\ReadHtmlCache [ RunTime:0.000049s ]
INFO: [ app_begin ] --END-- [ RunTime:0.000097s ]
SQL: SHOW COLUMNS FROM `feature` [ RunTime:0.000494s ]
SQL: SELECT * FROM `feature`  [ RunTime:0.000092s ]

[ 2017-10-19T17:50:53+08:00 ] 125.64.220.15 /Home/Ajax/getFeatures
INFO: [ app_begin ] --START--
INFO: Run Behavior\ReadHtmlCache [ RunTime:0.000056s ]
INFO: [ app_begin ] --END-- [ RunTime:0.000104s ]
SQL: SHOW COLUMNS FROM `feature` [ RunTime:0.000460s ]
SQL: SELECT * FROM `feature` WHERE ( `feature_no` = 4 )  [ RunTime:0.000077s ]

[ 2017-10-19T17:50:56+08:00 ] 125.64.220.15 /Home/Ajax/getFeatures
INFO: [ app_begin ] --START--
INFO: Run Behavior\ReadHtmlCache [ RunTime:0.000049s ]
INFO: [ app_begin ] --END-- [ RunTime:0.000100s ]
SQL: SHOW COLUMNS FROM `feature` [ RunTime:0.000757s ]
SQL: SELECT * FROM `feature`  [ RunTime:0.000080s ]

[ 2017-10-19T17:50:57+08:00 ] 125.64.220.15 /Home/Ajax/getFeatures
INFO: [ app_begin ] --START--
INFO: Run Behavior\ReadHtmlCache [ RunTime:0.000067s ]
INFO: [ app_begin ] --END-- [ RunTime:0.000126s ]
SQL: SHOW COLUMNS FROM `feature` [ RunTime:0.000474s ]
SQL: SELECT * FROM `feature` WHERE ( `feature_no` = 6 )  [ RunTime:0.000079s ]

[ 2017-10-19T17:50:58+08:00 ] 125.64.220.15 /Home/Ajax/getFeatures
INFO: [ app_begin ] --START--
INFO: Run Behavior\ReadHtmlCache [ RunTime:0.000049s ]
INFO: [ app_begin ] --END-- [ RunTime:0.000099s ]
SQL: SHOW COLUMNS FROM `feature` [ RunTime:0.000524s ]
SQL: SELECT * FROM `feature`  [ RunTime:0.000082s ]

[ 2017-10-19T17:50:59+08:00 ] 125.64.220.15 /Home/Ajax/getFeatures
INFO: [ app_begin ] --START--
INFO: Run Behavior\ReadHtmlCache [ RunTime:0.000092s ]
INFO: [ app_begin ] --END-- [ RunTime:0.000169s ]
SQL: SHOW COLUMNS FROM `feature` [ RunTime:0.000457s ]
SQL: SELECT * FROM `feature` WHERE ( `feature_no` = 0 )  [ RunTime:0.000110s ]

[ 2017-10-19T17:52:32+08:00 ] 125.64.220.15 /Home/Ajax/getFeatures
INFO: [ app_begin ] --START--
INFO: Run Behavior\ReadHtmlCache [ RunTime:0.000048s ]
INFO: [ app_begin ] --END-- [ RunTime:0.000097s ]
SQL: SHOW COLUMNS FROM `feature` [ RunTime:0.000481s ]
SQL: SELECT * FROM `feature`  [ RunTime:0.000082s ]

[ 2017-10-19T17:52:33+08:00 ] 125.64.220.15 /Home/Ajax/getFeatures
INFO: [ app_begin ] --START--
INFO: Run Behavior\ReadHtmlCache [ RunTime:0.000049s ]
INFO: [ app_begin ] --END-- [ RunTime:0.000099s ]
SQL: SHOW COLUMNS FROM `feature` [ RunTime:0.000484s ]
SQL: SELECT * FROM `feature` WHERE ( `feature_no` = 3 )  [ RunTime:0.000082s ]

[ 2017-10-19T17:52:37+08:00 ] 125.64.220.15 /Home/Ajax/getFeatures
INFO: [ app_begin ] --START--
INFO: Run Behavior\ReadHtmlCache [ RunTime:0.000050s ]
INFO: [ app_begin ] --END-- [ RunTime:0.000102s ]
SQL: SHOW COLUMNS FROM `feature` [ RunTime:0.000506s ]
SQL: SELECT * FROM `feature`  [ RunTime:0.000101s ]

[ 2017-10-19T17:52:38+08:00 ] 125.64.220.15 /Home/Ajax/getFeatures
INFO: [ app_begin ] --START--
INFO: Run Behavior\ReadHtmlCache [ RunTime:0.000050s ]
INFO: [ app_begin ] --END-- [ RunTime:0.000103s ]
SQL: SHOW COLUMNS FROM `feature` [ RunTime:0.000452s ]
SQL: SELECT * FROM `feature` WHERE ( `feature_no` = 4 )  [ RunTime:0.000081s ]

[ 2017-10-19T17:52:51+08:00 ] 125.64.220.15 /Home/Ajax/getFeatures
INFO: [ app_begin ] --START--
INFO: Run Behavior\ReadHtmlCache [ RunTime:0.000049s ]
INFO: [ app_begin ] --END-- [ RunTime:0.000098s ]
SQL: SHOW COLUMNS FROM `feature` [ RunTime:0.000535s ]
SQL: SELECT * FROM `feature`  [ RunTime:0.000079s ]

[ 2017-10-19T17:52:52+08:00 ] 125.64.220.15 /Home/Ajax/getFeatures
INFO: [ app_begin ] --START--
INFO: Run Behavior\ReadHtmlCache [ RunTime:0.000049s ]
INFO: [ app_begin ] --END-- [ RunTime:0.000101s ]
SQL: SHOW COLUMNS FROM `feature` [ RunTime:0.000488s ]
SQL: SELECT * FROM `feature` WHERE ( `feature_no` = 4 )  [ RunTime:0.000078s ]

[ 2017-10-19T17:53:07+08:00 ] 125.64.220.15 /Home/Ajax/getFeatures
INFO: [ app_begin ] --START--
INFO: Run Behavior\ReadHtmlCache [ RunTime:0.000051s ]
INFO: [ app_begin ] --END-- [ RunTime:0.000113s ]
SQL: SHOW COLUMNS FROM `feature` [ RunTime:0.000446s ]
SQL: SELECT * FROM `feature`  [ RunTime:0.000081s ]

[ 2017-10-19T17:53:08+08:00 ] 125.64.220.15 /Home/Ajax/getFeatures
INFO: [ app_begin ] --START--
INFO: Run Behavior\ReadHtmlCache [ RunTime:0.000103s ]
INFO: [ app_begin ] --END-- [ RunTime:0.000167s ]
SQL: SHOW COLUMNS FROM `feature` [ RunTime:0.000502s ]
SQL: SELECT * FROM `feature` WHERE ( `feature_no` = 4 )  [ RunTime:0.000078s ]

[ 2017-10-19T17:53:28+08:00 ] 125.64.220.15 /Home/Ajax/getFeatures
INFO: [ app_begin ] --START--
INFO: Run Behavior\ReadHtmlCache [ RunTime:0.000048s ]
INFO: [ app_begin ] --END-- [ RunTime:0.000095s ]
SQL: SHOW COLUMNS FROM `feature` [ RunTime:0.000495s ]
SQL: SELECT * FROM `feature`  [ RunTime:0.000081s ]

[ 2017-10-19T17:54:10+08:00 ] 125.64.220.15 /Home/Ajax/getFeatures
INFO: [ app_begin ] --START--
INFO: Run Behavior\ReadHtmlCache [ RunTime:0.000053s ]
INFO: [ app_begin ] --END-- [ RunTime:0.000117s ]
SQL: SHOW COLUMNS FROM `feature` [ RunTime:0.000480s ]
SQL: SELECT * FROM `feature`  [ RunTime:0.000081s ]

[ 2017-10-19T17:54:11+08:00 ] 125.64.220.15 /Home/Ajax/getFeatures
INFO: [ app_begin ] --START--
INFO: Run Behavior\ReadHtmlCache [ RunTime:0.000051s ]
INFO: [ app_begin ] --END-- [ RunTime:0.000105s ]
SQL: SHOW COLUMNS FROM `feature` [ RunTime:0.000521s ]
SQL: SELECT * FROM `feature` WHERE ( `feature_no` = 1 )  [ RunTime:0.000082s ]

[ 2017-10-19T17:54:46+08:00 ] 125.64.220.15 /Home/Ajax/getFeatures
INFO: [ app_begin ] --START--
INFO: Run Behavior\ReadHtmlCache [ RunTime:0.000048s ]
INFO: [ app_begin ] --END-- [ RunTime:0.000095s ]
SQL: SHOW COLUMNS FROM `feature` [ RunTime:0.000849s ]
SQL: SELECT * FROM `feature`  [ RunTime:0.000080s ]

[ 2017-10-19T17:54:47+08:00 ] 125.64.220.15 /Home/Ajax/getFeatures
INFO: [ app_begin ] --START--
INFO: Run Behavior\ReadHtmlCache [ RunTime:0.000060s ]
INFO: [ app_begin ] --END-- [ RunTime:0.000130s ]
SQL: SHOW COLUMNS FROM `feature` [ RunTime:0.000452s ]
SQL: SELECT * FROM `feature` WHERE ( `feature_no` = 1 )  [ RunTime:0.000085s ]

[ 2017-10-19T17:55:18+08:00 ] 125.64.220.15 /Home/Ajax/getFeatures
INFO: [ app_begin ] --START--
INFO: Run Behavior\ReadHtmlCache [ RunTime:0.000069s ]
INFO: [ app_begin ] --END-- [ RunTime:0.000133s ]
SQL: SHOW COLUMNS FROM `feature` [ RunTime:0.000489s ]
SQL: SELECT * FROM `feature`  [ RunTime:0.000083s ]

[ 2017-10-19T17:55:19+08:00 ] 125.64.220.15 /Home/Ajax/getFeatures
INFO: [ app_begin ] --START--
INFO: Run Behavior\ReadHtmlCache [ RunTime:0.000048s ]
INFO: [ app_begin ] --END-- [ RunTime:0.000098s ]
SQL: SHOW COLUMNS FROM `feature` [ RunTime:0.000478s ]
SQL: SELECT * FROM `feature` WHERE ( `feature_no` = 4 )  [ RunTime:0.000079s ]

[ 2017-10-19T17:56:20+08:00 ] 125.64.220.15 /Home/Ajax/getFeatures
INFO: [ app_begin ] --START--
INFO: Run Behavior\ReadHtmlCache [ RunTime:0.000050s ]
INFO: [ app_begin ] --END-- [ RunTime:0.000104s ]
SQL: SHOW COLUMNS FROM `feature` [ RunTime:0.000502s ]
SQL: SELECT * FROM `feature`  [ RunTime:0.000083s ]

[ 2017-10-19T17:56:21+08:00 ] 125.64.220.15 /Home/Ajax/getFeatures
INFO: [ app_begin ] --START--
INFO: Run Behavior\ReadHtmlCache [ RunTime:0.000049s ]
INFO: [ app_begin ] --END-- [ RunTime:0.000098s ]
SQL: SHOW COLUMNS FROM `feature` [ RunTime:0.000530s ]
SQL: SELECT * FROM `feature` WHERE ( `feature_no` = 5 )  [ RunTime:0.000223s ]

[ 2017-10-19T17:56:23+08:00 ] 125.64.220.15 /Home/Ajax/getFeatures
INFO: [ app_begin ] --START--
INFO: Run Behavior\ReadHtmlCache [ RunTime:0.000052s ]
INFO: [ app_begin ] --END-- [ RunTime:0.000111s ]
SQL: SHOW COLUMNS FROM `feature` [ RunTime:0.000496s ]
SQL: SELECT * FROM `feature`  [ RunTime:0.000080s ]

[ 2017-10-19T17:56:23+08:00 ] 125.64.220.15 /Home/Ajax/getFeatures
INFO: [ app_begin ] --START--
INFO: Run Behavior\ReadHtmlCache [ RunTime:0.000077s ]
INFO: [ app_begin ] --END-- [ RunTime:0.000136s ]
SQL: SHOW COLUMNS FROM `feature` [ RunTime:0.000597s ]
SQL: SELECT * FROM `feature` WHERE ( `feature_no` = 6 )  [ RunTime:0.000079s ]

[ 2017-10-19T17:56:24+08:00 ] 125.64.220.15 /Home/Ajax/getFeatures
INFO: [ app_begin ] --START--
INFO: Run Behavior\ReadHtmlCache [ RunTime:0.000049s ]
INFO: [ app_begin ] --END-- [ RunTime:0.000102s ]
SQL: SHOW COLUMNS FROM `feature` [ RunTime:0.000442s ]
SQL: SELECT * FROM `feature`  [ RunTime:0.000103s ]

[ 2017-10-19T17:56:25+08:00 ] 125.64.220.15 /Home/Ajax/getFeatures
INFO: [ app_begin ] --START--
INFO: Run Behavior\ReadHtmlCache [ RunTime:0.000049s ]
INFO: [ app_begin ] --END-- [ RunTime:0.000102s ]
SQL: SHOW COLUMNS FROM `feature` [ RunTime:0.000461s ]
SQL: SELECT * FROM `feature` WHERE ( `feature_no` = 7 )  [ RunTime:0.000226s ]

[ 2017-10-19T17:56:26+08:00 ] 125.64.220.15 /Home/Ajax/getFeatures
INFO: [ app_begin ] --START--
INFO: Run Behavior\ReadHtmlCache [ RunTime:0.000049s ]
INFO: [ app_begin ] --END-- [ RunTime:0.000100s ]
SQL: SHOW COLUMNS FROM `feature` [ RunTime:0.000477s ]
SQL: SELECT * FROM `feature`  [ RunTime:0.000080s ]

[ 2017-10-19T17:56:27+08:00 ] 125.64.220.15 /Home/Ajax/getFeatures
INFO: [ app_begin ] --START--
INFO: Run Behavior\ReadHtmlCache [ RunTime:0.000055s ]
INFO: [ app_begin ] --END-- [ RunTime:0.000121s ]
SQL: SHOW COLUMNS FROM `feature` [ RunTime:0.000523s ]
SQL: SELECT * FROM `feature` WHERE ( `feature_no` = 2 )  [ RunTime:0.000236s ]

[ 2017-10-19T17:56:32+08:00 ] 182.140.177.243 /Home/Ajax/getFeatures
INFO: [ app_begin ] --START--
INFO: Run Behavior\ReadHtmlCache [ RunTime:0.000049s ]
INFO: [ app_begin ] --END-- [ RunTime:0.000099s ]
SQL: SHOW COLUMNS FROM `feature` [ RunTime:0.000476s ]
SQL: SELECT * FROM `feature`  [ RunTime:0.000082s ]

[ 2017-10-19T17:56:34+08:00 ] 182.140.177.243 /Home/Ajax/getFeatures
INFO: [ app_begin ] --START--
INFO: Run Behavior\ReadHtmlCache [ RunTime:0.000050s ]
INFO: [ app_begin ] --END-- [ RunTime:0.000101s ]
SQL: SHOW COLUMNS FROM `feature` [ RunTime:0.000549s ]
SQL: SELECT * FROM `feature` WHERE ( `feature_no` = 5 )  [ RunTime:0.000081s ]

[ 2017-10-19T17:56:35+08:00 ] 182.140.177.243 /Home/Ajax/getFeatures
INFO: [ app_begin ] --START--
INFO: Run Behavior\ReadHtmlCache [ RunTime:0.000093s ]
INFO: [ app_begin ] --END-- [ RunTime:0.000145s ]
SQL: SHOW COLUMNS FROM `feature` [ RunTime:0.000564s ]
SQL: SELECT * FROM `feature`  [ RunTime:0.000106s ]

[ 2017-10-19T17:56:36+08:00 ] 182.140.177.243 /Home/Ajax/getFeatures
INFO: [ app_begin ] --START--
INFO: Run Behavior\ReadHtmlCache [ RunTime:0.000048s ]
INFO: [ app_begin ] --END-- [ RunTime:0.000100s ]
SQL: SHOW COLUMNS FROM `feature` [ RunTime:0.000802s ]
SQL: SELECT * FROM `feature` WHERE ( `feature_no` = 4 )  [ RunTime:0.000081s ]

[ 2017-10-19T17:56:38+08:00 ] 182.140.177.243 /Home/Ajax/getFeatures
INFO: [ app_begin ] --START--
INFO: Run Behavior\ReadHtmlCache [ RunTime:0.000063s ]
INFO: [ app_begin ] --END-- [ RunTime:0.000112s ]
SQL: SHOW COLUMNS FROM `feature` [ RunTime:0.000563s ]
SQL: SELECT * FROM `feature`  [ RunTime:0.000099s ]

[ 2017-10-19T17:56:39+08:00 ] 182.140.177.243 /Home/Ajax/getFeatures
INFO: [ app_begin ] --START--
INFO: Run Behavior\ReadHtmlCache [ RunTime:0.000048s ]
INFO: [ app_begin ] --END-- [ RunTime:0.000100s ]
SQL: SHOW COLUMNS FROM `feature` [ RunTime:0.000475s ]
SQL: SELECT * FROM `feature` WHERE ( `feature_no` = 2 )  [ RunTime:0.000077s ]

[ 2017-10-19T17:56:41+08:00 ] 182.140.177.243 /Home/Ajax/getFeatures
INFO: [ app_begin ] --START--
INFO: Run Behavior\ReadHtmlCache [ RunTime:0.000048s ]
INFO: [ app_begin ] --END-- [ RunTime:0.000094s ]
SQL: SHOW COLUMNS FROM `feature` [ RunTime:0.000567s ]
SQL: SELECT * FROM `feature`  [ RunTime:0.000080s ]

[ 2017-10-19T17:56:42+08:00 ] 182.140.177.243 /Home/Ajax/getFeatures
INFO: [ app_begin ] --START--
INFO: Run Behavior\ReadHtmlCache [ RunTime:0.000052s ]
INFO: [ app_begin ] --END-- [ RunTime:0.000120s ]
SQL: SHOW COLUMNS FROM `feature` [ RunTime:0.000611s ]
SQL: SELECT * FROM `feature` WHERE ( `feature_no` = 4 )  [ RunTime:0.000083s ]

[ 2017-10-19T17:56:43+08:00 ] 182.140.177.243 /Home/Ajax/getFeatures
INFO: [ app_begin ] --START--
INFO: Run Behavior\ReadHtmlCache [ RunTime:0.000048s ]
INFO: [ app_begin ] --END-- [ RunTime:0.000096s ]
SQL: SHOW COLUMNS FROM `feature` [ RunTime:0.000453s ]
SQL: SELECT * FROM `feature`  [ RunTime:0.000083s ]

[ 2017-10-19T17:56:45+08:00 ] 182.140.177.243 /Home/Ajax/getFeatures
INFO: [ app_begin ] --START--
INFO: Run Behavior\ReadHtmlCache [ RunTime:0.000056s ]
INFO: [ app_begin ] --END-- [ RunTime:0.000105s ]
SQL: SHOW COLUMNS FROM `feature` [ RunTime:0.000477s ]
SQL: SELECT * FROM `feature`  [ RunTime:0.000080s ]

[ 2017-10-19T17:58:57+08:00 ] 125.64.220.15 /Home/Ajax/getFeatures
INFO: [ app_begin ] --START--
INFO: Run Behavior\ReadHtmlCache [ RunTime:0.000049s ]
INFO: [ app_begin ] --END-- [ RunTime:0.000099s ]
SQL: SHOW COLUMNS FROM `feature` [ RunTime:0.000578s ]
SQL: SELECT * FROM `feature`  [ RunTime:0.000081s ]

[ 2017-10-19T17:58:58+08:00 ] 125.64.220.15 /Home/Ajax/getFeatures
INFO: [ app_begin ] --START--
INFO: Run Behavior\ReadHtmlCache [ RunTime:0.000047s ]
INFO: [ app_begin ] --END-- [ RunTime:0.000097s ]
SQL: SHOW COLUMNS FROM `feature` [ RunTime:0.000530s ]
SQL: SELECT * FROM `feature` WHERE ( `feature_no` = 3 )  [ RunTime:0.000079s ]

[ 2017-10-19T17:58:59+08:00 ] 125.64.220.15 /Home/Ajax/getFeatures
INFO: [ app_begin ] --START--
INFO: Run Behavior\ReadHtmlCache [ RunTime:0.000048s ]
INFO: [ app_begin ] --END-- [ RunTime:0.000098s ]
SQL: SHOW COLUMNS FROM `feature` [ RunTime:0.000509s ]
SQL: SELECT * FROM `feature`  [ RunTime:0.000081s ]

[ 2017-10-19T17:58:59+08:00 ] 125.64.220.15 /Home/Ajax/getFeatures
INFO: [ app_begin ] --START--
INFO: Run Behavior\ReadHtmlCache [ RunTime:0.000051s ]
INFO: [ app_begin ] --END-- [ RunTime:0.000104s ]
SQL: SHOW COLUMNS FROM `feature` [ RunTime:0.000494s ]
SQL: SELECT * FROM `feature` WHERE ( `feature_no` = 5 )  [ RunTime:0.000103s ]

[ 2017-10-19T17:59:00+08:00 ] 125.64.220.15 /Home/Ajax/getFeatures
INFO: [ app_begin ] --START--
INFO: Run Behavior\ReadHtmlCache [ RunTime:0.000084s ]
INFO: [ app_begin ] --END-- [ RunTime:0.000151s ]
SQL: SHOW COLUMNS FROM `feature` [ RunTime:0.000547s ]
SQL: SELECT * FROM `feature`  [ RunTime:0.000132s ]

[ 2017-10-19T17:59:02+08:00 ] 125.64.220.15 /Home/Ajax/getFeatures
INFO: [ app_begin ] --START--
INFO: Run Behavior\ReadHtmlCache [ RunTime:0.000050s ]
INFO: [ app_begin ] --END-- [ RunTime:0.000102s ]
SQL: SHOW COLUMNS FROM `feature` [ RunTime:0.000511s ]
SQL: SELECT * FROM `feature`  [ RunTime:0.000095s ]

[ 2017-10-19T17:59:04+08:00 ] 125.64.220.15 /Home/Ajax/getFeatures
INFO: [ app_begin ] --START--
INFO: Run Behavior\ReadHtmlCache [ RunTime:0.000049s ]
INFO: [ app_begin ] --END-- [ RunTime:0.000099s ]
SQL: SHOW COLUMNS FROM `feature` [ RunTime:0.000520s ]
SQL: SELECT * FROM `feature`  [ RunTime:0.000104s ]

[ 2017-10-19T17:59:27+08:00 ] 125.64.220.15 /Home/Ajax/getFeatures
INFO: [ app_begin ] --START--
INFO: Run Behavior\ReadHtmlCache [ RunTime:0.000049s ]
INFO: [ app_begin ] --END-- [ RunTime:0.000098s ]
SQL: SHOW COLUMNS FROM `feature` [ RunTime:0.000479s ]
SQL: SELECT * FROM `feature`  [ RunTime:0.000082s ]

[ 2017-10-19T17:59:29+08:00 ] 125.64.220.15 /Home/Ajax/getFeatures
INFO: [ app_begin ] --START--
INFO: Run Behavior\ReadHtmlCache [ RunTime:0.000048s ]
INFO: [ app_begin ] --END-- [ RunTime:0.000097s ]
SQL: SHOW COLUMNS FROM `feature` [ RunTime:0.000577s ]
SQL: SELECT * FROM `feature` WHERE ( `feature_no` = 1 )  [ RunTime:0.000080s ]

[ 2017-10-19T17:59:29+08:00 ] 125.64.220.15 /Home/Ajax/getFeatures
INFO: [ app_begin ] --START--
INFO: Run Behavior\ReadHtmlCache [ RunTime:0.000049s ]
INFO: [ app_begin ] --END-- [ RunTime:0.000102s ]
SQL: SHOW COLUMNS FROM `feature` [ RunTime:0.000482s ]
SQL: SELECT * FROM `feature`  [ RunTime:0.000105s ]

[ 2017-10-19T17:59:31+08:00 ] 125.64.220.15 /Home/Ajax/getFeatures
INFO: [ app_begin ] --START--
INFO: Run Behavior\ReadHtmlCache [ RunTime:0.000065s ]
INFO: [ app_begin ] --END-- [ RunTime:0.000117s ]
SQL: SHOW COLUMNS FROM `feature` [ RunTime:0.000470s ]
SQL: SELECT * FROM `feature`  [ RunTime:0.000113s ]

[ 2017-10-19T17:59:32+08:00 ] 125.64.220.15 /Home/Ajax/getFeatures
INFO: [ app_begin ] --START--
INFO: Run Behavior\ReadHtmlCache [ RunTime:0.000049s ]
INFO: [ app_begin ] --END-- [ RunTime:0.000099s ]
SQL: SHOW COLUMNS FROM `feature` [ RunTime:0.000540s ]
SQL: SELECT * FROM `feature` WHERE ( `feature_no` = 4 )  [ RunTime:0.000081s ]

[ 2017-10-19T17:59:33+08:00 ] 125.64.220.15 /Home/Ajax/getFeatures
INFO: [ app_begin ] --START--
INFO: Run Behavior\ReadHtmlCache [ RunTime:0.000048s ]
INFO: [ app_begin ] --END-- [ RunTime:0.000095s ]
SQL: SHOW COLUMNS FROM `feature` [ RunTime:0.000522s ]
SQL: SELECT * FROM `feature`  [ RunTime:0.000080s ]

[ 2017-10-19T17:59:34+08:00 ] 125.64.220.15 /Home/Ajax/getFeatures
INFO: [ app_begin ] --START--
INFO: Run Behavior\ReadHtmlCache [ RunTime:0.000076s ]
INFO: [ app_begin ] --END-- [ RunTime:0.000128s ]
SQL: SHOW COLUMNS FROM `feature` [ RunTime:0.002013s ]
SQL: SELECT * FROM `feature` WHERE ( `feature_no` = 5 )  [ RunTime:0.000081s ]

[ 2017-10-19T18:09:02+08:00 ] 125.64.220.15 /Home/Ajax/getFeatures
INFO: [ app_begin ] --START--
INFO: Run Behavior\ReadHtmlCache [ RunTime:0.000076s ]
INFO: [ app_begin ] --END-- [ RunTime:0.000134s ]
SQL: SHOW COLUMNS FROM `feature` [ RunTime:0.000477s ]
SQL: SELECT * FROM `feature`  [ RunTime:0.000088s ]

[ 2017-10-19T18:09:03+08:00 ] 125.64.220.15 /Home/Ajax/getFeatures
INFO: [ app_begin ] --START--
INFO: Run Behavior\ReadHtmlCache [ RunTime:0.000050s ]
INFO: [ app_begin ] --END-- [ RunTime:0.000102s ]
SQL: SHOW COLUMNS FROM `feature` [ RunTime:0.000518s ]
SQL: SELECT * FROM `feature` WHERE ( `feature_no` = 4 )  [ RunTime:0.000086s ]

[ 2017-10-19T18:09:06+08:00 ] 125.64.220.15 /Home/Ajax/getFeatures
INFO: [ app_begin ] --START--
INFO: Run Behavior\ReadHtmlCache [ RunTime:0.000072s ]
INFO: [ app_begin ] --END-- [ RunTime:0.000145s ]
SQL: SHOW COLUMNS FROM `feature` [ RunTime:0.000473s ]
SQL: SELECT * FROM `feature`  [ RunTime:0.000082s ]

[ 2017-10-19T18:09:07+08:00 ] 125.64.220.15 /Home/Ajax/getFeatures
INFO: [ app_begin ] --START--
INFO: Run Behavior\ReadHtmlCache [ RunTime:0.000048s ]
INFO: [ app_begin ] --END-- [ RunTime:0.000095s ]
SQL: SHOW COLUMNS FROM `feature` [ RunTime:0.000787s ]
SQL: SELECT * FROM `feature` WHERE ( `feature_no` = 7 )  [ RunTime:0.000099s ]

[ 2017-10-19T18:09:11+08:00 ] 125.64.220.15 /Home/Ajax/getFeatures
INFO: [ app_begin ] --START--
INFO: Run Behavior\ReadHtmlCache [ RunTime:0.000049s ]
INFO: [ app_begin ] --END-- [ RunTime:0.000100s ]
SQL: SHOW COLUMNS FROM `feature` [ RunTime:0.000472s ]
SQL: SELECT * FROM `feature`  [ RunTime:0.000107s ]

[ 2017-10-19T18:09:13+08:00 ] 125.64.220.15 /Home/Ajax/getFeatures
INFO: [ app_begin ] --START--
INFO: Run Behavior\ReadHtmlCache [ RunTime:0.000048s ]
INFO: [ app_begin ] --END-- [ RunTime:0.000113s ]
SQL: SHOW COLUMNS FROM `feature` [ RunTime:0.000551s ]
SQL: SELECT * FROM `feature`  [ RunTime:0.000083s ]

[ 2017-10-19T18:09:14+08:00 ] 125.64.220.15 /Home/Ajax/getFeatures
INFO: [ app_begin ] --START--
INFO: Run Behavior\ReadHtmlCache [ RunTime:0.000059s ]
INFO: [ app_begin ] --END-- [ RunTime:0.000117s ]
SQL: SHOW COLUMNS FROM `feature` [ RunTime:0.000537s ]
SQL: SELECT * FROM `feature` WHERE ( `feature_no` = 1 )  [ RunTime:0.000105s ]

[ 2017-10-19T18:10:33+08:00 ] 125.64.220.15 /Home/Ajax/getFeatures
INFO: [ app_begin ] --START--
INFO: Run Behavior\ReadHtmlCache [ RunTime:0.000051s ]
INFO: [ app_begin ] --END-- [ RunTime:0.000107s ]
SQL: SHOW COLUMNS FROM `feature` [ RunTime:0.000498s ]
SQL: SELECT * FROM `feature`  [ RunTime:0.000081s ]

[ 2017-10-19T18:10:36+08:00 ] 125.64.220.15 /Home/Ajax/getFeatures
INFO: [ app_begin ] --START--
INFO: Run Behavior\ReadHtmlCache [ RunTime:0.000058s ]
INFO: [ app_begin ] --END-- [ RunTime:0.000105s ]
SQL: SHOW COLUMNS FROM `feature` [ RunTime:0.000487s ]
SQL: SELECT * FROM `feature`  [ RunTime:0.000078s ]

[ 2017-10-19T18:10:39+08:00 ] 125.64.220.15 /Home/Ajax/getFeatures
INFO: [ app_begin ] --START--
INFO: Run Behavior\ReadHtmlCache [ RunTime:0.000049s ]
INFO: [ app_begin ] --END-- [ RunTime:0.000099s ]
SQL: SHOW COLUMNS FROM `feature` [ RunTime:0.000554s ]
SQL: SELECT * FROM `feature`  [ RunTime:0.000081s ]

[ 2017-10-19T18:10:40+08:00 ] 125.64.220.15 /Home/Ajax/getFeatures
INFO: [ app_begin ] --START--
INFO: Run Behavior\ReadHtmlCache [ RunTime:0.000050s ]
INFO: [ app_begin ] --END-- [ RunTime:0.000100s ]
SQL: SHOW COLUMNS FROM `feature` [ RunTime:0.000536s ]
SQL: SELECT * FROM `feature` WHERE ( `feature_no` = 3 )  [ RunTime:0.000081s ]

[ 2017-10-19T18:10:44+08:00 ] 125.64.220.15 /Home/Ajax/getFeatures
INFO: [ app_begin ] --START--
INFO: Run Behavior\ReadHtmlCache [ RunTime:0.000067s ]
INFO: [ app_begin ] --END-- [ RunTime:0.000121s ]
SQL: SHOW COLUMNS FROM `feature` [ RunTime:0.000511s ]
SQL: SELECT * FROM `feature`  [ RunTime:0.000079s ]

[ 2017-10-19T18:10:48+08:00 ] 125.64.220.15 /Home/Ajax/getFeatures
INFO: [ app_begin ] --START--
INFO: Run Behavior\ReadHtmlCache [ RunTime:0.000052s ]
INFO: [ app_begin ] --END-- [ RunTime:0.000110s ]
SQL: SHOW COLUMNS FROM `feature` [ RunTime:0.000537s ]
SQL: SELECT * FROM `feature`  [ RunTime:0.000083s ]

[ 2017-10-19T18:10:52+08:00 ] 125.64.220.15 /Home/Ajax/getFeatures
INFO: [ app_begin ] --START--
INFO: Run Behavior\ReadHtmlCache [ RunTime:0.000087s ]
INFO: [ app_begin ] --END-- [ RunTime:0.000142s ]
SQL: SHOW COLUMNS FROM `feature` [ RunTime:0.000452s ]
SQL: SELECT * FROM `feature`  [ RunTime:0.000091s ]

[ 2017-10-19T18:10:54+08:00 ] 125.64.220.15 /Home/Ajax/getFeatures
INFO: [ app_begin ] --START--
INFO: Run Behavior\ReadHtmlCache [ RunTime:0.000057s ]
INFO: [ app_begin ] --END-- [ RunTime:0.000107s ]
SQL: SHOW COLUMNS FROM `feature` [ RunTime:0.000469s ]
SQL: SELECT * FROM `feature`  [ RunTime:0.000078s ]

[ 2017-10-19T18:10:58+08:00 ] 125.64.220.15 /Home/Ajax/getFeatures
INFO: [ app_begin ] --START--
INFO: Run Behavior\ReadHtmlCache [ RunTime:0.000049s ]
INFO: [ app_begin ] --END-- [ RunTime:0.000100s ]
SQL: SHOW COLUMNS FROM `feature` [ RunTime:0.000519s ]
SQL: SELECT * FROM `feature`  [ RunTime:0.000102s ]

[ 2017-10-19T18:11:00+08:00 ] 125.64.220.15 /Home/Ajax/getFeatures
INFO: [ app_begin ] --START--
INFO: Run Behavior\ReadHtmlCache [ RunTime:0.000047s ]
INFO: [ app_begin ] --END-- [ RunTime:0.000093s ]
SQL: SHOW COLUMNS FROM `feature` [ RunTime:0.000461s ]
SQL: SELECT * FROM `feature`  [ RunTime:0.000077s ]

[ 2017-10-19T18:11:11+08:00 ] 125.64.220.15 /Home/Ajax/getFeatures
INFO: [ app_begin ] --START--
INFO: Run Behavior\ReadHtmlCache [ RunTime:0.000048s ]
INFO: [ app_begin ] --END-- [ RunTime:0.000096s ]
SQL: SHOW COLUMNS FROM `feature` [ RunTime:0.000448s ]
SQL: SELECT * FROM `feature`  [ RunTime:0.000078s ]

[ 2017-10-19T18:11:12+08:00 ] 125.64.220.15 /Home/Ajax/getFeatures
INFO: [ app_begin ] --START--
INFO: Run Behavior\ReadHtmlCache [ RunTime:0.000050s ]
INFO: [ app_begin ] --END-- [ RunTime:0.000108s ]
SQL: SHOW COLUMNS FROM `feature` [ RunTime:0.000493s ]
SQL: SELECT * FROM `feature` WHERE ( `feature_no` = 1 )  [ RunTime:0.000090s ]

[ 2017-10-19T18:11:13+08:00 ] 125.64.220.15 /Home/Ajax/getFeatures
INFO: [ app_begin ] --START--
INFO: Run Behavior\ReadHtmlCache [ RunTime:0.000049s ]
INFO: [ app_begin ] --END-- [ RunTime:0.000102s ]
SQL: SHOW COLUMNS FROM `feature` [ RunTime:0.000498s ]
SQL: SELECT * FROM `feature`  [ RunTime:0.000082s ]

[ 2017-10-19T18:11:26+08:00 ] 125.64.220.15 /Home/Ajax/getFeatures
INFO: [ app_begin ] --START--
INFO: Run Behavior\ReadHtmlCache [ RunTime:0.000053s ]
INFO: [ app_begin ] --END-- [ RunTime:0.000110s ]
SQL: SHOW COLUMNS FROM `feature` [ RunTime:0.000460s ]
SQL: SELECT * FROM `feature`  [ RunTime:0.000089s ]

[ 2017-10-19T18:11:36+08:00 ] 125.64.220.15 /Home/Ajax/getFeatures
INFO: [ app_begin ] --START--
INFO: Run Behavior\ReadHtmlCache [ RunTime:0.000049s ]
INFO: [ app_begin ] --END-- [ RunTime:0.000101s ]
SQL: SHOW COLUMNS FROM `feature` [ RunTime:0.000822s ]
SQL: SELECT * FROM `feature`  [ RunTime:0.000083s ]

[ 2017-10-19T18:12:51+08:00 ] 125.64.220.15 /Home/Ajax/getFeatures
INFO: [ app_begin ] --START--
INFO: Run Behavior\ReadHtmlCache [ RunTime:0.000087s ]
INFO: [ app_begin ] --END-- [ RunTime:0.000174s ]
SQL: SHOW COLUMNS FROM `feature` [ RunTime:0.000481s ]
SQL: SELECT * FROM `feature`  [ RunTime:0.000080s ]

[ 2017-10-19T18:14:32+08:00 ] 125.64.220.15 /Home/Ajax/getFeatures
INFO: [ app_begin ] --START--
INFO: Run Behavior\ReadHtmlCache [ RunTime:0.000049s ]
INFO: [ app_begin ] --END-- [ RunTime:0.000116s ]
SQL: SHOW COLUMNS FROM `feature` [ RunTime:0.000525s ]
SQL: SELECT * FROM `feature`  [ RunTime:0.000118s ]

[ 2017-10-19T18:14:50+08:00 ] 125.64.220.15 /Home/Ajax/getFeatures
INFO: [ app_begin ] --START--
INFO: Run Behavior\ReadHtmlCache [ RunTime:0.000048s ]
INFO: [ app_begin ] --END-- [ RunTime:0.000097s ]
SQL: SHOW COLUMNS FROM `feature` [ RunTime:0.000527s ]
SQL: SELECT * FROM `feature`  [ RunTime:0.000081s ]

[ 2017-10-19T18:14:58+08:00 ] 125.64.220.15 /Home/Ajax/getFeatures
INFO: [ app_begin ] --START--
INFO: Run Behavior\ReadHtmlCache [ RunTime:0.000049s ]
INFO: [ app_begin ] --END-- [ RunTime:0.000098s ]
SQL: SHOW COLUMNS FROM `feature` [ RunTime:0.000442s ]
SQL: SELECT * FROM `feature`  [ RunTime:0.000105s ]

[ 2017-10-19T18:15:01+08:00 ] 125.64.220.15 /Home/Ajax/getFeatures
INFO: [ app_begin ] --START--
INFO: Run Behavior\ReadHtmlCache [ RunTime:0.000049s ]
INFO: [ app_begin ] --END-- [ RunTime:0.000097s ]
SQL: SHOW COLUMNS FROM `feature` [ RunTime:0.000456s ]
SQL: SELECT * FROM `feature`  [ RunTime:0.000079s ]

[ 2017-10-19T18:15:02+08:00 ] 125.64.220.15 /Home/Ajax/getFeatures
INFO: [ app_begin ] --START--
INFO: Run Behavior\ReadHtmlCache [ RunTime:0.000085s ]
INFO: [ app_begin ] --END-- [ RunTime:0.000156s ]
SQL: SHOW COLUMNS FROM `feature` [ RunTime:0.000630s ]
SQL: SELECT * FROM `feature` WHERE ( `feature_no` = 3 )  [ RunTime:0.000104s ]

[ 2017-10-19T18:16:17+08:00 ] 182.140.177.243 /Home/Ajax/getFeatures
INFO: [ app_begin ] --START--
INFO: Run Behavior\ReadHtmlCache [ RunTime:0.000074s ]
INFO: [ app_begin ] --END-- [ RunTime:0.000140s ]
SQL: SHOW COLUMNS FROM `feature` [ RunTime:0.000512s ]
SQL: SELECT * FROM `feature`  [ RunTime:0.000091s ]

[ 2017-10-19T18:16:18+08:00 ] 182.140.177.243 /Home/Ajax/getFeatures
INFO: [ app_begin ] --START--
INFO: Run Behavior\ReadHtmlCache [ RunTime:0.000048s ]
INFO: [ app_begin ] --END-- [ RunTime:0.000099s ]
SQL: SHOW COLUMNS FROM `feature` [ RunTime:0.000441s ]
SQL: SELECT * FROM `feature` WHERE ( `feature_no` = 1 )  [ RunTime:0.000089s ]

[ 2017-10-19T18:24:35+08:00 ] 182.140.177.243 /Home/Ajax/getFeatures
INFO: [ app_begin ] --START--
INFO: Run Behavior\ReadHtmlCache [ RunTime:0.000050s ]
INFO: [ app_begin ] --END-- [ RunTime:0.000102s ]
SQL: SHOW COLUMNS FROM `feature` [ RunTime:0.000445s ]
SQL: SELECT * FROM `feature`  [ RunTime:0.000106s ]

[ 2017-10-19T18:24:37+08:00 ] 182.140.177.243 /Home/Ajax/getFeatures
INFO: [ app_begin ] --START--
INFO: Run Behavior\ReadHtmlCache [ RunTime:0.000050s ]
INFO: [ app_begin ] --END-- [ RunTime:0.000104s ]
SQL: SHOW COLUMNS FROM `feature` [ RunTime:0.000472s ]
SQL: SELECT * FROM `feature` WHERE ( `feature_no` = 3 )  [ RunTime:0.000139s ]

[ 2017-10-19T18:29:44+08:00 ] 182.140.177.243 /Home/Ajax/getFeatures
INFO: [ app_begin ] --START--
INFO: Run Behavior\ReadHtmlCache [ RunTime:0.000075s ]
INFO: [ app_begin ] --END-- [ RunTime:0.000195s ]
SQL: SHOW COLUMNS FROM `feature` [ RunTime:0.000502s ]
SQL: SELECT * FROM `feature`  [ RunTime:0.000139s ]

[ 2017-10-19T19:00:02+08:00 ] 182.140.184.154 /Home/Ajax/getFeatures
INFO: [ app_begin ] --START--
INFO: Run Behavior\ReadHtmlCache [ RunTime:0.000079s ]
INFO: [ app_begin ] --END-- [ RunTime:0.000140s ]
SQL: SHOW COLUMNS FROM `feature` [ RunTime:0.000476s ]
SQL: SELECT * FROM `feature`  [ RunTime:0.000084s ]

[ 2017-10-19T19:00:03+08:00 ] 182.140.184.154 /Home/Ajax/getFeatures
INFO: [ app_begin ] --START--
INFO: Run Behavior\ReadHtmlCache [ RunTime:0.000050s ]
INFO: [ app_begin ] --END-- [ RunTime:0.000101s ]
SQL: SHOW COLUMNS FROM `feature` [ RunTime:0.000471s ]
SQL: SELECT * FROM `feature`  [ RunTime:0.000132s ]

[ 2017-10-19T19:35:58+08:00 ] 182.140.177.243 /Home/Ajax/getFeatures
INFO: [ app_begin ] --START--
INFO: Run Behavior\ReadHtmlCache [ RunTime:0.000054s ]
INFO: [ app_begin ] --END-- [ RunTime:0.000115s ]
SQL: SHOW COLUMNS FROM `feature` [ RunTime:0.000564s ]
SQL: SELECT * FROM `feature`  [ RunTime:0.000084s ]

[ 2017-10-19T19:36:47+08:00 ] 182.140.177.243 /Home/Ajax/getFeatures
INFO: [ app_begin ] --START--
INFO: Run Behavior\ReadHtmlCache [ RunTime:0.000052s ]
INFO: [ app_begin ] --END-- [ RunTime:0.000114s ]
SQL: SHOW COLUMNS FROM `feature` [ RunTime:0.000485s ]
SQL: SELECT * FROM `feature`  [ RunTime:0.000105s ]

[ 2017-10-19T19:45:06+08:00 ] 182.140.177.243 /Home/Ajax/getFeatures
INFO: [ app_begin ] --START--
INFO: Run Behavior\ReadHtmlCache [ RunTime:0.000060s ]
INFO: [ app_begin ] --END-- [ RunTime:0.000132s ]
SQL: SHOW COLUMNS FROM `feature` [ RunTime:0.000479s ]
SQL: SELECT * FROM `feature`  [ RunTime:0.000087s ]

[ 2017-10-19T19:46:54+08:00 ] 125.64.220.15 /Home/Ajax/getFeatures
INFO: [ app_begin ] --START--
INFO: Run Behavior\ReadHtmlCache [ RunTime:0.000047s ]
INFO: [ app_begin ] --END-- [ RunTime:0.000096s ]
SQL: SHOW COLUMNS FROM `feature` [ RunTime:0.000506s ]
SQL: SELECT * FROM `feature`  [ RunTime:0.000080s ]

[ 2017-10-19T19:46:58+08:00 ] 125.64.220.15 /Home/Ajax/getFeatures
INFO: [ app_begin ] --START--
INFO: Run Behavior\ReadHtmlCache [ RunTime:0.000049s ]
INFO: [ app_begin ] --END-- [ RunTime:0.000110s ]
SQL: SHOW COLUMNS FROM `feature` [ RunTime:0.000520s ]
SQL: SELECT * FROM `feature`  [ RunTime:0.000098s ]

[ 2017-10-19T19:47:00+08:00 ] 125.64.220.15 /Home/Ajax/getFeatures
INFO: [ app_begin ] --START--
INFO: Run Behavior\ReadHtmlCache [ RunTime:0.000050s ]
INFO: [ app_begin ] --END-- [ RunTime:0.000104s ]
SQL: SHOW COLUMNS FROM `feature` [ RunTime:0.000490s ]
SQL: SELECT * FROM `feature`  [ RunTime:0.000109s ]

[ 2017-10-19T19:47:05+08:00 ] 125.64.220.15 /Home/Ajax/getFeatures
INFO: [ app_begin ] --START--
INFO: Run Behavior\ReadHtmlCache [ RunTime:0.000051s ]
INFO: [ app_begin ] --END-- [ RunTime:0.000107s ]
SQL: SHOW COLUMNS FROM `feature` [ RunTime:0.000488s ]
SQL: SELECT * FROM `feature`  [ RunTime:0.000082s ]

[ 2017-10-19T19:47:09+08:00 ] 125.64.220.15 /Home/Ajax/getFeatures
INFO: [ app_begin ] --START--
INFO: Run Behavior\ReadHtmlCache [ RunTime:0.000078s ]
INFO: [ app_begin ] --END-- [ RunTime:0.000153s ]
SQL: SHOW COLUMNS FROM `feature` [ RunTime:0.000493s ]
SQL: SELECT * FROM `feature`  [ RunTime:0.000082s ]

[ 2017-10-19T19:47:12+08:00 ] 125.64.220.15 /Home/Ajax/getFeatures
INFO: [ app_begin ] --START--
INFO: Run Behavior\ReadHtmlCache [ RunTime:0.000048s ]
INFO: [ app_begin ] --END-- [ RunTime:0.000096s ]
SQL: SHOW COLUMNS FROM `feature` [ RunTime:0.000458s ]
SQL: SELECT * FROM `feature`  [ RunTime:0.000103s ]

[ 2017-10-19T19:47:14+08:00 ] 125.64.220.15 /Home/Ajax/getFeatures
INFO: [ app_begin ] --START--
INFO: Run Behavior\ReadHtmlCache [ RunTime:0.000047s ]
INFO: [ app_begin ] --END-- [ RunTime:0.000097s ]
SQL: SHOW COLUMNS FROM `feature` [ RunTime:0.000447s ]
SQL: SELECT * FROM `feature`  [ RunTime:0.000099s ]

[ 2017-10-19T19:47:17+08:00 ] 125.64.220.15 /Home/Ajax/getFeatures
INFO: [ app_begin ] --START--
INFO: Run Behavior\ReadHtmlCache [ RunTime:0.000048s ]
INFO: [ app_begin ] --END-- [ RunTime:0.000096s ]
SQL: SHOW COLUMNS FROM `feature` [ RunTime:0.000505s ]
SQL: SELECT * FROM `feature`  [ RunTime:0.000080s ]

[ 2017-10-19T19:51:48+08:00 ] 182.131.11.53 /Home/Ajax/getFeatures
INFO: [ app_begin ] --START--
INFO: Run Behavior\ReadHtmlCache [ RunTime:0.000049s ]
INFO: [ app_begin ] --END-- [ RunTime:0.000098s ]
SQL: SHOW COLUMNS FROM `feature` [ RunTime:0.000469s ]
SQL: SELECT * FROM `feature`  [ RunTime:0.000079s ]

[ 2017-10-19T22:19:48+08:00 ] 182.140.177.243 /Home/Ajax/getFeatures
INFO: [ app_begin ] --START--
INFO: Run Behavior\ReadHtmlCache [ RunTime:0.000049s ]
INFO: [ app_begin ] --END-- [ RunTime:0.000101s ]
SQL: SHOW COLUMNS FROM `feature` [ RunTime:0.000480s ]
SQL: SELECT * FROM `feature`  [ RunTime:0.000080s ]

[ 2017-10-19T22:41:27+08:00 ] 182.131.11.53 /Home/Ajax/getFeatures
INFO: [ app_begin ] --START--
INFO: Run Behavior\ReadHtmlCache [ RunTime:0.000054s ]
INFO: [ app_begin ] --END-- [ RunTime:0.000111s ]
SQL: SHOW COLUMNS FROM `feature` [ RunTime:0.000517s ]
SQL: SELECT * FROM `feature`  [ RunTime:0.000081s ]

[ 2017-10-19T22:47:48+08:00 ] 182.140.177.243 /Home/Ajax/getFeatures
INFO: [ app_begin ] --START--
INFO: Run Behavior\ReadHtmlCache [ RunTime:0.000049s ]
INFO: [ app_begin ] --END-- [ RunTime:0.000102s ]
SQL: SHOW COLUMNS FROM `feature` [ RunTime:0.000493s ]
SQL: SELECT * FROM `feature`  [ RunTime:0.000096s ]

[ 2017-10-19T22:47:50+08:00 ] 182.140.177.243 /Home/Ajax/getFeatures
INFO: [ app_begin ] --START--
INFO: Run Behavior\ReadHtmlCache [ RunTime:0.000065s ]
INFO: [ app_begin ] --END-- [ RunTime:0.000131s ]
SQL: SHOW COLUMNS FROM `feature` [ RunTime:0.000466s ]
SQL: SELECT * FROM `feature` WHERE ( `feature_no` = 3 )  [ RunTime:0.000082s ]

[ 2017-10-19T22:47:51+08:00 ] 182.140.177.243 /Home/Ajax/getFeatures
INFO: [ app_begin ] --START--
INFO: Run Behavior\ReadHtmlCache [ RunTime:0.000048s ]
INFO: [ app_begin ] --END-- [ RunTime:0.000095s ]
SQL: SHOW COLUMNS FROM `feature` [ RunTime:0.000460s ]
SQL: SELECT * FROM `feature`  [ RunTime:0.000102s ]

[ 2017-10-19T22:47:58+08:00 ] 182.140.177.243 /Home/Ajax/getFeatures
INFO: [ app_begin ] --START--
INFO: Run Behavior\ReadHtmlCache [ RunTime:0.000087s ]
INFO: [ app_begin ] --END-- [ RunTime:0.000173s ]
SQL: SHOW COLUMNS FROM `feature` [ RunTime:0.000610s ]
SQL: SELECT * FROM `feature` WHERE ( `feature_no` = 6 )  [ RunTime:0.000100s ]

[ 2017-10-19T22:48:00+08:00 ] 182.140.177.243 /Home/Ajax/getFeatures
INFO: [ app_begin ] --START--
INFO: Run Behavior\ReadHtmlCache [ RunTime:0.000058s ]
INFO: [ app_begin ] --END-- [ RunTime:0.000116s ]
SQL: SHOW COLUMNS FROM `feature` [ RunTime:0.000478s ]
SQL: SELECT * FROM `feature`  [ RunTime:0.000079s ]

[ 2017-10-19T22:48:02+08:00 ] 182.140.177.243 /Home/Ajax/getFeatures
INFO: [ app_begin ] --START--
INFO: Run Behavior\ReadHtmlCache [ RunTime:0.000052s ]
INFO: [ app_begin ] --END-- [ RunTime:0.000108s ]
SQL: SHOW COLUMNS FROM `feature` [ RunTime:0.000472s ]
SQL: SELECT * FROM `feature` WHERE ( `feature_no` = 4 )  [ RunTime:0.000083s ]

[ 2017-10-19T22:48:03+08:00 ] 182.140.177.243 /Home/Ajax/getFeatures
INFO: [ app_begin ] --START--
INFO: Run Behavior\ReadHtmlCache [ RunTime:0.000049s ]
INFO: [ app_begin ] --END-- [ RunTime:0.000100s ]
SQL: SHOW COLUMNS FROM `feature` [ RunTime:0.000477s ]
SQL: SELECT * FROM `feature`  [ RunTime:0.000082s ]

[ 2017-10-19T22:48:04+08:00 ] 182.140.177.243 /Home/Ajax/getFeatures
INFO: [ app_begin ] --START--
INFO: Run Behavior\ReadHtmlCache [ RunTime:0.000054s ]
INFO: [ app_begin ] --END-- [ RunTime:0.000120s ]
SQL: SHOW COLUMNS FROM `feature` [ RunTime:0.000512s ]
SQL: SELECT * FROM `feature` WHERE ( `feature_no` = 1 )  [ RunTime:0.000093s ]

[ 2017-10-19T22:48:06+08:00 ] 182.140.177.243 /Home/Ajax/getFeatures
INFO: [ app_begin ] --START--
INFO: Run Behavior\ReadHtmlCache [ RunTime:0.000061s ]
INFO: [ app_begin ] --END-- [ RunTime:0.000118s ]
SQL: SHOW COLUMNS FROM `feature` [ RunTime:0.000465s ]
SQL: SELECT * FROM `feature`  [ RunTime:0.000080s ]

[ 2017-10-19T23:05:33+08:00 ] 182.140.177.243 /Home/Ajax/getFeatures
INFO: [ app_begin ] --START--
INFO: Run Behavior\ReadHtmlCache [ RunTime:0.000083s ]
INFO: [ app_begin ] --END-- [ RunTime:0.000164s ]
SQL: SHOW COLUMNS FROM `feature` [ RunTime:0.000668s ]
SQL: SELECT * FROM `feature`  [ RunTime:0.000113s ]

[ 2017-10-19T23:07:41+08:00 ] 182.131.11.53 /Home/Ajax/getFeatures
INFO: [ app_begin ] --START--
INFO: Run Behavior\ReadHtmlCache [ RunTime:0.000049s ]
INFO: [ app_begin ] --END-- [ RunTime:0.000100s ]
SQL: SHOW COLUMNS FROM `feature` [ RunTime:0.000493s ]
SQL: SELECT * FROM `feature`  [ RunTime:0.000085s ]

[ 2017-10-19T23:13:29+08:00 ] 182.140.177.243 /Home/Ajax/getFeatures
INFO: [ app_begin ] --START--
INFO: Run Behavior\ReadHtmlCache [ RunTime:0.000053s ]
INFO: [ app_begin ] --END-- [ RunTime:0.000109s ]
SQL: SHOW COLUMNS FROM `feature` [ RunTime:0.000490s ]
SQL: SELECT * FROM `feature`  [ RunTime:0.000091s ]

[ 2017-10-19T23:13:36+08:00 ] 182.140.177.243 /Home/Ajax/getFeatures
INFO: [ app_begin ] --START--
INFO: Run Behavior\ReadHtmlCache [ RunTime:0.000048s ]
INFO: [ app_begin ] --END-- [ RunTime:0.000095s ]
SQL: SHOW COLUMNS FROM `feature` [ RunTime:0.000519s ]
SQL: SELECT * FROM `feature`  [ RunTime:0.000081s ]

[ 2017-10-19T23:43:14+08:00 ] 182.140.177.243 /Home/Ajax/getFeatures
INFO: [ app_begin ] --START--
INFO: Run Behavior\ReadHtmlCache [ RunTime:0.000047s ]
INFO: [ app_begin ] --END-- [ RunTime:0.000096s ]
SQL: SHOW COLUMNS FROM `feature` [ RunTime:0.000487s ]
SQL: SELECT * FROM `feature`  [ RunTime:0.000079s ]

[ 2017-10-19T23:43:25+08:00 ] 182.140.177.243 /Home/Ajax/getFeatures
INFO: [ app_begin ] --START--
INFO: Run Behavior\ReadHtmlCache [ RunTime:0.000049s ]
INFO: [ app_begin ] --END-- [ RunTime:0.000100s ]
SQL: SHOW COLUMNS FROM `feature` [ RunTime:0.000513s ]
SQL: SELECT * FROM `feature`  [ RunTime:0.000103s ]

[ 2017-10-19T23:43:28+08:00 ] 182.140.177.243 /Home/Ajax/getFeatures
INFO: [ app_begin ] --START--
INFO: Run Behavior\ReadHtmlCache [ RunTime:0.000070s ]
INFO: [ app_begin ] --END-- [ RunTime:0.000129s ]
SQL: SHOW COLUMNS FROM `feature` [ RunTime:0.000444s ]
SQL: SELECT * FROM `feature`  [ RunTime:0.000078s ]

